Starting GPU BLIS W2 Torch classifier run for PEMS04
Date: Wed Jul  8 02:26:59 MDT 2026
Working directory: /bsuscratch/desmondboateng/blis
Python: /bsuhome/desmondboateng/miniforge3/envs/blis/bin/python
CUDA_VISIBLE_DEVICES: 0
==========================================================================================
BLIS MOMENTS FROM new_class.py + TORCH CLASSIFICATION
SVC intentionally left out for now
==========================================================================================
Device: cuda
GPU: Tesla V100-PCIE-16GB
==========================================================================================
DATASET: PEMS04
==========================================================================================
A shape: (307, 307)
X shape: (16992, 307, 3)
Saving scattering moments to: data/traffic/PEMS04/processed/blis/W2/largest_scale_4
A shape: (307, 307)
X shape: (16992, 307, 3)
T: 16992
n_nodes: 307
n_features: 3
================================================================================
Computing layer_1
================================================================================
Skipping layer_1; moment files already exist.
================================================================================
Computing layer_2
================================================================================
Skipping layer_2; moment files already exist.
================================================================================
Computing layer_3
================================================================================
Skipping layer_3; moment files already exist.
Finished saving scattering moments.
Loading: data/traffic/PEMS04/processed/blis/W2/largest_scale_4/layer_1/moment_1.npy
Loading: data/traffic/PEMS04/processed/blis/W2/largest_scale_4/layer_2/moment_1.npy
Loading: data/traffic/PEMS04/processed/blis/W2/largest_scale_4/layer_3/moment_1.npy
X_features shape: (16992, 5652)
------------------------------------------------------------------------------------------
TASK: HOUR
------------------------------------------------------------------------------------------
y shape: (16992,)
classes: [ 0  1  2  3  4  5  6  7  8  9 10 11 12 13 14 15 16 17 18 19 20 21 22 23]
------------------------------------------------------------------------------------------
MODEL: LR
------------------------------------------------------------------------------------------
Seed: 42
PCA components: 1
Manual Torch grid search for LR
Number of settings: 3
params={'C': 0.1, 'lr': 0.001, 'weight_decay': 10.0}, cv_accuracy=0.061484
params={'C': 1.0, 'lr': 0.001, 'weight_decay': 1.0}, cv_accuracy=0.085232
params={'C': 10.0, 'lr': 0.001, 'weight_decay': 0.1}, cv_accuracy=0.088001
Best params: {'C': 10.0, 'lr': 0.001, 'weight_decay': 0.1}
Best CV accuracy: 0.088001
Epoch 1, loss = 3.409467
Epoch 50, loss = 2.971076
Epoch 100, loss = 2.957039
accuracy = 0.081601
balanced_accuracy = 0.085026
macro_f1 = 0.019728
weighted_f1 = 0.019658
macro_precision = 0.018925
macro_recall = 0.085026
n_pca = 1
best_cv_accuracy = 0.0880013483230735
best_params = {'C': 10.0, 'lr': 0.001, 'weight_decay': 0.1}
Seed: 43
PCA components: 1
Manual Torch grid search for LR
Number of settings: 3
params={'C': 0.1, 'lr': 0.001, 'weight_decay': 10.0}, cv_accuracy=0.065014
params={'C': 1.0, 'lr': 0.001, 'weight_decay': 1.0}, cv_accuracy=0.087101
params={'C': 10.0, 'lr': 0.001, 'weight_decay': 0.1}, cv_accuracy=0.087863
Best params: {'C': 10.0, 'lr': 0.001, 'weight_decay': 0.1}
Best CV accuracy: 0.087863
Epoch 1, loss = 3.390308
Epoch 50, loss = 2.980203
Epoch 100, loss = 2.957354
accuracy = 0.078070
balanced_accuracy = 0.084291
macro_f1 = 0.014377
weighted_f1 = 0.013300
macro_precision = 0.011847
macro_recall = 0.084291
n_pca = 1
best_cv_accuracy = 0.08786267640116811
best_params = {'C': 10.0, 'lr': 0.001, 'weight_decay': 0.1}
Seed: 44
PCA components: 1
Manual Torch grid search for LR
Number of settings: 3
params={'C': 0.1, 'lr': 0.001, 'weight_decay': 10.0}, cv_accuracy=0.060928
params={'C': 1.0, 'lr': 0.001, 'weight_decay': 1.0}, cv_accuracy=0.088555
params={'C': 10.0, 'lr': 0.001, 'weight_decay': 0.1}, cv_accuracy=0.086339
Best params: {'C': 1.0, 'lr': 0.001, 'weight_decay': 1.0}
Best CV accuracy: 0.088555
Epoch 1, loss = 3.450999
Epoch 50, loss = 3.144110
Epoch 100, loss = 3.143581
accuracy = 0.079639
balanced_accuracy = 0.083333
macro_f1 = 0.012652
weighted_f1 = 0.012043
macro_precision = 0.006849
macro_recall = 0.083333
n_pca = 1
best_cv_accuracy = 0.08855541764580432
best_params = {'C': 1.0, 'lr': 0.001, 'weight_decay': 1.0}
Seed: 45
PCA components: 1
Manual Torch grid search for LR
Number of settings: 3
params={'C': 0.1, 'lr': 0.001, 'weight_decay': 10.0}, cv_accuracy=0.049713
params={'C': 1.0, 'lr': 0.001, 'weight_decay': 1.0}, cv_accuracy=0.091186
params={'C': 10.0, 'lr': 0.001, 'weight_decay': 0.1}, cv_accuracy=0.093402
Best params: {'C': 10.0, 'lr': 0.001, 'weight_decay': 0.1}
Best CV accuracy: 0.093402
Epoch 1, loss = 3.563512
Epoch 50, loss = 3.006438
Epoch 100, loss = 2.957616
accuracy = 0.084739
balanced_accuracy = 0.087883
macro_f1 = 0.019272
weighted_f1 = 0.018187
macro_precision = 0.013926
macro_recall = 0.087883
n_pca = 1
best_cv_accuracy = 0.09340196033174845
best_params = {'C': 10.0, 'lr': 0.001, 'weight_decay': 0.1}
Seed: 56
PCA components: 1
Manual Torch grid search for LR
Number of settings: 3
params={'C': 0.1, 'lr': 0.001, 'weight_decay': 10.0}, cv_accuracy=0.068751
params={'C': 1.0, 'lr': 0.001, 'weight_decay': 1.0}, cv_accuracy=0.105519
params={'C': 10.0, 'lr': 0.001, 'weight_decay': 0.1}, cv_accuracy=0.087863
Best params: {'C': 1.0, 'lr': 0.001, 'weight_decay': 1.0}
Best CV accuracy: 0.105519
Epoch 1, loss = 3.441475
Epoch 50, loss = 3.153113
Epoch 100, loss = 3.143625
accuracy = 0.083954
balanced_accuracy = 0.083333
macro_f1 = 0.013398
weighted_f1 = 0.013598
macro_precision = 0.007297
macro_recall = 0.083333
n_pca = 1
best_cv_accuracy = 0.10551887788918413
best_params = {'C': 1.0, 'lr': 0.001, 'weight_decay': 1.0}
------------------------------------------------------------------------------------------
MODEL: MLP
------------------------------------------------------------------------------------------
Seed: 42
PCA components: 1
Manual Torch grid search for MLP
Number of settings: 3
params={'hidden_layer_sizes': (0, 0), 'activation': 'relu', 'alpha': 0.01, 'lr': 0.001, 'weight_decay': 0.01}, cv_accuracy=0.042789
params={'hidden_layer_sizes': (0, 0, 0), 'activation': 'relu', 'alpha': 0.01, 'lr': 0.001, 'weight_decay': 0.01}, cv_accuracy=0.042789
params={'hidden_layer_sizes': (150, 50), 'activation': 'relu', 'alpha': 0.01, 'lr': 0.001, 'weight_decay': 0.01}, cv_accuracy=0.240394
Best params: {'hidden_layer_sizes': (150, 50), 'activation': 'relu', 'alpha': 0.01, 'lr': 0.001, 'weight_decay': 0.01}
Best CV accuracy: 0.240394
Epoch 1, loss = 3.015926
Epoch 50, loss = 2.136760
Epoch 100, loss = 2.128688
accuracy = 0.245979
balanced_accuracy = 0.247725
macro_f1 = 0.164316
weighted_f1 = 0.164327
macro_precision = 0.141658
macro_recall = 0.247725
n_pca = 1
best_cv_accuracy = 0.24039395308163583
best_params = {'hidden_layer_sizes': (150, 50), 'activation': 'relu', 'alpha': 0.01, 'lr': 0.001, 'weight_decay': 0.01}
Seed: 43
PCA components: 1
Manual Torch grid search for MLP
Number of settings: 3
params={'hidden_layer_sizes': (0, 0), 'activation': 'relu', 'alpha': 0.01, 'lr': 0.001, 'weight_decay': 0.01}, cv_accuracy=0.042997
params={'hidden_layer_sizes': (0, 0, 0), 'activation': 'relu', 'alpha': 0.01, 'lr': 0.001, 'weight_decay': 0.01}, cv_accuracy=0.042997
params={'hidden_layer_sizes': (150, 50), 'activation': 'relu', 'alpha': 0.01, 'lr': 0.001, 'weight_decay': 0.01}, cv_accuracy=0.243579
Best params: {'hidden_layer_sizes': (150, 50), 'activation': 'relu', 'alpha': 0.01, 'lr': 0.001, 'weight_decay': 0.01}
Best CV accuracy: 0.243579
Epoch 1, loss = 2.995753
Epoch 50, loss = 2.125413
Epoch 100, loss = 2.121951
accuracy = 0.251863
balanced_accuracy = 0.262460
macro_f1 = 0.178384
weighted_f1 = 0.172525
macro_precision = 0.149234
macro_recall = 0.262460
n_pca = 1
best_cv_accuracy = 0.24357874797791088
best_params = {'hidden_layer_sizes': (150, 50), 'activation': 'relu', 'alpha': 0.01, 'lr': 0.001, 'weight_decay': 0.01}
Seed: 44
PCA components: 1
Manual Torch grid search for MLP
Number of settings: 3
params={'hidden_layer_sizes': (0, 0), 'activation': 'relu', 'alpha': 0.01, 'lr': 0.001, 'weight_decay': 0.01}, cv_accuracy=0.042858
params={'hidden_layer_sizes': (0, 0, 0), 'activation': 'relu', 'alpha': 0.01, 'lr': 0.001, 'weight_decay': 0.01}, cv_accuracy=0.042858
params={'hidden_layer_sizes': (150, 50), 'activation': 'relu', 'alpha': 0.01, 'lr': 0.001, 'weight_decay': 0.01}, cv_accuracy=0.248148
Best params: {'hidden_layer_sizes': (150, 50), 'activation': 'relu', 'alpha': 0.01, 'lr': 0.001, 'weight_decay': 0.01}
Best CV accuracy: 0.248148
Epoch 1, loss = 3.005579
Epoch 50, loss = 2.134650
Epoch 100, loss = 2.125047
accuracy = 0.262064
balanced_accuracy = 0.259158
macro_f1 = 0.186214
weighted_f1 = 0.189567
macro_precision = 0.160332
macro_recall = 0.259158
n_pca = 1
best_cv_accuracy = 0.24814807624525384
best_params = {'hidden_layer_sizes': (150, 50), 'activation': 'relu', 'alpha': 0.01, 'lr': 0.001, 'weight_decay': 0.01}
Seed: 45
PCA components: 1
Manual Torch grid search for MLP
Number of settings: 3
params={'hidden_layer_sizes': (0, 0), 'activation': 'relu', 'alpha': 0.01, 'lr': 0.001, 'weight_decay': 0.01}, cv_accuracy=0.042789
params={'hidden_layer_sizes': (0, 0, 0), 'activation': 'relu', 'alpha': 0.01, 'lr': 0.001, 'weight_decay': 0.01}, cv_accuracy=0.042789
params={'hidden_layer_sizes': (150, 50), 'activation': 'relu', 'alpha': 0.01, 'lr': 0.001, 'weight_decay': 0.01}, cv_accuracy=0.252718
Best params: {'hidden_layer_sizes': (150, 50), 'activation': 'relu', 'alpha': 0.01, 'lr': 0.001, 'weight_decay': 0.01}
Best CV accuracy: 0.252718
Epoch 1, loss = 2.949236
Epoch 50, loss = 2.129337
Epoch 100, loss = 2.122901
accuracy = 0.244017
balanced_accuracy = 0.243201
macro_f1 = 0.171329
weighted_f1 = 0.172291
macro_precision = 0.147657
macro_recall = 0.243201
n_pca = 1
best_cv_accuracy = 0.25271816668327624
best_params = {'hidden_layer_sizes': (150, 50), 'activation': 'relu', 'alpha': 0.01, 'lr': 0.001, 'weight_decay': 0.01}
Seed: 56
PCA components: 1
Manual Torch grid search for MLP
Number of settings: 3
params={'hidden_layer_sizes': (0, 0), 'activation': 'relu', 'alpha': 0.01, 'lr': 0.001, 'weight_decay': 0.01}, cv_accuracy=0.043481
params={'hidden_layer_sizes': (0, 0, 0), 'activation': 'relu', 'alpha': 0.01, 'lr': 0.001, 'weight_decay': 0.01}, cv_accuracy=0.043481
params={'hidden_layer_sizes': (150, 50), 'activation': 'relu', 'alpha': 0.01, 'lr': 0.001, 'weight_decay': 0.01}, cv_accuracy=0.248632
Best params: {'hidden_layer_sizes': (150, 50), 'activation': 'relu', 'alpha': 0.01, 'lr': 0.001, 'weight_decay': 0.01}
Best CV accuracy: 0.248632
Epoch 1, loss = 2.986637
Epoch 50, loss = 2.131751
Epoch 100, loss = 2.125120
accuracy = 0.238133
balanced_accuracy = 0.242441
macro_f1 = 0.167306
weighted_f1 = 0.167109
macro_precision = 0.142432
macro_recall = 0.242441
n_pca = 1
best_cv_accuracy = 0.24863242852169232
best_params = {'hidden_layer_sizes': (150, 50), 'activation': 'relu', 'alpha': 0.01, 'lr': 0.001, 'weight_decay': 0.01}
------------------------------------------------------------------------------------------
MODEL: XGB
------------------------------------------------------------------------------------------
Seed: 42
PCA components: 1
Manual XGB grid search
Number of settings: 4
[03:19:48] WARNING: /home/conda/feedstock_root/build_artifacts/xgboost-split_1700181168148/work/src/learner.cc:767: 
Parameters: { "device" } are not used.

[03:19:49] WARNING: /home/conda/feedstock_root/build_artifacts/xgboost-split_1700181168148/work/src/learner.cc:767: 
Parameters: { "device" } are not used.

[03:19:50] WARNING: /home/conda/feedstock_root/build_artifacts/xgboost-split_1700181168148/work/src/learner.cc:767: 
Parameters: { "device" } are not used.

params={'n_estimators': 50, 'learning_rate': 0.05, 'max_depth': 6}, cv_accuracy=0.289414
[03:19:50] WARNING: /home/conda/feedstock_root/build_artifacts/xgboost-split_1700181168148/work/src/learner.cc:767: 
Parameters: { "device" } are not used.

[03:19:51] WARNING: /home/conda/feedstock_root/build_artifacts/xgboost-split_1700181168148/work/src/learner.cc:767: 
Parameters: { "device" } are not used.

[03:19:52] WARNING: /home/conda/feedstock_root/build_artifacts/xgboost-split_1700181168148/work/src/learner.cc:767: 
Parameters: { "device" } are not used.

params={'n_estimators': 50, 'learning_rate': 0.1, 'max_depth': 6}, cv_accuracy=0.286229
[03:19:52] WARNING: /home/conda/feedstock_root/build_artifacts/xgboost-split_1700181168148/work/src/learner.cc:767: 
Parameters: { "device" } are not used.

[03:19:53] WARNING: /home/conda/feedstock_root/build_artifacts/xgboost-split_1700181168148/work/src/learner.cc:767: 
Parameters: { "device" } are not used.

[03:19:55] WARNING: /home/conda/feedstock_root/build_artifacts/xgboost-split_1700181168148/work/src/learner.cc:767: 
Parameters: { "device" } are not used.

params={'n_estimators': 100, 'learning_rate': 0.05, 'max_depth': 6}, cv_accuracy=0.285260
[03:19:56] WARNING: /home/conda/feedstock_root/build_artifacts/xgboost-split_1700181168148/work/src/learner.cc:767: 
Parameters: { "device" } are not used.

[03:19:57] WARNING: /home/conda/feedstock_root/build_artifacts/xgboost-split_1700181168148/work/src/learner.cc:767: 
Parameters: { "device" } are not used.

[03:19:59] WARNING: /home/conda/feedstock_root/build_artifacts/xgboost-split_1700181168148/work/src/learner.cc:767: 
Parameters: { "device" } are not used.

params={'n_estimators': 100, 'learning_rate': 0.1, 'max_depth': 6}, cv_accuracy=0.284221
Best params: {'n_estimators': 50, 'learning_rate': 0.05, 'max_depth': 6}
Best CV accuracy: 0.289414
[03:20:00] WARNING: /home/conda/feedstock_root/build_artifacts/xgboost-split_1700181168148/work/src/learner.cc:767: 
Parameters: { "device" } are not used.

accuracy = 0.311887
balanced_accuracy = 0.308089
macro_f1 = 0.258400
weighted_f1 = 0.261391
macro_precision = 0.250644
macro_recall = 0.308089
n_pca = 1
best_cv_accuracy = 0.2894138375394369
best_params = {'n_estimators': 50, 'learning_rate': 0.05, 'max_depth': 6}
Seed: 43
PCA components: 1
Manual XGB grid search
Number of settings: 4
[03:24:32] WARNING: /home/conda/feedstock_root/build_artifacts/xgboost-split_1700181168148/work/src/learner.cc:767: 
Parameters: { "device" } are not used.

[03:24:33] WARNING: /home/conda/feedstock_root/build_artifacts/xgboost-split_1700181168148/work/src/learner.cc:767: 
Parameters: { "device" } are not used.

[03:24:33] WARNING: /home/conda/feedstock_root/build_artifacts/xgboost-split_1700181168148/work/src/learner.cc:767: 
Parameters: { "device" } are not used.

params={'n_estimators': 50, 'learning_rate': 0.05, 'max_depth': 6}, cv_accuracy=0.289345
[03:24:34] WARNING: /home/conda/feedstock_root/build_artifacts/xgboost-split_1700181168148/work/src/learner.cc:767: 
Parameters: { "device" } are not used.

[03:24:35] WARNING: /home/conda/feedstock_root/build_artifacts/xgboost-split_1700181168148/work/src/learner.cc:767: 
Parameters: { "device" } are not used.

[03:24:35] WARNING: /home/conda/feedstock_root/build_artifacts/xgboost-split_1700181168148/work/src/learner.cc:767: 
Parameters: { "device" } are not used.

params={'n_estimators': 50, 'learning_rate': 0.1, 'max_depth': 6}, cv_accuracy=0.286575
[03:24:36] WARNING: /home/conda/feedstock_root/build_artifacts/xgboost-split_1700181168148/work/src/learner.cc:767: 
Parameters: { "device" } are not used.

[03:24:37] WARNING: /home/conda/feedstock_root/build_artifacts/xgboost-split_1700181168148/work/src/learner.cc:767: 
Parameters: { "device" } are not used.

[03:24:39] WARNING: /home/conda/feedstock_root/build_artifacts/xgboost-split_1700181168148/work/src/learner.cc:767: 
Parameters: { "device" } are not used.

params={'n_estimators': 100, 'learning_rate': 0.05, 'max_depth': 6}, cv_accuracy=0.287129
[03:24:40] WARNING: /home/conda/feedstock_root/build_artifacts/xgboost-split_1700181168148/work/src/learner.cc:767: 
Parameters: { "device" } are not used.

[03:24:41] WARNING: /home/conda/feedstock_root/build_artifacts/xgboost-split_1700181168148/work/src/learner.cc:767: 
Parameters: { "device" } are not used.

[03:24:42] WARNING: /home/conda/feedstock_root/build_artifacts/xgboost-split_1700181168148/work/src/learner.cc:767: 
Parameters: { "device" } are not used.

params={'n_estimators': 100, 'learning_rate': 0.1, 'max_depth': 6}, cv_accuracy=0.283460
Best params: {'n_estimators': 50, 'learning_rate': 0.05, 'max_depth': 6}
Best CV accuracy: 0.289345
[03:24:44] WARNING: /home/conda/feedstock_root/build_artifacts/xgboost-split_1700181168148/work/src/learner.cc:767: 
Parameters: { "device" } are not used.

accuracy = 0.307964
balanced_accuracy = 0.309547
macro_f1 = 0.257295
weighted_f1 = 0.256785
macro_precision = 0.250820
macro_recall = 0.309547
n_pca = 1
best_cv_accuracy = 0.28934455191051023
best_params = {'n_estimators': 50, 'learning_rate': 0.05, 'max_depth': 6}
Seed: 44
PCA components: 1
Manual XGB grid search
Number of settings: 4
[03:29:17] WARNING: /home/conda/feedstock_root/build_artifacts/xgboost-split_1700181168148/work/src/learner.cc:767: 
Parameters: { "device" } are not used.

[03:29:18] WARNING: /home/conda/feedstock_root/build_artifacts/xgboost-split_1700181168148/work/src/learner.cc:767: 
Parameters: { "device" } are not used.

[03:29:18] WARNING: /home/conda/feedstock_root/build_artifacts/xgboost-split_1700181168148/work/src/learner.cc:767: 
Parameters: { "device" } are not used.

params={'n_estimators': 50, 'learning_rate': 0.05, 'max_depth': 6}, cv_accuracy=0.294745
[03:29:19] WARNING: /home/conda/feedstock_root/build_artifacts/xgboost-split_1700181168148/work/src/learner.cc:767: 
Parameters: { "device" } are not used.

[03:29:20] WARNING: /home/conda/feedstock_root/build_artifacts/xgboost-split_1700181168148/work/src/learner.cc:767: 
Parameters: { "device" } are not used.

[03:29:20] WARNING: /home/conda/feedstock_root/build_artifacts/xgboost-split_1700181168148/work/src/learner.cc:767: 
Parameters: { "device" } are not used.

params={'n_estimators': 50, 'learning_rate': 0.1, 'max_depth': 6}, cv_accuracy=0.290383
[03:29:21] WARNING: /home/conda/feedstock_root/build_artifacts/xgboost-split_1700181168148/work/src/learner.cc:767: 
Parameters: { "device" } are not used.

[03:29:22] WARNING: /home/conda/feedstock_root/build_artifacts/xgboost-split_1700181168148/work/src/learner.cc:767: 
Parameters: { "device" } are not used.

[03:29:23] WARNING: /home/conda/feedstock_root/build_artifacts/xgboost-split_1700181168148/work/src/learner.cc:767: 
Parameters: { "device" } are not used.

params={'n_estimators': 100, 'learning_rate': 0.05, 'max_depth': 6}, cv_accuracy=0.290452
[03:29:25] WARNING: /home/conda/feedstock_root/build_artifacts/xgboost-split_1700181168148/work/src/learner.cc:767: 
Parameters: { "device" } are not used.

[03:29:26] WARNING: /home/conda/feedstock_root/build_artifacts/xgboost-split_1700181168148/work/src/learner.cc:767: 
Parameters: { "device" } are not used.

[03:29:27] WARNING: /home/conda/feedstock_root/build_artifacts/xgboost-split_1700181168148/work/src/learner.cc:767: 
Parameters: { "device" } are not used.

params={'n_estimators': 100, 'learning_rate': 0.1, 'max_depth': 6}, cv_accuracy=0.288444
Best params: {'n_estimators': 50, 'learning_rate': 0.05, 'max_depth': 6}
Best CV accuracy: 0.294745
[03:29:28] WARNING: /home/conda/feedstock_root/build_artifacts/xgboost-split_1700181168148/work/src/learner.cc:767: 
Parameters: { "device" } are not used.

accuracy = 0.295410
balanced_accuracy = 0.292194
macro_f1 = 0.245940
weighted_f1 = 0.249148
macro_precision = 0.245723
macro_recall = 0.292194
n_pca = 1
best_cv_accuracy = 0.29474533648613144
best_params = {'n_estimators': 50, 'learning_rate': 0.05, 'max_depth': 6}
Seed: 45
PCA components: 1
Manual XGB grid search
Number of settings: 4
[03:34:02] WARNING: /home/conda/feedstock_root/build_artifacts/xgboost-split_1700181168148/work/src/learner.cc:767: 
Parameters: { "device" } are not used.

[03:34:02] WARNING: /home/conda/feedstock_root/build_artifacts/xgboost-split_1700181168148/work/src/learner.cc:767: 
Parameters: { "device" } are not used.

[03:34:03] WARNING: /home/conda/feedstock_root/build_artifacts/xgboost-split_1700181168148/work/src/learner.cc:767: 
Parameters: { "device" } are not used.

params={'n_estimators': 50, 'learning_rate': 0.05, 'max_depth': 6}, cv_accuracy=0.289899
[03:34:03] WARNING: /home/conda/feedstock_root/build_artifacts/xgboost-split_1700181168148/work/src/learner.cc:767: 
Parameters: { "device" } are not used.

[03:34:04] WARNING: /home/conda/feedstock_root/build_artifacts/xgboost-split_1700181168148/work/src/learner.cc:767: 
Parameters: { "device" } are not used.

[03:34:05] WARNING: /home/conda/feedstock_root/build_artifacts/xgboost-split_1700181168148/work/src/learner.cc:767: 
Parameters: { "device" } are not used.

params={'n_estimators': 50, 'learning_rate': 0.1, 'max_depth': 6}, cv_accuracy=0.287960
[03:34:05] WARNING: /home/conda/feedstock_root/build_artifacts/xgboost-split_1700181168148/work/src/learner.cc:767: 
Parameters: { "device" } are not used.

[03:34:07] WARNING: /home/conda/feedstock_root/build_artifacts/xgboost-split_1700181168148/work/src/learner.cc:767: 
Parameters: { "device" } are not used.

[03:34:08] WARNING: /home/conda/feedstock_root/build_artifacts/xgboost-split_1700181168148/work/src/learner.cc:767: 
Parameters: { "device" } are not used.

params={'n_estimators': 100, 'learning_rate': 0.05, 'max_depth': 6}, cv_accuracy=0.288029
[03:34:09] WARNING: /home/conda/feedstock_root/build_artifacts/xgboost-split_1700181168148/work/src/learner.cc:767: 
Parameters: { "device" } are not used.

[03:34:10] WARNING: /home/conda/feedstock_root/build_artifacts/xgboost-split_1700181168148/work/src/learner.cc:767: 
Parameters: { "device" } are not used.

[03:34:12] WARNING: /home/conda/feedstock_root/build_artifacts/xgboost-split_1700181168148/work/src/learner.cc:767: 
Parameters: { "device" } are not used.

params={'n_estimators': 100, 'learning_rate': 0.1, 'max_depth': 6}, cv_accuracy=0.286991
Best params: {'n_estimators': 50, 'learning_rate': 0.05, 'max_depth': 6}
Best CV accuracy: 0.289899
[03:34:13] WARNING: /home/conda/feedstock_root/build_artifacts/xgboost-split_1700181168148/work/src/learner.cc:767: 
Parameters: { "device" } are not used.

accuracy = 0.292664
balanced_accuracy = 0.291870
macro_f1 = 0.237913
weighted_f1 = 0.238932
macro_precision = 0.220081
macro_recall = 0.291870
n_pca = 1
best_cv_accuracy = 0.28989863561381995
best_params = {'n_estimators': 50, 'learning_rate': 0.05, 'max_depth': 6}
Seed: 56
PCA components: 1
Manual XGB grid search
Number of settings: 4
[03:38:46] WARNING: /home/conda/feedstock_root/build_artifacts/xgboost-split_1700181168148/work/src/learner.cc:767: 
Parameters: { "device" } are not used.

[03:38:47] WARNING: /home/conda/feedstock_root/build_artifacts/xgboost-split_1700181168148/work/src/learner.cc:767: 
Parameters: { "device" } are not used.

[03:38:47] WARNING: /home/conda/feedstock_root/build_artifacts/xgboost-split_1700181168148/work/src/learner.cc:767: 
Parameters: { "device" } are not used.

params={'n_estimators': 50, 'learning_rate': 0.05, 'max_depth': 6}, cv_accuracy=0.294191
[03:38:48] WARNING: /home/conda/feedstock_root/build_artifacts/xgboost-split_1700181168148/work/src/learner.cc:767: 
Parameters: { "device" } are not used.

[03:38:49] WARNING: /home/conda/feedstock_root/build_artifacts/xgboost-split_1700181168148/work/src/learner.cc:767: 
Parameters: { "device" } are not used.

[03:38:49] WARNING: /home/conda/feedstock_root/build_artifacts/xgboost-split_1700181168148/work/src/learner.cc:767: 
Parameters: { "device" } are not used.

params={'n_estimators': 50, 'learning_rate': 0.1, 'max_depth': 6}, cv_accuracy=0.291491
[03:38:50] WARNING: /home/conda/feedstock_root/build_artifacts/xgboost-split_1700181168148/work/src/learner.cc:767: 
Parameters: { "device" } are not used.

[03:38:51] WARNING: /home/conda/feedstock_root/build_artifacts/xgboost-split_1700181168148/work/src/learner.cc:767: 
Parameters: { "device" } are not used.

[03:38:52] WARNING: /home/conda/feedstock_root/build_artifacts/xgboost-split_1700181168148/work/src/learner.cc:767: 
Parameters: { "device" } are not used.

params={'n_estimators': 100, 'learning_rate': 0.05, 'max_depth': 6}, cv_accuracy=0.290867
[03:38:54] WARNING: /home/conda/feedstock_root/build_artifacts/xgboost-split_1700181168148/work/src/learner.cc:767: 
Parameters: { "device" } are not used.

[03:38:55] WARNING: /home/conda/feedstock_root/build_artifacts/xgboost-split_1700181168148/work/src/learner.cc:767: 
Parameters: { "device" } are not used.

[03:38:56] WARNING: /home/conda/feedstock_root/build_artifacts/xgboost-split_1700181168148/work/src/learner.cc:767: 
Parameters: { "device" } are not used.

params={'n_estimators': 100, 'learning_rate': 0.1, 'max_depth': 6}, cv_accuracy=0.289760
Best params: {'n_estimators': 50, 'learning_rate': 0.05, 'max_depth': 6}
Best CV accuracy: 0.294191
[03:38:57] WARNING: /home/conda/feedstock_root/build_artifacts/xgboost-split_1700181168148/work/src/learner.cc:767: 
Parameters: { "device" } are not used.

accuracy = 0.295018
balanced_accuracy = 0.290674
macro_f1 = 0.241672
weighted_f1 = 0.246675
macro_precision = 0.244607
macro_recall = 0.290674
n_pca = 1
best_cv_accuracy = 0.29419100831298123
best_params = {'n_estimators': 50, 'learning_rate': 0.05, 'max_depth': 6}
------------------------------------------------------------------------------------------
TASK: DAY
------------------------------------------------------------------------------------------
y shape: (16992,)
classes: [0 1 2 3 4 5 6]
------------------------------------------------------------------------------------------
MODEL: LR
------------------------------------------------------------------------------------------
Seed: 42
PCA components: 1
Manual Torch grid search for LR
Number of settings: 3
params={'C': 0.1, 'lr': 0.001, 'weight_decay': 10.0}, cv_accuracy=0.147615
params={'C': 1.0, 'lr': 0.001, 'weight_decay': 1.0}, cv_accuracy=0.164371
params={'C': 10.0, 'lr': 0.001, 'weight_decay': 0.1}, cv_accuracy=0.166724
Best params: {'C': 10.0, 'lr': 0.001, 'weight_decay': 0.1}
Best CV accuracy: 0.166724
Epoch 1, loss = 2.207844
Epoch 50, loss = 1.937276
Epoch 100, loss = 1.935721
accuracy = 0.170263
balanced_accuracy = 0.168070
macro_f1 = 0.090699
weighted_f1 = 0.092060
macro_precision = 0.071836
macro_recall = 0.168070
n_pca = 1
best_cv_accuracy = 0.16672405955687974
best_params = {'C': 10.0, 'lr': 0.001, 'weight_decay': 0.1}
Seed: 43
PCA components: 1
Manual Torch grid search for LR
Number of settings: 3
params={'C': 0.1, 'lr': 0.001, 'weight_decay': 10.0}, cv_accuracy=0.146714
params={'C': 1.0, 'lr': 0.001, 'weight_decay': 1.0}, cv_accuracy=0.163262
params={'C': 10.0, 'lr': 0.001, 'weight_decay': 0.1}, cv_accuracy=0.168593
Best params: {'C': 10.0, 'lr': 0.001, 'weight_decay': 0.1}
Best CV accuracy: 0.168593
Epoch 1, loss = 2.242374
Epoch 50, loss = 1.936645
Epoch 100, loss = 1.935621
accuracy = 0.180463
balanced_accuracy = 0.172626
macro_f1 = 0.119247
weighted_f1 = 0.124541
macro_precision = 0.099580
macro_recall = 0.172626
n_pca = 1
best_cv_accuracy = 0.16859346290522495
best_params = {'C': 10.0, 'lr': 0.001, 'weight_decay': 0.1}
Seed: 44
PCA components: 1
Manual Torch grid search for LR
Number of settings: 3
params={'C': 0.1, 'lr': 0.001, 'weight_decay': 10.0}, cv_accuracy=0.140483
params={'C': 1.0, 'lr': 0.001, 'weight_decay': 1.0}, cv_accuracy=0.171225
params={'C': 10.0, 'lr': 0.001, 'weight_decay': 0.1}, cv_accuracy=0.171294
Best params: {'C': 10.0, 'lr': 0.001, 'weight_decay': 0.1}
Best CV accuracy: 0.171294
Epoch 1, loss = 2.242271
Epoch 50, loss = 1.936068
Epoch 100, loss = 1.934875
accuracy = 0.162417
balanced_accuracy = 0.160580
macro_f1 = 0.099824
weighted_f1 = 0.100557
macro_precision = 0.083503
macro_recall = 0.160580
n_pca = 1
best_cv_accuracy = 0.17129419313663866
best_params = {'C': 10.0, 'lr': 0.001, 'weight_decay': 0.1}
Seed: 45
PCA components: 1
Manual Torch grid search for LR
Number of settings: 3
params={'C': 0.1, 'lr': 0.001, 'weight_decay': 10.0}, cv_accuracy=0.142007
params={'C': 1.0, 'lr': 0.001, 'weight_decay': 1.0}, cv_accuracy=0.173164
params={'C': 10.0, 'lr': 0.001, 'weight_decay': 0.1}, cv_accuracy=0.170187
Best params: {'C': 1.0, 'lr': 0.001, 'weight_decay': 1.0}
Best CV accuracy: 0.173164
Epoch 1, loss = 2.280036
Epoch 50, loss = 1.944672
Epoch 100, loss = 1.942756
accuracy = 0.152217
balanced_accuracy = 0.157882
macro_f1 = 0.088176
weighted_f1 = 0.085750
macro_precision = 0.081422
macro_recall = 0.157882
n_pca = 1
best_cv_accuracy = 0.17316351020151075
best_params = {'C': 1.0, 'lr': 0.001, 'weight_decay': 1.0}
Seed: 56
PCA components: 1
Manual Torch grid search for LR
Number of settings: 3
params={'C': 0.1, 'lr': 0.001, 'weight_decay': 10.0}, cv_accuracy=0.155924
params={'C': 1.0, 'lr': 0.001, 'weight_decay': 1.0}, cv_accuracy=0.164924
params={'C': 10.0, 'lr': 0.001, 'weight_decay': 0.1}, cv_accuracy=0.168802
Best params: {'C': 10.0, 'lr': 0.001, 'weight_decay': 0.1}
Best CV accuracy: 0.168802
Epoch 1, loss = 2.081578
Epoch 50, loss = 1.935612
Epoch 100, loss = 1.935227
accuracy = 0.174186
balanced_accuracy = 0.165841
macro_f1 = 0.106388
weighted_f1 = 0.112233
macro_precision = 0.095627
macro_recall = 0.165841
n_pca = 1
best_cv_accuracy = 0.16880175120937072
best_params = {'C': 10.0, 'lr': 0.001, 'weight_decay': 0.1}
------------------------------------------------------------------------------------------
MODEL: MLP
------------------------------------------------------------------------------------------
Seed: 42
PCA components: 1
Manual Torch grid search for MLP
Number of settings: 3
params={'hidden_layer_sizes': (0, 0), 'activation': 'relu', 'alpha': 0.01, 'lr': 0.001, 'weight_decay': 0.01}, cv_accuracy=0.151838
params={'hidden_layer_sizes': (0, 0, 0), 'activation': 'relu', 'alpha': 0.01, 'lr': 0.001, 'weight_decay': 0.01}, cv_accuracy=0.151838
params={'hidden_layer_sizes': (150, 50), 'activation': 'relu', 'alpha': 0.01, 'lr': 0.001, 'weight_decay': 0.01}, cv_accuracy=0.172125
Best params: {'hidden_layer_sizes': (150, 50), 'activation': 'relu', 'alpha': 0.01, 'lr': 0.001, 'weight_decay': 0.01}
Best CV accuracy: 0.172125
Epoch 1, loss = 1.937033
Epoch 50, loss = 1.931049
Epoch 100, loss = 1.931133
accuracy = 0.167909
balanced_accuracy = 0.168786
macro_f1 = 0.087609
weighted_f1 = 0.088269
macro_precision = 0.069766
macro_recall = 0.168786
n_pca = 1
best_cv_accuracy = 0.17212487289365863
best_params = {'hidden_layer_sizes': (150, 50), 'activation': 'relu', 'alpha': 0.01, 'lr': 0.001, 'weight_decay': 0.01}
Seed: 43
PCA components: 1
Manual Torch grid search for MLP
Number of settings: 3
params={'hidden_layer_sizes': (0, 0), 'activation': 'relu', 'alpha': 0.01, 'lr': 0.001, 'weight_decay': 0.01}, cv_accuracy=0.153085
params={'hidden_layer_sizes': (0, 0, 0), 'activation': 'relu', 'alpha': 0.01, 'lr': 0.001, 'weight_decay': 0.01}, cv_accuracy=0.153085
params={'hidden_layer_sizes': (150, 50), 'activation': 'relu', 'alpha': 0.01, 'lr': 0.001, 'weight_decay': 0.01}, cv_accuracy=0.171155
Best params: {'hidden_layer_sizes': (150, 50), 'activation': 'relu', 'alpha': 0.01, 'lr': 0.001, 'weight_decay': 0.01}
Best CV accuracy: 0.171155
Epoch 1, loss = 1.935526
Epoch 50, loss = 1.931036
Epoch 100, loss = 1.931417
accuracy = 0.174186
balanced_accuracy = 0.168427
macro_f1 = 0.113698
weighted_f1 = 0.118405
macro_precision = 0.094363
macro_recall = 0.168427
n_pca = 1
best_cv_accuracy = 0.17115539178952355
best_params = {'hidden_layer_sizes': (150, 50), 'activation': 'relu', 'alpha': 0.01, 'lr': 0.001, 'weight_decay': 0.01}
Seed: 44
PCA components: 1
Manual Torch grid search for MLP
Number of settings: 3
params={'hidden_layer_sizes': (0, 0), 'activation': 'relu', 'alpha': 0.01, 'lr': 0.001, 'weight_decay': 0.01}, cv_accuracy=0.153985
params={'hidden_layer_sizes': (0, 0, 0), 'activation': 'relu', 'alpha': 0.01, 'lr': 0.001, 'weight_decay': 0.01}, cv_accuracy=0.153985
params={'hidden_layer_sizes': (150, 50), 'activation': 'relu', 'alpha': 0.01, 'lr': 0.001, 'weight_decay': 0.01}, cv_accuracy=0.173925
Best params: {'hidden_layer_sizes': (150, 50), 'activation': 'relu', 'alpha': 0.01, 'lr': 0.001, 'weight_decay': 0.01}
Best CV accuracy: 0.173925
Epoch 1, loss = 1.936893
Epoch 50, loss = 1.930247
Epoch 100, loss = 1.929952
accuracy = 0.165947
balanced_accuracy = 0.165806
macro_f1 = 0.110268
weighted_f1 = 0.111207
macro_precision = 0.094613
macro_recall = 0.165806
n_pca = 1
best_cv_accuracy = 0.17392494747134057
best_params = {'hidden_layer_sizes': (150, 50), 'activation': 'relu', 'alpha': 0.01, 'lr': 0.001, 'weight_decay': 0.01}
Seed: 45
PCA components: 1
Manual Torch grid search for MLP
Number of settings: 3
params={'hidden_layer_sizes': (0, 0), 'activation': 'relu', 'alpha': 0.01, 'lr': 0.001, 'weight_decay': 0.01}, cv_accuracy=0.152738
params={'hidden_layer_sizes': (0, 0, 0), 'activation': 'relu', 'alpha': 0.01, 'lr': 0.001, 'weight_decay': 0.01}, cv_accuracy=0.152738
params={'hidden_layer_sizes': (150, 50), 'activation': 'relu', 'alpha': 0.01, 'lr': 0.001, 'weight_decay': 0.01}, cv_accuracy=0.173025
Best params: {'hidden_layer_sizes': (150, 50), 'activation': 'relu', 'alpha': 0.01, 'lr': 0.001, 'weight_decay': 0.01}
Best CV accuracy: 0.173025
Epoch 1, loss = 1.938267
Epoch 50, loss = 1.929843
Epoch 100, loss = 1.929504
accuracy = 0.157317
balanced_accuracy = 0.165226
macro_f1 = 0.090907
weighted_f1 = 0.088461
macro_precision = 0.091596
macro_recall = 0.165226
n_pca = 1
best_cv_accuracy = 0.17302535598044413
best_params = {'hidden_layer_sizes': (150, 50), 'activation': 'relu', 'alpha': 0.01, 'lr': 0.001, 'weight_decay': 0.01}
Seed: 56
PCA components: 1
Manual Torch grid search for MLP
Number of settings: 3
params={'hidden_layer_sizes': (0, 0), 'activation': 'relu', 'alpha': 0.01, 'lr': 0.001, 'weight_decay': 0.01}, cv_accuracy=0.152738
params={'hidden_layer_sizes': (0, 0, 0), 'activation': 'relu', 'alpha': 0.01, 'lr': 0.001, 'weight_decay': 0.01}, cv_accuracy=0.152738
params={'hidden_layer_sizes': (150, 50), 'activation': 'relu', 'alpha': 0.01, 'lr': 0.001, 'weight_decay': 0.01}, cv_accuracy=0.171779
Best params: {'hidden_layer_sizes': (150, 50), 'activation': 'relu', 'alpha': 0.01, 'lr': 0.001, 'weight_decay': 0.01}
Best CV accuracy: 0.171779
Epoch 1, loss = 1.939637
Epoch 50, loss = 1.930012
Epoch 100, loss = 1.930225
accuracy = 0.175755
balanced_accuracy = 0.168473
macro_f1 = 0.095401
weighted_f1 = 0.100532
macro_precision = 0.086853
macro_recall = 0.168473
n_pca = 1
best_cv_accuracy = 0.17177897683044277
best_params = {'hidden_layer_sizes': (150, 50), 'activation': 'relu', 'alpha': 0.01, 'lr': 0.001, 'weight_decay': 0.01}
------------------------------------------------------------------------------------------
MODEL: XGB
------------------------------------------------------------------------------------------
Seed: 42
PCA components: 1
Manual XGB grid search
Number of settings: 4
[04:31:26] WARNING: /home/conda/feedstock_root/build_artifacts/xgboost-split_1700181168148/work/src/learner.cc:767: 
Parameters: { "device" } are not used.

[04:31:27] WARNING: /home/conda/feedstock_root/build_artifacts/xgboost-split_1700181168148/work/src/learner.cc:767: 
Parameters: { "device" } are not used.

[04:31:27] WARNING: /home/conda/feedstock_root/build_artifacts/xgboost-split_1700181168148/work/src/learner.cc:767: 
Parameters: { "device" } are not used.

params={'n_estimators': 50, 'learning_rate': 0.05, 'max_depth': 6}, cv_accuracy=0.206467
[04:31:27] WARNING: /home/conda/feedstock_root/build_artifacts/xgboost-split_1700181168148/work/src/learner.cc:767: 
Parameters: { "device" } are not used.

[04:31:27] WARNING: /home/conda/feedstock_root/build_artifacts/xgboost-split_1700181168148/work/src/learner.cc:767: 
Parameters: { "device" } are not used.

[04:31:27] WARNING: /home/conda/feedstock_root/build_artifacts/xgboost-split_1700181168148/work/src/learner.cc:767: 
Parameters: { "device" } are not used.

params={'n_estimators': 50, 'learning_rate': 0.1, 'max_depth': 6}, cv_accuracy=0.203351
[04:31:28] WARNING: /home/conda/feedstock_root/build_artifacts/xgboost-split_1700181168148/work/src/learner.cc:767: 
Parameters: { "device" } are not used.

[04:31:28] WARNING: /home/conda/feedstock_root/build_artifacts/xgboost-split_1700181168148/work/src/learner.cc:767: 
Parameters: { "device" } are not used.

[04:31:28] WARNING: /home/conda/feedstock_root/build_artifacts/xgboost-split_1700181168148/work/src/learner.cc:767: 
Parameters: { "device" } are not used.

params={'n_estimators': 100, 'learning_rate': 0.05, 'max_depth': 6}, cv_accuracy=0.203628
[04:31:29] WARNING: /home/conda/feedstock_root/build_artifacts/xgboost-split_1700181168148/work/src/learner.cc:767: 
Parameters: { "device" } are not used.

[04:31:29] WARNING: /home/conda/feedstock_root/build_artifacts/xgboost-split_1700181168148/work/src/learner.cc:767: 
Parameters: { "device" } are not used.

[04:31:30] WARNING: /home/conda/feedstock_root/build_artifacts/xgboost-split_1700181168148/work/src/learner.cc:767: 
Parameters: { "device" } are not used.

params={'n_estimators': 100, 'learning_rate': 0.1, 'max_depth': 6}, cv_accuracy=0.198158
Best params: {'n_estimators': 50, 'learning_rate': 0.05, 'max_depth': 6}
Best CV accuracy: 0.206467
[04:31:30] WARNING: /home/conda/feedstock_root/build_artifacts/xgboost-split_1700181168148/work/src/learner.cc:767: 
Parameters: { "device" } are not used.

accuracy = 0.214986
balanced_accuracy = 0.219142
macro_f1 = 0.206826
weighted_f1 = 0.205305
macro_precision = 0.220518
macro_recall = 0.219142
n_pca = 1
best_cv_accuracy = 0.20646650051345858
best_params = {'n_estimators': 50, 'learning_rate': 0.05, 'max_depth': 6}
Seed: 43
PCA components: 1
Manual XGB grid search
Number of settings: 4
[04:36:02] WARNING: /home/conda/feedstock_root/build_artifacts/xgboost-split_1700181168148/work/src/learner.cc:767: 
Parameters: { "device" } are not used.

[04:36:02] WARNING: /home/conda/feedstock_root/build_artifacts/xgboost-split_1700181168148/work/src/learner.cc:767: 
Parameters: { "device" } are not used.

[04:36:02] WARNING: /home/conda/feedstock_root/build_artifacts/xgboost-split_1700181168148/work/src/learner.cc:767: 
Parameters: { "device" } are not used.

params={'n_estimators': 50, 'learning_rate': 0.05, 'max_depth': 6}, cv_accuracy=0.208060
[04:36:02] WARNING: /home/conda/feedstock_root/build_artifacts/xgboost-split_1700181168148/work/src/learner.cc:767: 
Parameters: { "device" } are not used.

[04:36:03] WARNING: /home/conda/feedstock_root/build_artifacts/xgboost-split_1700181168148/work/src/learner.cc:767: 
Parameters: { "device" } are not used.

[04:36:03] WARNING: /home/conda/feedstock_root/build_artifacts/xgboost-split_1700181168148/work/src/learner.cc:767: 
Parameters: { "device" } are not used.

params={'n_estimators': 50, 'learning_rate': 0.1, 'max_depth': 6}, cv_accuracy=0.205567
[04:36:03] WARNING: /home/conda/feedstock_root/build_artifacts/xgboost-split_1700181168148/work/src/learner.cc:767: 
Parameters: { "device" } are not used.

[04:36:03] WARNING: /home/conda/feedstock_root/build_artifacts/xgboost-split_1700181168148/work/src/learner.cc:767: 
Parameters: { "device" } are not used.

[04:36:04] WARNING: /home/conda/feedstock_root/build_artifacts/xgboost-split_1700181168148/work/src/learner.cc:767: 
Parameters: { "device" } are not used.

params={'n_estimators': 100, 'learning_rate': 0.05, 'max_depth': 6}, cv_accuracy=0.205359
[04:36:04] WARNING: /home/conda/feedstock_root/build_artifacts/xgboost-split_1700181168148/work/src/learner.cc:767: 
Parameters: { "device" } are not used.

[04:36:05] WARNING: /home/conda/feedstock_root/build_artifacts/xgboost-split_1700181168148/work/src/learner.cc:767: 
Parameters: { "device" } are not used.

[04:36:05] WARNING: /home/conda/feedstock_root/build_artifacts/xgboost-split_1700181168148/work/src/learner.cc:767: 
Parameters: { "device" } are not used.

params={'n_estimators': 100, 'learning_rate': 0.1, 'max_depth': 6}, cv_accuracy=0.204182
Best params: {'n_estimators': 50, 'learning_rate': 0.05, 'max_depth': 6}
Best CV accuracy: 0.208060
[04:36:05] WARNING: /home/conda/feedstock_root/build_artifacts/xgboost-split_1700181168148/work/src/learner.cc:767: 
Parameters: { "device" } are not used.

accuracy = 0.215379
balanced_accuracy = 0.214315
macro_f1 = 0.203390
weighted_f1 = 0.204902
macro_precision = 0.210680
macro_recall = 0.214315
n_pca = 1
best_cv_accuracy = 0.20805950913619745
best_params = {'n_estimators': 50, 'learning_rate': 0.05, 'max_depth': 6}
Seed: 44
PCA components: 1
Manual XGB grid search
Number of settings: 4
[04:40:38] WARNING: /home/conda/feedstock_root/build_artifacts/xgboost-split_1700181168148/work/src/learner.cc:767: 
Parameters: { "device" } are not used.

[04:40:38] WARNING: /home/conda/feedstock_root/build_artifacts/xgboost-split_1700181168148/work/src/learner.cc:767: 
Parameters: { "device" } are not used.

[04:40:39] WARNING: /home/conda/feedstock_root/build_artifacts/xgboost-split_1700181168148/work/src/learner.cc:767: 
Parameters: { "device" } are not used.

params={'n_estimators': 50, 'learning_rate': 0.05, 'max_depth': 6}, cv_accuracy=0.210967
[04:40:39] WARNING: /home/conda/feedstock_root/build_artifacts/xgboost-split_1700181168148/work/src/learner.cc:767: 
Parameters: { "device" } are not used.

[04:40:39] WARNING: /home/conda/feedstock_root/build_artifacts/xgboost-split_1700181168148/work/src/learner.cc:767: 
Parameters: { "device" } are not used.

[04:40:39] WARNING: /home/conda/feedstock_root/build_artifacts/xgboost-split_1700181168148/work/src/learner.cc:767: 
Parameters: { "device" } are not used.

params={'n_estimators': 50, 'learning_rate': 0.1, 'max_depth': 6}, cv_accuracy=0.210621
[04:40:40] WARNING: /home/conda/feedstock_root/build_artifacts/xgboost-split_1700181168148/work/src/learner.cc:767: 
Parameters: { "device" } are not used.

[04:40:40] WARNING: /home/conda/feedstock_root/build_artifacts/xgboost-split_1700181168148/work/src/learner.cc:767: 
Parameters: { "device" } are not used.

[04:40:40] WARNING: /home/conda/feedstock_root/build_artifacts/xgboost-split_1700181168148/work/src/learner.cc:767: 
Parameters: { "device" } are not used.

params={'n_estimators': 100, 'learning_rate': 0.05, 'max_depth': 6}, cv_accuracy=0.211313
[04:40:41] WARNING: /home/conda/feedstock_root/build_artifacts/xgboost-split_1700181168148/work/src/learner.cc:767: 
Parameters: { "device" } are not used.

[04:40:41] WARNING: /home/conda/feedstock_root/build_artifacts/xgboost-split_1700181168148/work/src/learner.cc:767: 
Parameters: { "device" } are not used.

[04:40:42] WARNING: /home/conda/feedstock_root/build_artifacts/xgboost-split_1700181168148/work/src/learner.cc:767: 
Parameters: { "device" } are not used.

params={'n_estimators': 100, 'learning_rate': 0.1, 'max_depth': 6}, cv_accuracy=0.208198
Best params: {'n_estimators': 100, 'learning_rate': 0.05, 'max_depth': 6}
Best CV accuracy: 0.211313
[04:40:42] WARNING: /home/conda/feedstock_root/build_artifacts/xgboost-split_1700181168148/work/src/learner.cc:767: 
Parameters: { "device" } are not used.

accuracy = 0.205571
balanced_accuracy = 0.210218
macro_f1 = 0.196881
weighted_f1 = 0.194521
macro_precision = 0.206602
macro_recall = 0.210218
n_pca = 1
best_cv_accuracy = 0.21131334519155867
best_params = {'n_estimators': 100, 'learning_rate': 0.05, 'max_depth': 6}
Seed: 45
PCA components: 1
Manual XGB grid search
Number of settings: 4
[04:45:15] WARNING: /home/conda/feedstock_root/build_artifacts/xgboost-split_1700181168148/work/src/learner.cc:767: 
Parameters: { "device" } are not used.

[04:45:15] WARNING: /home/conda/feedstock_root/build_artifacts/xgboost-split_1700181168148/work/src/learner.cc:767: 
Parameters: { "device" } are not used.

[04:45:15] WARNING: /home/conda/feedstock_root/build_artifacts/xgboost-split_1700181168148/work/src/learner.cc:767: 
Parameters: { "device" } are not used.

params={'n_estimators': 50, 'learning_rate': 0.05, 'max_depth': 6}, cv_accuracy=0.213113
[04:45:15] WARNING: /home/conda/feedstock_root/build_artifacts/xgboost-split_1700181168148/work/src/learner.cc:767: 
Parameters: { "device" } are not used.

[04:45:16] WARNING: /home/conda/feedstock_root/build_artifacts/xgboost-split_1700181168148/work/src/learner.cc:767: 
Parameters: { "device" } are not used.

[04:45:16] WARNING: /home/conda/feedstock_root/build_artifacts/xgboost-split_1700181168148/work/src/learner.cc:767: 
Parameters: { "device" } are not used.

params={'n_estimators': 50, 'learning_rate': 0.1, 'max_depth': 6}, cv_accuracy=0.212836
[04:45:16] WARNING: /home/conda/feedstock_root/build_artifacts/xgboost-split_1700181168148/work/src/learner.cc:767: 
Parameters: { "device" } are not used.

[04:45:16] WARNING: /home/conda/feedstock_root/build_artifacts/xgboost-split_1700181168148/work/src/learner.cc:767: 
Parameters: { "device" } are not used.

[04:45:17] WARNING: /home/conda/feedstock_root/build_artifacts/xgboost-split_1700181168148/work/src/learner.cc:767: 
Parameters: { "device" } are not used.

params={'n_estimators': 100, 'learning_rate': 0.05, 'max_depth': 6}, cv_accuracy=0.213459
[04:45:17] WARNING: /home/conda/feedstock_root/build_artifacts/xgboost-split_1700181168148/work/src/learner.cc:767: 
Parameters: { "device" } are not used.

[04:45:18] WARNING: /home/conda/feedstock_root/build_artifacts/xgboost-split_1700181168148/work/src/learner.cc:767: 
Parameters: { "device" } are not used.

[04:45:18] WARNING: /home/conda/feedstock_root/build_artifacts/xgboost-split_1700181168148/work/src/learner.cc:767: 
Parameters: { "device" } are not used.

params={'n_estimators': 100, 'learning_rate': 0.1, 'max_depth': 6}, cv_accuracy=0.207990
Best params: {'n_estimators': 100, 'learning_rate': 0.05, 'max_depth': 6}
Best CV accuracy: 0.213459
[04:45:18] WARNING: /home/conda/feedstock_root/build_artifacts/xgboost-split_1700181168148/work/src/learner.cc:767: 
Parameters: { "device" } are not used.

accuracy = 0.205571
balanced_accuracy = 0.206976
macro_f1 = 0.195573
weighted_f1 = 0.195971
macro_precision = 0.206854
macro_recall = 0.206976
n_pca = 1
best_cv_accuracy = 0.21345944525766622
best_params = {'n_estimators': 100, 'learning_rate': 0.05, 'max_depth': 6}
Seed: 56
PCA components: 1
Manual XGB grid search
Number of settings: 4
[04:49:51] WARNING: /home/conda/feedstock_root/build_artifacts/xgboost-split_1700181168148/work/src/learner.cc:767: 
Parameters: { "device" } are not used.

[04:49:51] WARNING: /home/conda/feedstock_root/build_artifacts/xgboost-split_1700181168148/work/src/learner.cc:767: 
Parameters: { "device" } are not used.

[04:49:52] WARNING: /home/conda/feedstock_root/build_artifacts/xgboost-split_1700181168148/work/src/learner.cc:767: 
Parameters: { "device" } are not used.

params={'n_estimators': 50, 'learning_rate': 0.05, 'max_depth': 6}, cv_accuracy=0.213114
[04:49:52] WARNING: /home/conda/feedstock_root/build_artifacts/xgboost-split_1700181168148/work/src/learner.cc:767: 
Parameters: { "device" } are not used.

[04:49:52] WARNING: /home/conda/feedstock_root/build_artifacts/xgboost-split_1700181168148/work/src/learner.cc:767: 
Parameters: { "device" } are not used.

[04:49:52] WARNING: /home/conda/feedstock_root/build_artifacts/xgboost-split_1700181168148/work/src/learner.cc:767: 
Parameters: { "device" } are not used.

params={'n_estimators': 50, 'learning_rate': 0.1, 'max_depth': 6}, cv_accuracy=0.213045
[04:49:53] WARNING: /home/conda/feedstock_root/build_artifacts/xgboost-split_1700181168148/work/src/learner.cc:767: 
Parameters: { "device" } are not used.

[04:49:53] WARNING: /home/conda/feedstock_root/build_artifacts/xgboost-split_1700181168148/work/src/learner.cc:767: 
Parameters: { "device" } are not used.

[04:49:53] WARNING: /home/conda/feedstock_root/build_artifacts/xgboost-split_1700181168148/work/src/learner.cc:767: 
Parameters: { "device" } are not used.

params={'n_estimators': 100, 'learning_rate': 0.05, 'max_depth': 6}, cv_accuracy=0.213253
[04:49:54] WARNING: /home/conda/feedstock_root/build_artifacts/xgboost-split_1700181168148/work/src/learner.cc:767: 
Parameters: { "device" } are not used.

[04:49:54] WARNING: /home/conda/feedstock_root/build_artifacts/xgboost-split_1700181168148/work/src/learner.cc:767: 
Parameters: { "device" } are not used.

[04:49:55] WARNING: /home/conda/feedstock_root/build_artifacts/xgboost-split_1700181168148/work/src/learner.cc:767: 
Parameters: { "device" } are not used.

params={'n_estimators': 100, 'learning_rate': 0.1, 'max_depth': 6}, cv_accuracy=0.209306
Best params: {'n_estimators': 100, 'learning_rate': 0.05, 'max_depth': 6}
Best CV accuracy: 0.213253
[04:49:55] WARNING: /home/conda/feedstock_root/build_artifacts/xgboost-split_1700181168148/work/src/learner.cc:767: 
Parameters: { "device" } are not used.

accuracy = 0.208709
balanced_accuracy = 0.211429
macro_f1 = 0.200697
weighted_f1 = 0.200314
macro_precision = 0.211894
macro_recall = 0.211429
n_pca = 1
best_cv_accuracy = 0.2132525087279328
best_params = {'n_estimators': 100, 'learning_rate': 0.05, 'max_depth': 6}
------------------------------------------------------------------------------------------
TASK: WEEK
------------------------------------------------------------------------------------------
y shape: (16992,)
classes: [0 1 2 3]
------------------------------------------------------------------------------------------
MODEL: LR
------------------------------------------------------------------------------------------
Seed: 42
PCA components: 1
Manual Torch grid search for LR
Number of settings: 3
params={'C': 0.1, 'lr': 0.001, 'weight_decay': 10.0}, cv_accuracy=0.261926
params={'C': 1.0, 'lr': 0.001, 'weight_decay': 1.0}, cv_accuracy=0.287613
params={'C': 10.0, 'lr': 0.001, 'weight_decay': 0.1}, cv_accuracy=0.287613
Best params: {'C': 1.0, 'lr': 0.001, 'weight_decay': 1.0}
Best CV accuracy: 0.287613
Epoch 1, loss = 1.537558
Epoch 50, loss = 1.385157
Epoch 100, loss = 1.384820
accuracy = 0.291095
balanced_accuracy = 0.250000
macro_f1 = 0.112732
weighted_f1 = 0.131262
macro_precision = 0.072774
macro_recall = 0.250000
n_pca = 1
best_cv_accuracy = 0.28761338906670475
best_params = {'C': 1.0, 'lr': 0.001, 'weight_decay': 1.0}
Seed: 43
PCA components: 1
Manual Torch grid search for LR
Number of settings: 3
params={'C': 0.1, 'lr': 0.001, 'weight_decay': 10.0}, cv_accuracy=0.263517
params={'C': 1.0, 'lr': 0.001, 'weight_decay': 1.0}, cv_accuracy=0.285675
params={'C': 10.0, 'lr': 0.001, 'weight_decay': 0.1}, cv_accuracy=0.287198
Best params: {'C': 10.0, 'lr': 0.001, 'weight_decay': 0.1}
Best CV accuracy: 0.287198
Epoch 1, loss = 1.648666
Epoch 50, loss = 1.382863
Epoch 100, loss = 1.382712
accuracy = 0.293448
balanced_accuracy = 0.250000
macro_f1 = 0.113436
weighted_f1 = 0.133151
macro_precision = 0.073362
macro_recall = 0.250000
n_pca = 1
best_cv_accuracy = 0.28719794852414277
best_params = {'C': 10.0, 'lr': 0.001, 'weight_decay': 0.1}
Seed: 44
PCA components: 1
Manual Torch grid search for LR
Number of settings: 3
params={'C': 0.1, 'lr': 0.001, 'weight_decay': 10.0}, cv_accuracy=0.253134
params={'C': 1.0, 'lr': 0.001, 'weight_decay': 1.0}, cv_accuracy=0.291422
params={'C': 10.0, 'lr': 0.001, 'weight_decay': 0.1}, cv_accuracy=0.289483
Best params: {'C': 1.0, 'lr': 0.001, 'weight_decay': 1.0}
Best CV accuracy: 0.291422
Epoch 1, loss = 1.562567
Epoch 50, loss = 1.384707
Epoch 100, loss = 1.384694
accuracy = 0.280502
balanced_accuracy = 0.250000
macro_f1 = 0.109528
weighted_f1 = 0.122892
macro_precision = 0.070126
macro_recall = 0.250000
n_pca = 1
best_cv_accuracy = 0.29142158205637386
best_params = {'C': 1.0, 'lr': 0.001, 'weight_decay': 1.0}
Seed: 45
PCA components: 1
Manual Torch grid search for LR
Number of settings: 3
params={'C': 0.1, 'lr': 0.001, 'weight_decay': 10.0}, cv_accuracy=0.269958
params={'C': 1.0, 'lr': 0.001, 'weight_decay': 1.0}, cv_accuracy=0.290106
params={'C': 10.0, 'lr': 0.001, 'weight_decay': 0.1}, cv_accuracy=0.290729
Best params: {'C': 10.0, 'lr': 0.001, 'weight_decay': 0.1}
Best CV accuracy: 0.290729
Epoch 1, loss = 1.709696
Epoch 50, loss = 1.382870
Epoch 100, loss = 1.381957
accuracy = 0.273441
balanced_accuracy = 0.250000
macro_f1 = 0.107363
weighted_f1 = 0.117429
macro_precision = 0.068360
macro_recall = 0.250000
n_pca = 1
best_cv_accuracy = 0.29072907090099936
best_params = {'C': 10.0, 'lr': 0.001, 'weight_decay': 0.1}
Seed: 56
PCA components: 1
Manual Torch grid search for LR
Number of settings: 3
params={'C': 0.1, 'lr': 0.001, 'weight_decay': 10.0}, cv_accuracy=0.274044
params={'C': 1.0, 'lr': 0.001, 'weight_decay': 1.0}, cv_accuracy=0.286159
params={'C': 10.0, 'lr': 0.001, 'weight_decay': 0.1}, cv_accuracy=0.286159
Best params: {'C': 1.0, 'lr': 0.001, 'weight_decay': 1.0}
Best CV accuracy: 0.286159
Epoch 1, loss = 1.544942
Epoch 50, loss = 1.385596
Epoch 100, loss = 1.384957
accuracy = 0.299333
balanced_accuracy = 0.250000
macro_f1 = 0.115187
weighted_f1 = 0.137917
macro_precision = 0.074833
macro_recall = 0.250000
n_pca = 1
best_cv_accuracy = 0.28615939749976377
best_params = {'C': 1.0, 'lr': 0.001, 'weight_decay': 1.0}
------------------------------------------------------------------------------------------
MODEL: MLP
------------------------------------------------------------------------------------------
Seed: 42
PCA components: 1
Manual Torch grid search for MLP
Number of settings: 3
params={'hidden_layer_sizes': (0, 0), 'activation': 'relu', 'alpha': 0.01, 'lr': 0.001, 'weight_decay': 0.01}, cv_accuracy=0.287613
params={'hidden_layer_sizes': (0, 0, 0), 'activation': 'relu', 'alpha': 0.01, 'lr': 0.001, 'weight_decay': 0.01}, cv_accuracy=0.287613
params={'hidden_layer_sizes': (150, 50), 'activation': 'relu', 'alpha': 0.01, 'lr': 0.001, 'weight_decay': 0.01}, cv_accuracy=0.287613
Best params: {'hidden_layer_sizes': (0, 0), 'activation': 'relu', 'alpha': 0.01, 'lr': 0.001, 'weight_decay': 0.01}
Best CV accuracy: 0.287613
Epoch 1, loss = 1.385676
Epoch 50, loss = 1.382647
Epoch 100, loss = 1.382667
accuracy = 0.291095
balanced_accuracy = 0.250000
macro_f1 = 0.112732
weighted_f1 = 0.131262
macro_precision = 0.072774
macro_recall = 0.250000
n_pca = 1
best_cv_accuracy = 0.28761338906670475
best_params = {'hidden_layer_sizes': (0, 0), 'activation': 'relu', 'alpha': 0.01, 'lr': 0.001, 'weight_decay': 0.01}
Seed: 43
PCA components: 1
Manual Torch grid search for MLP
Number of settings: 3
params={'hidden_layer_sizes': (0, 0), 'activation': 'relu', 'alpha': 0.01, 'lr': 0.001, 'weight_decay': 0.01}, cv_accuracy=0.287198
params={'hidden_layer_sizes': (0, 0, 0), 'activation': 'relu', 'alpha': 0.01, 'lr': 0.001, 'weight_decay': 0.01}, cv_accuracy=0.287198
params={'hidden_layer_sizes': (150, 50), 'activation': 'relu', 'alpha': 0.01, 'lr': 0.001, 'weight_decay': 0.01}, cv_accuracy=0.287198
Best params: {'hidden_layer_sizes': (0, 0), 'activation': 'relu', 'alpha': 0.01, 'lr': 0.001, 'weight_decay': 0.01}
Best CV accuracy: 0.287198
Epoch 1, loss = 1.385623
Epoch 50, loss = 1.382739
Epoch 100, loss = 1.382734
accuracy = 0.293448
balanced_accuracy = 0.250000
macro_f1 = 0.113436
weighted_f1 = 0.133151
macro_precision = 0.073362
macro_recall = 0.250000
n_pca = 1
best_cv_accuracy = 0.28719794852414277
best_params = {'hidden_layer_sizes': (0, 0), 'activation': 'relu', 'alpha': 0.01, 'lr': 0.001, 'weight_decay': 0.01}
Seed: 44
PCA components: 1
Manual Torch grid search for MLP
Number of settings: 3
params={'hidden_layer_sizes': (0, 0), 'activation': 'relu', 'alpha': 0.01, 'lr': 0.001, 'weight_decay': 0.01}, cv_accuracy=0.289483
params={'hidden_layer_sizes': (0, 0, 0), 'activation': 'relu', 'alpha': 0.01, 'lr': 0.001, 'weight_decay': 0.01}, cv_accuracy=0.289483
params={'hidden_layer_sizes': (150, 50), 'activation': 'relu', 'alpha': 0.01, 'lr': 0.001, 'weight_decay': 0.01}, cv_accuracy=0.289483
Best params: {'hidden_layer_sizes': (0, 0), 'activation': 'relu', 'alpha': 0.01, 'lr': 0.001, 'weight_decay': 0.01}
Best CV accuracy: 0.289483
Epoch 1, loss = 1.385576
Epoch 50, loss = 1.382284
Epoch 100, loss = 1.382291
accuracy = 0.280502
balanced_accuracy = 0.250000
macro_f1 = 0.109528
weighted_f1 = 0.122892
macro_precision = 0.070126
macro_recall = 0.250000
n_pca = 1
best_cv_accuracy = 0.28948279241505
best_params = {'hidden_layer_sizes': (0, 0), 'activation': 'relu', 'alpha': 0.01, 'lr': 0.001, 'weight_decay': 0.01}
Seed: 45
PCA components: 1
Manual Torch grid search for MLP
Number of settings: 3
params={'hidden_layer_sizes': (0, 0), 'activation': 'relu', 'alpha': 0.01, 'lr': 0.001, 'weight_decay': 0.01}, cv_accuracy=0.290729
params={'hidden_layer_sizes': (0, 0, 0), 'activation': 'relu', 'alpha': 0.01, 'lr': 0.001, 'weight_decay': 0.01}, cv_accuracy=0.290729
params={'hidden_layer_sizes': (150, 50), 'activation': 'relu', 'alpha': 0.01, 'lr': 0.001, 'weight_decay': 0.01}, cv_accuracy=0.290729
Best params: {'hidden_layer_sizes': (0, 0), 'activation': 'relu', 'alpha': 0.01, 'lr': 0.001, 'weight_decay': 0.01}
Best CV accuracy: 0.290729
Epoch 1, loss = 1.385545
Epoch 50, loss = 1.382044
Epoch 100, loss = 1.382032
accuracy = 0.273441
balanced_accuracy = 0.250000
macro_f1 = 0.107363
weighted_f1 = 0.117429
macro_precision = 0.068360
macro_recall = 0.250000
n_pca = 1
best_cv_accuracy = 0.29072907090099936
best_params = {'hidden_layer_sizes': (0, 0), 'activation': 'relu', 'alpha': 0.01, 'lr': 0.001, 'weight_decay': 0.01}
Seed: 56
PCA components: 1
Manual Torch grid search for MLP
Number of settings: 3
params={'hidden_layer_sizes': (0, 0), 'activation': 'relu', 'alpha': 0.01, 'lr': 0.001, 'weight_decay': 0.01}, cv_accuracy=0.286159
params={'hidden_layer_sizes': (0, 0, 0), 'activation': 'relu', 'alpha': 0.01, 'lr': 0.001, 'weight_decay': 0.01}, cv_accuracy=0.286159
params={'hidden_layer_sizes': (150, 50), 'activation': 'relu', 'alpha': 0.01, 'lr': 0.001, 'weight_decay': 0.01}, cv_accuracy=0.286159
Best params: {'hidden_layer_sizes': (0, 0), 'activation': 'relu', 'alpha': 0.01, 'lr': 0.001, 'weight_decay': 0.01}
Best CV accuracy: 0.286159
Epoch 1, loss = 1.385665
Epoch 50, loss = 1.382945
Epoch 100, loss = 1.382929
accuracy = 0.299333
balanced_accuracy = 0.250000
macro_f1 = 0.115187
weighted_f1 = 0.137917
macro_precision = 0.074833
macro_recall = 0.250000
n_pca = 1
best_cv_accuracy = 0.28615939749976377
best_params = {'hidden_layer_sizes': (0, 0), 'activation': 'relu', 'alpha': 0.01, 'lr': 0.001, 'weight_decay': 0.01}
------------------------------------------------------------------------------------------
MODEL: XGB
------------------------------------------------------------------------------------------
Seed: 42
PCA components: 1
Manual XGB grid search
Number of settings: 4
[05:42:26] WARNING: /home/conda/feedstock_root/build_artifacts/xgboost-split_1700181168148/work/src/learner.cc:767: 
Parameters: { "device" } are not used.

[05:42:26] WARNING: /home/conda/feedstock_root/build_artifacts/xgboost-split_1700181168148/work/src/learner.cc:767: 
Parameters: { "device" } are not used.

[05:42:26] WARNING: /home/conda/feedstock_root/build_artifacts/xgboost-split_1700181168148/work/src/learner.cc:767: 
Parameters: { "device" } are not used.

params={'n_estimators': 50, 'learning_rate': 0.05, 'max_depth': 6}, cv_accuracy=0.281659
[05:42:26] WARNING: /home/conda/feedstock_root/build_artifacts/xgboost-split_1700181168148/work/src/learner.cc:767: 
Parameters: { "device" } are not used.

[05:42:26] WARNING: /home/conda/feedstock_root/build_artifacts/xgboost-split_1700181168148/work/src/learner.cc:767: 
Parameters: { "device" } are not used.

[05:42:26] WARNING: /home/conda/feedstock_root/build_artifacts/xgboost-split_1700181168148/work/src/learner.cc:767: 
Parameters: { "device" } are not used.

params={'n_estimators': 50, 'learning_rate': 0.1, 'max_depth': 6}, cv_accuracy=0.277089
[05:42:26] WARNING: /home/conda/feedstock_root/build_artifacts/xgboost-split_1700181168148/work/src/learner.cc:767: 
Parameters: { "device" } are not used.

[05:42:27] WARNING: /home/conda/feedstock_root/build_artifacts/xgboost-split_1700181168148/work/src/learner.cc:767: 
Parameters: { "device" } are not used.

[05:42:27] WARNING: /home/conda/feedstock_root/build_artifacts/xgboost-split_1700181168148/work/src/learner.cc:767: 
Parameters: { "device" } are not used.

params={'n_estimators': 100, 'learning_rate': 0.05, 'max_depth': 6}, cv_accuracy=0.277782
[05:42:27] WARNING: /home/conda/feedstock_root/build_artifacts/xgboost-split_1700181168148/work/src/learner.cc:767: 
Parameters: { "device" } are not used.

[05:42:27] WARNING: /home/conda/feedstock_root/build_artifacts/xgboost-split_1700181168148/work/src/learner.cc:767: 
Parameters: { "device" } are not used.

[05:42:27] WARNING: /home/conda/feedstock_root/build_artifacts/xgboost-split_1700181168148/work/src/learner.cc:767: 
Parameters: { "device" } are not used.

params={'n_estimators': 100, 'learning_rate': 0.1, 'max_depth': 6}, cv_accuracy=0.272866
Best params: {'n_estimators': 50, 'learning_rate': 0.05, 'max_depth': 6}
Best CV accuracy: 0.281659
[05:42:28] WARNING: /home/conda/feedstock_root/build_artifacts/xgboost-split_1700181168148/work/src/learner.cc:767: 
Parameters: { "device" } are not used.

accuracy = 0.292271
balanced_accuracy = 0.266116
macro_f1 = 0.219423
weighted_f1 = 0.230687
macro_precision = 0.282143
macro_recall = 0.266116
n_pca = 1
best_cv_accuracy = 0.28165875087703557
best_params = {'n_estimators': 50, 'learning_rate': 0.05, 'max_depth': 6}
Seed: 43
PCA components: 1
Manual XGB grid search
Number of settings: 4
[05:46:59] WARNING: /home/conda/feedstock_root/build_artifacts/xgboost-split_1700181168148/work/src/learner.cc:767: 
Parameters: { "device" } are not used.

[05:46:59] WARNING: /home/conda/feedstock_root/build_artifacts/xgboost-split_1700181168148/work/src/learner.cc:767: 
Parameters: { "device" } are not used.

[05:47:00] WARNING: /home/conda/feedstock_root/build_artifacts/xgboost-split_1700181168148/work/src/learner.cc:767: 
Parameters: { "device" } are not used.

params={'n_estimators': 50, 'learning_rate': 0.05, 'max_depth': 6}, cv_accuracy=0.283667
[05:47:00] WARNING: /home/conda/feedstock_root/build_artifacts/xgboost-split_1700181168148/work/src/learner.cc:767: 
Parameters: { "device" } are not used.

[05:47:00] WARNING: /home/conda/feedstock_root/build_artifacts/xgboost-split_1700181168148/work/src/learner.cc:767: 
Parameters: { "device" } are not used.

[05:47:00] WARNING: /home/conda/feedstock_root/build_artifacts/xgboost-split_1700181168148/work/src/learner.cc:767: 
Parameters: { "device" } are not used.

params={'n_estimators': 50, 'learning_rate': 0.1, 'max_depth': 6}, cv_accuracy=0.281867
[05:47:00] WARNING: /home/conda/feedstock_root/build_artifacts/xgboost-split_1700181168148/work/src/learner.cc:767: 
Parameters: { "device" } are not used.

[05:47:00] WARNING: /home/conda/feedstock_root/build_artifacts/xgboost-split_1700181168148/work/src/learner.cc:767: 
Parameters: { "device" } are not used.

[05:47:00] WARNING: /home/conda/feedstock_root/build_artifacts/xgboost-split_1700181168148/work/src/learner.cc:767: 
Parameters: { "device" } are not used.

params={'n_estimators': 100, 'learning_rate': 0.05, 'max_depth': 6}, cv_accuracy=0.281174
[05:47:01] WARNING: /home/conda/feedstock_root/build_artifacts/xgboost-split_1700181168148/work/src/learner.cc:767: 
Parameters: { "device" } are not used.

[05:47:01] WARNING: /home/conda/feedstock_root/build_artifacts/xgboost-split_1700181168148/work/src/learner.cc:767: 
Parameters: { "device" } are not used.

[05:47:01] WARNING: /home/conda/feedstock_root/build_artifacts/xgboost-split_1700181168148/work/src/learner.cc:767: 
Parameters: { "device" } are not used.

params={'n_estimators': 100, 'learning_rate': 0.1, 'max_depth': 6}, cv_accuracy=0.270165
Best params: {'n_estimators': 50, 'learning_rate': 0.05, 'max_depth': 6}
Best CV accuracy: 0.283667
[05:47:01] WARNING: /home/conda/feedstock_root/build_artifacts/xgboost-split_1700181168148/work/src/learner.cc:767: 
Parameters: { "device" } are not used.

accuracy = 0.280110
balanced_accuracy = 0.254926
macro_f1 = 0.215982
weighted_f1 = 0.227950
macro_precision = 0.248857
macro_recall = 0.254926
n_pca = 1
best_cv_accuracy = 0.2836666679609188
best_params = {'n_estimators': 50, 'learning_rate': 0.05, 'max_depth': 6}
Seed: 44
PCA components: 1
Manual XGB grid search
Number of settings: 4
[05:51:34] WARNING: /home/conda/feedstock_root/build_artifacts/xgboost-split_1700181168148/work/src/learner.cc:767: 
Parameters: { "device" } are not used.

[05:51:34] WARNING: /home/conda/feedstock_root/build_artifacts/xgboost-split_1700181168148/work/src/learner.cc:767: 
Parameters: { "device" } are not used.

[05:51:34] WARNING: /home/conda/feedstock_root/build_artifacts/xgboost-split_1700181168148/work/src/learner.cc:767: 
Parameters: { "device" } are not used.

params={'n_estimators': 50, 'learning_rate': 0.05, 'max_depth': 6}, cv_accuracy=0.285466
[05:51:35] WARNING: /home/conda/feedstock_root/build_artifacts/xgboost-split_1700181168148/work/src/learner.cc:767: 
Parameters: { "device" } are not used.

[05:51:35] WARNING: /home/conda/feedstock_root/build_artifacts/xgboost-split_1700181168148/work/src/learner.cc:767: 
Parameters: { "device" } are not used.

[05:51:35] WARNING: /home/conda/feedstock_root/build_artifacts/xgboost-split_1700181168148/work/src/learner.cc:767: 
Parameters: { "device" } are not used.

params={'n_estimators': 50, 'learning_rate': 0.1, 'max_depth': 6}, cv_accuracy=0.279305
[05:51:35] WARNING: /home/conda/feedstock_root/build_artifacts/xgboost-split_1700181168148/work/src/learner.cc:767: 
Parameters: { "device" } are not used.

[05:51:35] WARNING: /home/conda/feedstock_root/build_artifacts/xgboost-split_1700181168148/work/src/learner.cc:767: 
Parameters: { "device" } are not used.

[05:51:35] WARNING: /home/conda/feedstock_root/build_artifacts/xgboost-split_1700181168148/work/src/learner.cc:767: 
Parameters: { "device" } are not used.

params={'n_estimators': 100, 'learning_rate': 0.05, 'max_depth': 6}, cv_accuracy=0.279928
[05:51:36] WARNING: /home/conda/feedstock_root/build_artifacts/xgboost-split_1700181168148/work/src/learner.cc:767: 
Parameters: { "device" } are not used.

[05:51:36] WARNING: /home/conda/feedstock_root/build_artifacts/xgboost-split_1700181168148/work/src/learner.cc:767: 
Parameters: { "device" } are not used.

[05:51:36] WARNING: /home/conda/feedstock_root/build_artifacts/xgboost-split_1700181168148/work/src/learner.cc:767: 
Parameters: { "device" } are not used.

params={'n_estimators': 100, 'learning_rate': 0.1, 'max_depth': 6}, cv_accuracy=0.271896
Best params: {'n_estimators': 50, 'learning_rate': 0.05, 'max_depth': 6}
Best CV accuracy: 0.285466
[05:51:36] WARNING: /home/conda/feedstock_root/build_artifacts/xgboost-split_1700181168148/work/src/learner.cc:767: 
Parameters: { "device" } are not used.

accuracy = 0.288741
balanced_accuracy = 0.269744
macro_f1 = 0.220367
weighted_f1 = 0.228466
macro_precision = 0.289852
macro_recall = 0.269744
n_pca = 1
best_cv_accuracy = 0.2854663974047082
best_params = {'n_estimators': 50, 'learning_rate': 0.05, 'max_depth': 6}
Seed: 45
PCA components: 1
Manual XGB grid search
Number of settings: 4
[05:56:09] WARNING: /home/conda/feedstock_root/build_artifacts/xgboost-split_1700181168148/work/src/learner.cc:767: 
Parameters: { "device" } are not used.

[05:56:09] WARNING: /home/conda/feedstock_root/build_artifacts/xgboost-split_1700181168148/work/src/learner.cc:767: 
Parameters: { "device" } are not used.

[05:56:09] WARNING: /home/conda/feedstock_root/build_artifacts/xgboost-split_1700181168148/work/src/learner.cc:767: 
Parameters: { "device" } are not used.

params={'n_estimators': 50, 'learning_rate': 0.05, 'max_depth': 6}, cv_accuracy=0.289552
[05:56:09] WARNING: /home/conda/feedstock_root/build_artifacts/xgboost-split_1700181168148/work/src/learner.cc:767: 
Parameters: { "device" } are not used.

[05:56:09] WARNING: /home/conda/feedstock_root/build_artifacts/xgboost-split_1700181168148/work/src/learner.cc:767: 
Parameters: { "device" } are not used.

[05:56:09] WARNING: /home/conda/feedstock_root/build_artifacts/xgboost-split_1700181168148/work/src/learner.cc:767: 
Parameters: { "device" } are not used.

params={'n_estimators': 50, 'learning_rate': 0.1, 'max_depth': 6}, cv_accuracy=0.284636
[05:56:09] WARNING: /home/conda/feedstock_root/build_artifacts/xgboost-split_1700181168148/work/src/learner.cc:767: 
Parameters: { "device" } are not used.

[05:56:10] WARNING: /home/conda/feedstock_root/build_artifacts/xgboost-split_1700181168148/work/src/learner.cc:767: 
Parameters: { "device" } are not used.

[05:56:10] WARNING: /home/conda/feedstock_root/build_artifacts/xgboost-split_1700181168148/work/src/learner.cc:767: 
Parameters: { "device" } are not used.

params={'n_estimators': 100, 'learning_rate': 0.05, 'max_depth': 6}, cv_accuracy=0.285398
[05:56:10] WARNING: /home/conda/feedstock_root/build_artifacts/xgboost-split_1700181168148/work/src/learner.cc:767: 
Parameters: { "device" } are not used.

[05:56:10] WARNING: /home/conda/feedstock_root/build_artifacts/xgboost-split_1700181168148/work/src/learner.cc:767: 
Parameters: { "device" } are not used.

[05:56:11] WARNING: /home/conda/feedstock_root/build_artifacts/xgboost-split_1700181168148/work/src/learner.cc:767: 
Parameters: { "device" } are not used.

params={'n_estimators': 100, 'learning_rate': 0.1, 'max_depth': 6}, cv_accuracy=0.278197
Best params: {'n_estimators': 50, 'learning_rate': 0.05, 'max_depth': 6}
Best CV accuracy: 0.289552
[05:56:11] WARNING: /home/conda/feedstock_root/build_artifacts/xgboost-split_1700181168148/work/src/learner.cc:767: 
Parameters: { "device" } are not used.

accuracy = 0.277364
balanced_accuracy = 0.262001
macro_f1 = 0.206121
weighted_f1 = 0.212082
macro_precision = 0.269485
macro_recall = 0.262001
n_pca = 1
best_cv_accuracy = 0.2895521355662921
best_params = {'n_estimators': 50, 'learning_rate': 0.05, 'max_depth': 6}
Seed: 56
PCA components: 1
Manual XGB grid search
Number of settings: 4
[06:00:43] WARNING: /home/conda/feedstock_root/build_artifacts/xgboost-split_1700181168148/work/src/learner.cc:767: 
Parameters: { "device" } are not used.

[06:00:44] WARNING: /home/conda/feedstock_root/build_artifacts/xgboost-split_1700181168148/work/src/learner.cc:767: 
Parameters: { "device" } are not used.

[06:00:44] WARNING: /home/conda/feedstock_root/build_artifacts/xgboost-split_1700181168148/work/src/learner.cc:767: 
Parameters: { "device" } are not used.

params={'n_estimators': 50, 'learning_rate': 0.05, 'max_depth': 6}, cv_accuracy=0.281451
[06:00:44] WARNING: /home/conda/feedstock_root/build_artifacts/xgboost-split_1700181168148/work/src/learner.cc:767: 
Parameters: { "device" } are not used.

[06:00:44] WARNING: /home/conda/feedstock_root/build_artifacts/xgboost-split_1700181168148/work/src/learner.cc:767: 
Parameters: { "device" } are not used.

[06:00:44] WARNING: /home/conda/feedstock_root/build_artifacts/xgboost-split_1700181168148/work/src/learner.cc:767: 
Parameters: { "device" } are not used.

params={'n_estimators': 50, 'learning_rate': 0.1, 'max_depth': 6}, cv_accuracy=0.277505
[06:00:44] WARNING: /home/conda/feedstock_root/build_artifacts/xgboost-split_1700181168148/work/src/learner.cc:767: 
Parameters: { "device" } are not used.

[06:00:44] WARNING: /home/conda/feedstock_root/build_artifacts/xgboost-split_1700181168148/work/src/learner.cc:767: 
Parameters: { "device" } are not used.

[06:00:45] WARNING: /home/conda/feedstock_root/build_artifacts/xgboost-split_1700181168148/work/src/learner.cc:767: 
Parameters: { "device" } are not used.

params={'n_estimators': 100, 'learning_rate': 0.05, 'max_depth': 6}, cv_accuracy=0.278336
[06:00:45] WARNING: /home/conda/feedstock_root/build_artifacts/xgboost-split_1700181168148/work/src/learner.cc:767: 
Parameters: { "device" } are not used.

[06:00:45] WARNING: /home/conda/feedstock_root/build_artifacts/xgboost-split_1700181168148/work/src/learner.cc:767: 
Parameters: { "device" } are not used.

[06:00:45] WARNING: /home/conda/feedstock_root/build_artifacts/xgboost-split_1700181168148/work/src/learner.cc:767: 
Parameters: { "device" } are not used.

params={'n_estimators': 100, 'learning_rate': 0.1, 'max_depth': 6}, cv_accuracy=0.269474
Best params: {'n_estimators': 50, 'learning_rate': 0.05, 'max_depth': 6}
Best CV accuracy: 0.281451
[06:00:45] WARNING: /home/conda/feedstock_root/build_artifacts/xgboost-split_1700181168148/work/src/learner.cc:767: 
Parameters: { "device" } are not used.

accuracy = 0.298156
balanced_accuracy = 0.267823
macro_f1 = 0.229072
weighted_f1 = 0.242801
macro_precision = 0.277716
macro_recall = 0.267823
n_pca = 1
best_cv_accuracy = 0.2814514692134097
best_params = {'n_estimators': 50, 'learning_rate': 0.05, 'max_depth': 6}
==========================================================================================
Saved per-seed results to: results/PEMS04/torch_blis_PEMS04_HOUR_DAY_WEEK_LR_MLP_XGB_W2_L1_2_3_M1_20260708_060046_per_seed.csv
Saved summary results to: results/PEMS04/torch_blis_PEMS04_HOUR_DAY_WEEK_LR_MLP_XGB_W2_L1_2_3_M1_20260708_060046_summary.csv
==========================================================================================
  dataset  task  ... n_pca_mean  best_cv_accuracy_mean
0  PEMS04   DAY  ...        1.0               0.169715
1  PEMS04   DAY  ...        1.0               0.172402
2  PEMS04   DAY  ...        1.0               0.210510
3  PEMS04  HOUR  ...        1.0               0.092668
4  PEMS04  HOUR  ...        1.0               0.246694
5  PEMS04  HOUR  ...        1.0               0.291519
6  PEMS04  WEEK  ...        1.0               0.288624
7  PEMS04  WEEK  ...        1.0               0.288237
8  PEMS04  WEEK  ...        1.0               0.284359

[9 rows x 21 columns]
Finished GPU BLIS W2 Torch classifier run for PEMS04
Date: Wed Jul  8 06:00:46 MDT 2026
