Starting GPU BLIS W2 Torch classifier run for PEMS03
Date: Wed Jul  8 02:26:47 MDT 2026
Working directory: /bsuscratch/desmondboateng/blis
Python: /bsuhome/desmondboateng/miniforge3/envs/blis/bin/python
CUDA_VISIBLE_DEVICES: 0
==========================================================================================
BLIS MOMENTS FROM new_class.py + TORCH CLASSIFICATION
SVC intentionally left out for now
==========================================================================================
Device: cuda
GPU: Tesla V100-PCIE-16GB
==========================================================================================
DATASET: PEMS03
==========================================================================================
A shape: (358, 358)
X shape: (26208, 358, 1)
Saving scattering moments to: data/traffic/PEMS03/processed/blis/W2/largest_scale_4
A shape: (358, 358)
X shape: (26208, 358, 1)
T: 26208
n_nodes: 358
n_features: 1
================================================================================
Computing layer_1
================================================================================
Skipping layer_1; moment files already exist.
================================================================================
Computing layer_2
================================================================================
Skipping layer_2; moment files already exist.
================================================================================
Computing layer_3
================================================================================
Skipping layer_3; moment files already exist.
Finished saving scattering moments.
Loading: data/traffic/PEMS03/processed/blis/W2/largest_scale_4/layer_1/moment_1.npy
Loading: data/traffic/PEMS03/processed/blis/W2/largest_scale_4/layer_2/moment_1.npy
Loading: data/traffic/PEMS03/processed/blis/W2/largest_scale_4/layer_3/moment_1.npy
X_features shape: (26208, 1884)
------------------------------------------------------------------------------------------
TASK: HOUR
------------------------------------------------------------------------------------------
y shape: (26208,)
classes: [ 0  1  2  3  4  5  6  7  8  9 10 11 12 13 14 15 16 17 18 19 20 21 22 23]
------------------------------------------------------------------------------------------
MODEL: LR
------------------------------------------------------------------------------------------
Seed: 42
PCA components: 1
Manual Torch grid search for LR
Number of settings: 3
params={'C': 0.1, 'lr': 0.001, 'weight_decay': 10.0}, cv_accuracy=0.089917
params={'C': 1.0, 'lr': 0.001, 'weight_decay': 1.0}, cv_accuracy=0.095215
params={'C': 10.0, 'lr': 0.001, 'weight_decay': 0.1}, cv_accuracy=0.085653
Best params: {'C': 1.0, 'lr': 0.001, 'weight_decay': 1.0}
Best CV accuracy: 0.095215
Epoch 1, loss = 3.471909
Epoch 50, loss = 3.144349
Epoch 100, loss = 3.143698
accuracy = 0.079858
balanced_accuracy = 0.083044
macro_f1 = 0.012884
weighted_f1 = 0.012570
macro_precision = 0.007002
macro_recall = 0.083044
n_pca = 1
best_cv_accuracy = 0.09521458109841269
best_params = {'C': 1.0, 'lr': 0.001, 'weight_decay': 1.0}
Seed: 43
PCA components: 1
Manual Torch grid search for LR
Number of settings: 3
params={'C': 0.1, 'lr': 0.001, 'weight_decay': 10.0}, cv_accuracy=0.081612
params={'C': 1.0, 'lr': 0.001, 'weight_decay': 1.0}, cv_accuracy=0.083902
params={'C': 10.0, 'lr': 0.001, 'weight_decay': 0.1}, cv_accuracy=0.085787
Best params: {'C': 10.0, 'lr': 0.001, 'weight_decay': 0.1}
Best CV accuracy: 0.085787
Epoch 1, loss = 3.481060
Epoch 50, loss = 2.959917
Epoch 100, loss = 2.957368
accuracy = 0.087996
balanced_accuracy = 0.088308
macro_f1 = 0.026078
weighted_f1 = 0.025062
macro_precision = 0.018408
macro_recall = 0.088308
n_pca = 1
best_cv_accuracy = 0.08578747344166143
best_params = {'C': 10.0, 'lr': 0.001, 'weight_decay': 0.1}
Seed: 44
PCA components: 1
Manual Torch grid search for LR
Number of settings: 3
params={'C': 0.1, 'lr': 0.001, 'weight_decay': 10.0}, cv_accuracy=0.084665
params={'C': 1.0, 'lr': 0.001, 'weight_decay': 1.0}, cv_accuracy=0.086999
params={'C': 10.0, 'lr': 0.001, 'weight_decay': 0.1}, cv_accuracy=0.087089
Best params: {'C': 10.0, 'lr': 0.001, 'weight_decay': 0.1}
Best CV accuracy: 0.087089
Epoch 1, loss = 3.454624
Epoch 50, loss = 2.959528
Epoch 100, loss = 2.956908
accuracy = 0.084944
balanced_accuracy = 0.085165
macro_f1 = 0.022456
weighted_f1 = 0.022500
macro_precision = 0.031841
macro_recall = 0.085165
n_pca = 1
best_cv_accuracy = 0.08708939350110012
best_params = {'C': 10.0, 'lr': 0.001, 'weight_decay': 0.1}
Seed: 45
PCA components: 1
Manual Torch grid search for LR
Number of settings: 3
params={'C': 0.1, 'lr': 0.001, 'weight_decay': 10.0}, cv_accuracy=0.091892
params={'C': 1.0, 'lr': 0.001, 'weight_decay': 1.0}, cv_accuracy=0.086730
params={'C': 10.0, 'lr': 0.001, 'weight_decay': 0.1}, cv_accuracy=0.085608
Best params: {'C': 0.1, 'lr': 0.001, 'weight_decay': 10.0}
Best CV accuracy: 0.091892
Epoch 1, loss = 3.560509
Epoch 50, loss = 3.175179
Epoch 100, loss = 3.174417
accuracy = 0.078077
balanced_accuracy = 0.083333
macro_f1 = 0.013211
weighted_f1 = 0.012512
macro_precision = 0.007195
macro_recall = 0.083333
n_pca = 1
best_cv_accuracy = 0.09189238647358766
best_params = {'C': 0.1, 'lr': 0.001, 'weight_decay': 10.0}
Seed: 56
PCA components: 1
Manual Torch grid search for LR
Number of settings: 3
params={'C': 0.1, 'lr': 0.001, 'weight_decay': 10.0}, cv_accuracy=0.084979
params={'C': 1.0, 'lr': 0.001, 'weight_decay': 1.0}, cv_accuracy=0.084486
params={'C': 10.0, 'lr': 0.001, 'weight_decay': 0.1}, cv_accuracy=0.087583
Best params: {'C': 10.0, 'lr': 0.001, 'weight_decay': 0.1}
Best CV accuracy: 0.087583
Epoch 1, loss = 3.317038
Epoch 50, loss = 2.958373
Epoch 100, loss = 2.957791
accuracy = 0.086216
balanced_accuracy = 0.086266
macro_f1 = 0.023591
weighted_f1 = 0.024065
macro_precision = 0.031942
macro_recall = 0.086266
n_pca = 1
best_cv_accuracy = 0.08758309975295342
best_params = {'C': 10.0, 'lr': 0.001, 'weight_decay': 0.1}
------------------------------------------------------------------------------------------
MODEL: MLP
------------------------------------------------------------------------------------------
Seed: 42
PCA components: 1
Manual Torch grid search for MLP
Number of settings: 3
params={'hidden_layer_sizes': (0, 0), 'activation': 'relu', 'alpha': 0.01, 'lr': 0.001, 'weight_decay': 0.01}, cv_accuracy=0.042602
params={'hidden_layer_sizes': (0, 0, 0), 'activation': 'relu', 'alpha': 0.01, 'lr': 0.001, 'weight_decay': 0.01}, cv_accuracy=0.042602
params={'hidden_layer_sizes': (150, 50), 'activation': 'relu', 'alpha': 0.01, 'lr': 0.001, 'weight_decay': 0.01}, cv_accuracy=0.249776
Best params: {'hidden_layer_sizes': (150, 50), 'activation': 'relu', 'alpha': 0.01, 'lr': 0.001, 'weight_decay': 0.01}
Best CV accuracy: 0.249776
Epoch 1, loss = 2.907026
Epoch 50, loss = 2.114853
Epoch 100, loss = 2.111812
accuracy = 0.254578
balanced_accuracy = 0.255882
macro_f1 = 0.185397
weighted_f1 = 0.187293
macro_precision = 0.157339
macro_recall = 0.255882
n_pca = 1
best_cv_accuracy = 0.2497758444486158
best_params = {'hidden_layer_sizes': (150, 50), 'activation': 'relu', 'alpha': 0.01, 'lr': 0.001, 'weight_decay': 0.01}
Seed: 43
PCA components: 1
Manual Torch grid search for MLP
Number of settings: 3
params={'hidden_layer_sizes': (0, 0), 'activation': 'relu', 'alpha': 0.01, 'lr': 0.001, 'weight_decay': 0.01}, cv_accuracy=0.042602
params={'hidden_layer_sizes': (0, 0, 0), 'activation': 'relu', 'alpha': 0.01, 'lr': 0.001, 'weight_decay': 0.01}, cv_accuracy=0.042602
params={'hidden_layer_sizes': (150, 50), 'activation': 'relu', 'alpha': 0.01, 'lr': 0.001, 'weight_decay': 0.01}, cv_accuracy=0.239586
Best params: {'hidden_layer_sizes': (150, 50), 'activation': 'relu', 'alpha': 0.01, 'lr': 0.001, 'weight_decay': 0.01}
Best CV accuracy: 0.239586
Epoch 1, loss = 2.933658
Epoch 50, loss = 2.115435
Epoch 100, loss = 2.111099
accuracy = 0.243642
balanced_accuracy = 0.246025
macro_f1 = 0.165706
weighted_f1 = 0.163598
macro_precision = 0.149563
macro_recall = 0.246025
n_pca = 1
best_cv_accuracy = 0.2395856279526268
best_params = {'hidden_layer_sizes': (150, 50), 'activation': 'relu', 'alpha': 0.01, 'lr': 0.001, 'weight_decay': 0.01}
Seed: 44
PCA components: 1
Manual Torch grid search for MLP
Number of settings: 3
params={'hidden_layer_sizes': (0, 0), 'activation': 'relu', 'alpha': 0.01, 'lr': 0.001, 'weight_decay': 0.01}, cv_accuracy=0.041929
params={'hidden_layer_sizes': (0, 0, 0), 'activation': 'relu', 'alpha': 0.01, 'lr': 0.001, 'weight_decay': 0.01}, cv_accuracy=0.041929
params={'hidden_layer_sizes': (150, 50), 'activation': 'relu', 'alpha': 0.01, 'lr': 0.001, 'weight_decay': 0.01}, cv_accuracy=0.240618
Best params: {'hidden_layer_sizes': (150, 50), 'activation': 'relu', 'alpha': 0.01, 'lr': 0.001, 'weight_decay': 0.01}
Best CV accuracy: 0.240618
Epoch 1, loss = 2.909878
Epoch 50, loss = 2.112946
Epoch 100, loss = 2.107673
accuracy = 0.238301
balanced_accuracy = 0.237116
macro_f1 = 0.163619
weighted_f1 = 0.162980
macro_precision = 0.136468
macro_recall = 0.237116
n_pca = 1
best_cv_accuracy = 0.2406180910157928
best_params = {'hidden_layer_sizes': (150, 50), 'activation': 'relu', 'alpha': 0.01, 'lr': 0.001, 'weight_decay': 0.01}
Seed: 45
PCA components: 1
Manual Torch grid search for MLP
Number of settings: 3
params={'hidden_layer_sizes': (0, 0), 'activation': 'relu', 'alpha': 0.01, 'lr': 0.001, 'weight_decay': 0.01}, cv_accuracy=0.042198
params={'hidden_layer_sizes': (0, 0, 0), 'activation': 'relu', 'alpha': 0.01, 'lr': 0.001, 'weight_decay': 0.01}, cv_accuracy=0.042198
params={'hidden_layer_sizes': (150, 50), 'activation': 'relu', 'alpha': 0.01, 'lr': 0.001, 'weight_decay': 0.01}, cv_accuracy=0.243580
Best params: {'hidden_layer_sizes': (150, 50), 'activation': 'relu', 'alpha': 0.01, 'lr': 0.001, 'weight_decay': 0.01}
Best CV accuracy: 0.243580
Epoch 1, loss = 2.843831
Epoch 50, loss = 2.113417
Epoch 100, loss = 2.109721
accuracy = 0.240081
balanced_accuracy = 0.243189
macro_f1 = 0.170954
weighted_f1 = 0.170427
macro_precision = 0.151271
macro_recall = 0.243189
n_pca = 1
best_cv_accuracy = 0.24358026202716032
best_params = {'hidden_layer_sizes': (150, 50), 'activation': 'relu', 'alpha': 0.01, 'lr': 0.001, 'weight_decay': 0.01}
Seed: 56
PCA components: 1
Manual Torch grid search for MLP
Number of settings: 3
params={'hidden_layer_sizes': (0, 0), 'activation': 'relu', 'alpha': 0.01, 'lr': 0.001, 'weight_decay': 0.01}, cv_accuracy=0.042333
params={'hidden_layer_sizes': (0, 0, 0), 'activation': 'relu', 'alpha': 0.01, 'lr': 0.001, 'weight_decay': 0.01}, cv_accuracy=0.042333
params={'hidden_layer_sizes': (150, 50), 'activation': 'relu', 'alpha': 0.01, 'lr': 0.001, 'weight_decay': 0.01}, cv_accuracy=0.239361
Best params: {'hidden_layer_sizes': (150, 50), 'activation': 'relu', 'alpha': 0.01, 'lr': 0.001, 'weight_decay': 0.01}
Best CV accuracy: 0.239361
Epoch 1, loss = 2.918633
Epoch 50, loss = 2.117335
Epoch 100, loss = 2.113045
accuracy = 0.241607
balanced_accuracy = 0.247299
macro_f1 = 0.168960
weighted_f1 = 0.165536
macro_precision = 0.138010
macro_recall = 0.247299
n_pca = 1
best_cv_accuracy = 0.23936084065359586
best_params = {'hidden_layer_sizes': (150, 50), 'activation': 'relu', 'alpha': 0.01, 'lr': 0.001, 'weight_decay': 0.01}
------------------------------------------------------------------------------------------
MODEL: XGB
------------------------------------------------------------------------------------------
Seed: 42
PCA components: 1
Manual XGB grid search
Number of settings: 4
[02:33:19] WARNING: /home/conda/feedstock_root/build_artifacts/xgboost-split_1700181168148/work/src/learner.cc:767: 
Parameters: { "device" } are not used.

[02:33:19] WARNING: /home/conda/feedstock_root/build_artifacts/xgboost-split_1700181168148/work/src/learner.cc:767: 
Parameters: { "device" } are not used.

[02:33:20] WARNING: /home/conda/feedstock_root/build_artifacts/xgboost-split_1700181168148/work/src/learner.cc:767: 
Parameters: { "device" } are not used.

params={'n_estimators': 50, 'learning_rate': 0.05, 'max_depth': 6}, cv_accuracy=0.288831
[02:33:21] WARNING: /home/conda/feedstock_root/build_artifacts/xgboost-split_1700181168148/work/src/learner.cc:767: 
Parameters: { "device" } are not used.

[02:33:22] WARNING: /home/conda/feedstock_root/build_artifacts/xgboost-split_1700181168148/work/src/learner.cc:767: 
Parameters: { "device" } are not used.

[02:33:22] WARNING: /home/conda/feedstock_root/build_artifacts/xgboost-split_1700181168148/work/src/learner.cc:767: 
Parameters: { "device" } are not used.

params={'n_estimators': 50, 'learning_rate': 0.1, 'max_depth': 6}, cv_accuracy=0.287080
[02:33:23] WARNING: /home/conda/feedstock_root/build_artifacts/xgboost-split_1700181168148/work/src/learner.cc:767: 
Parameters: { "device" } are not used.

[02:33:24] WARNING: /home/conda/feedstock_root/build_artifacts/xgboost-split_1700181168148/work/src/learner.cc:767: 
Parameters: { "device" } are not used.

[02:33:26] WARNING: /home/conda/feedstock_root/build_artifacts/xgboost-split_1700181168148/work/src/learner.cc:767: 
Parameters: { "device" } are not used.

params={'n_estimators': 100, 'learning_rate': 0.05, 'max_depth': 6}, cv_accuracy=0.287574
[02:33:27] WARNING: /home/conda/feedstock_root/build_artifacts/xgboost-split_1700181168148/work/src/learner.cc:767: 
Parameters: { "device" } are not used.

[02:33:29] WARNING: /home/conda/feedstock_root/build_artifacts/xgboost-split_1700181168148/work/src/learner.cc:767: 
Parameters: { "device" } are not used.

[02:33:30] WARNING: /home/conda/feedstock_root/build_artifacts/xgboost-split_1700181168148/work/src/learner.cc:767: 
Parameters: { "device" } are not used.

params={'n_estimators': 100, 'learning_rate': 0.1, 'max_depth': 6}, cv_accuracy=0.286003
Best params: {'n_estimators': 50, 'learning_rate': 0.05, 'max_depth': 6}
Best CV accuracy: 0.288831
[02:33:31] WARNING: /home/conda/feedstock_root/build_artifacts/xgboost-split_1700181168148/work/src/learner.cc:767: 
Parameters: { "device" } are not used.

accuracy = 0.302645
balanced_accuracy = 0.297709
macro_f1 = 0.264045
weighted_f1 = 0.267690
macro_precision = 0.264538
macro_recall = 0.297709
n_pca = 1
best_cv_accuracy = 0.2888310038772378
best_params = {'n_estimators': 50, 'learning_rate': 0.05, 'max_depth': 6}
Seed: 43
PCA components: 1
Manual XGB grid search
Number of settings: 4
[02:33:43] WARNING: /home/conda/feedstock_root/build_artifacts/xgboost-split_1700181168148/work/src/learner.cc:767: 
Parameters: { "device" } are not used.

[02:33:44] WARNING: /home/conda/feedstock_root/build_artifacts/xgboost-split_1700181168148/work/src/learner.cc:767: 
Parameters: { "device" } are not used.

[02:33:45] WARNING: /home/conda/feedstock_root/build_artifacts/xgboost-split_1700181168148/work/src/learner.cc:767: 
Parameters: { "device" } are not used.

params={'n_estimators': 50, 'learning_rate': 0.05, 'max_depth': 6}, cv_accuracy=0.292153
[02:33:45] WARNING: /home/conda/feedstock_root/build_artifacts/xgboost-split_1700181168148/work/src/learner.cc:767: 
Parameters: { "device" } are not used.

[02:33:46] WARNING: /home/conda/feedstock_root/build_artifacts/xgboost-split_1700181168148/work/src/learner.cc:767: 
Parameters: { "device" } are not used.

[02:33:47] WARNING: /home/conda/feedstock_root/build_artifacts/xgboost-split_1700181168148/work/src/learner.cc:767: 
Parameters: { "device" } are not used.

params={'n_estimators': 50, 'learning_rate': 0.1, 'max_depth': 6}, cv_accuracy=0.290716
[02:33:48] WARNING: /home/conda/feedstock_root/build_artifacts/xgboost-split_1700181168148/work/src/learner.cc:767: 
Parameters: { "device" } are not used.

[02:33:49] WARNING: /home/conda/feedstock_root/build_artifacts/xgboost-split_1700181168148/work/src/learner.cc:767: 
Parameters: { "device" } are not used.

[02:33:50] WARNING: /home/conda/feedstock_root/build_artifacts/xgboost-split_1700181168148/work/src/learner.cc:767: 
Parameters: { "device" } are not used.

params={'n_estimators': 100, 'learning_rate': 0.05, 'max_depth': 6}, cv_accuracy=0.290402
[02:33:52] WARNING: /home/conda/feedstock_root/build_artifacts/xgboost-split_1700181168148/work/src/learner.cc:767: 
Parameters: { "device" } are not used.

[02:33:53] WARNING: /home/conda/feedstock_root/build_artifacts/xgboost-split_1700181168148/work/src/learner.cc:767: 
Parameters: { "device" } are not used.

[02:33:54] WARNING: /home/conda/feedstock_root/build_artifacts/xgboost-split_1700181168148/work/src/learner.cc:767: 
Parameters: { "device" } are not used.

params={'n_estimators': 100, 'learning_rate': 0.1, 'max_depth': 6}, cv_accuracy=0.287754
Best params: {'n_estimators': 50, 'learning_rate': 0.05, 'max_depth': 6}
Best CV accuracy: 0.292153
[02:33:56] WARNING: /home/conda/feedstock_root/build_artifacts/xgboost-split_1700181168148/work/src/learner.cc:767: 
Parameters: { "device" } are not used.

accuracy = 0.292726
balanced_accuracy = 0.294471
macro_f1 = 0.262866
weighted_f1 = 0.262630
macro_precision = 0.261891
macro_recall = 0.294471
n_pca = 1
best_cv_accuracy = 0.29215292645762164
best_params = {'n_estimators': 50, 'learning_rate': 0.05, 'max_depth': 6}
Seed: 44
PCA components: 1
Manual XGB grid search
Number of settings: 4
[02:34:08] WARNING: /home/conda/feedstock_root/build_artifacts/xgboost-split_1700181168148/work/src/learner.cc:767: 
Parameters: { "device" } are not used.

[02:34:09] WARNING: /home/conda/feedstock_root/build_artifacts/xgboost-split_1700181168148/work/src/learner.cc:767: 
Parameters: { "device" } are not used.

[02:34:09] WARNING: /home/conda/feedstock_root/build_artifacts/xgboost-split_1700181168148/work/src/learner.cc:767: 
Parameters: { "device" } are not used.

params={'n_estimators': 50, 'learning_rate': 0.05, 'max_depth': 6}, cv_accuracy=0.291210
[02:34:10] WARNING: /home/conda/feedstock_root/build_artifacts/xgboost-split_1700181168148/work/src/learner.cc:767: 
Parameters: { "device" } are not used.

[02:34:11] WARNING: /home/conda/feedstock_root/build_artifacts/xgboost-split_1700181168148/work/src/learner.cc:767: 
Parameters: { "device" } are not used.

[02:34:11] WARNING: /home/conda/feedstock_root/build_artifacts/xgboost-split_1700181168148/work/src/learner.cc:767: 
Parameters: { "device" } are not used.

params={'n_estimators': 50, 'learning_rate': 0.1, 'max_depth': 6}, cv_accuracy=0.288965
[02:34:12] WARNING: /home/conda/feedstock_root/build_artifacts/xgboost-split_1700181168148/work/src/learner.cc:767: 
Parameters: { "device" } are not used.

[02:34:13] WARNING: /home/conda/feedstock_root/build_artifacts/xgboost-split_1700181168148/work/src/learner.cc:767: 
Parameters: { "device" } are not used.

[02:34:15] WARNING: /home/conda/feedstock_root/build_artifacts/xgboost-split_1700181168148/work/src/learner.cc:767: 
Parameters: { "device" } are not used.

params={'n_estimators': 100, 'learning_rate': 0.05, 'max_depth': 6}, cv_accuracy=0.289055
[02:34:16] WARNING: /home/conda/feedstock_root/build_artifacts/xgboost-split_1700181168148/work/src/learner.cc:767: 
Parameters: { "device" } are not used.

[02:34:18] WARNING: /home/conda/feedstock_root/build_artifacts/xgboost-split_1700181168148/work/src/learner.cc:767: 
Parameters: { "device" } are not used.

[02:34:19] WARNING: /home/conda/feedstock_root/build_artifacts/xgboost-split_1700181168148/work/src/learner.cc:767: 
Parameters: { "device" } are not used.

params={'n_estimators': 100, 'learning_rate': 0.1, 'max_depth': 6}, cv_accuracy=0.287664
Best params: {'n_estimators': 50, 'learning_rate': 0.05, 'max_depth': 6}
Best CV accuracy: 0.291210
[02:34:20] WARNING: /home/conda/feedstock_root/build_artifacts/xgboost-split_1700181168148/work/src/learner.cc:767: 
Parameters: { "device" } are not used.

accuracy = 0.297813
balanced_accuracy = 0.298327
macro_f1 = 0.257360
weighted_f1 = 0.257678
macro_precision = 0.246728
macro_recall = 0.298327
n_pca = 1
best_cv_accuracy = 0.2912100566970843
best_params = {'n_estimators': 50, 'learning_rate': 0.05, 'max_depth': 6}
Seed: 45
PCA components: 1
Manual XGB grid search
Number of settings: 4
[02:34:32] WARNING: /home/conda/feedstock_root/build_artifacts/xgboost-split_1700181168148/work/src/learner.cc:767: 
Parameters: { "device" } are not used.

[02:34:33] WARNING: /home/conda/feedstock_root/build_artifacts/xgboost-split_1700181168148/work/src/learner.cc:767: 
Parameters: { "device" } are not used.

[02:34:34] WARNING: /home/conda/feedstock_root/build_artifacts/xgboost-split_1700181168148/work/src/learner.cc:767: 
Parameters: { "device" } are not used.

params={'n_estimators': 50, 'learning_rate': 0.05, 'max_depth': 6}, cv_accuracy=0.289370
[02:34:35] WARNING: /home/conda/feedstock_root/build_artifacts/xgboost-split_1700181168148/work/src/learner.cc:767: 
Parameters: { "device" } are not used.

[02:34:35] WARNING: /home/conda/feedstock_root/build_artifacts/xgboost-split_1700181168148/work/src/learner.cc:767: 
Parameters: { "device" } are not used.

[02:34:36] WARNING: /home/conda/feedstock_root/build_artifacts/xgboost-split_1700181168148/work/src/learner.cc:767: 
Parameters: { "device" } are not used.

params={'n_estimators': 50, 'learning_rate': 0.1, 'max_depth': 6}, cv_accuracy=0.288876
[02:34:37] WARNING: /home/conda/feedstock_root/build_artifacts/xgboost-split_1700181168148/work/src/learner.cc:767: 
Parameters: { "device" } are not used.

[02:34:38] WARNING: /home/conda/feedstock_root/build_artifacts/xgboost-split_1700181168148/work/src/learner.cc:767: 
Parameters: { "device" } are not used.

[02:34:39] WARNING: /home/conda/feedstock_root/build_artifacts/xgboost-split_1700181168148/work/src/learner.cc:767: 
Parameters: { "device" } are not used.

params={'n_estimators': 100, 'learning_rate': 0.05, 'max_depth': 6}, cv_accuracy=0.288337
[02:34:41] WARNING: /home/conda/feedstock_root/build_artifacts/xgboost-split_1700181168148/work/src/learner.cc:767: 
Parameters: { "device" } are not used.

[02:34:42] WARNING: /home/conda/feedstock_root/build_artifacts/xgboost-split_1700181168148/work/src/learner.cc:767: 
Parameters: { "device" } are not used.

[02:34:43] WARNING: /home/conda/feedstock_root/build_artifacts/xgboost-split_1700181168148/work/src/learner.cc:767: 
Parameters: { "device" } are not used.

params={'n_estimators': 100, 'learning_rate': 0.1, 'max_depth': 6}, cv_accuracy=0.286407
Best params: {'n_estimators': 50, 'learning_rate': 0.05, 'max_depth': 6}
Best CV accuracy: 0.289370
[02:34:45] WARNING: /home/conda/feedstock_root/build_artifacts/xgboost-split_1700181168148/work/src/learner.cc:767: 
Parameters: { "device" } are not used.

accuracy = 0.296541
balanced_accuracy = 0.297383
macro_f1 = 0.257518
weighted_f1 = 0.256725
macro_precision = 0.258843
macro_recall = 0.297383
n_pca = 1
best_cv_accuracy = 0.28936971837052633
best_params = {'n_estimators': 50, 'learning_rate': 0.05, 'max_depth': 6}
Seed: 56
PCA components: 1
Manual XGB grid search
Number of settings: 4
[02:34:57] WARNING: /home/conda/feedstock_root/build_artifacts/xgboost-split_1700181168148/work/src/learner.cc:767: 
Parameters: { "device" } are not used.

[02:34:58] WARNING: /home/conda/feedstock_root/build_artifacts/xgboost-split_1700181168148/work/src/learner.cc:767: 
Parameters: { "device" } are not used.

[02:34:58] WARNING: /home/conda/feedstock_root/build_artifacts/xgboost-split_1700181168148/work/src/learner.cc:767: 
Parameters: { "device" } are not used.

params={'n_estimators': 50, 'learning_rate': 0.05, 'max_depth': 6}, cv_accuracy=0.288382
[02:34:59] WARNING: /home/conda/feedstock_root/build_artifacts/xgboost-split_1700181168148/work/src/learner.cc:767: 
Parameters: { "device" } are not used.

[02:35:00] WARNING: /home/conda/feedstock_root/build_artifacts/xgboost-split_1700181168148/work/src/learner.cc:767: 
Parameters: { "device" } are not used.

[02:35:00] WARNING: /home/conda/feedstock_root/build_artifacts/xgboost-split_1700181168148/work/src/learner.cc:767: 
Parameters: { "device" } are not used.

params={'n_estimators': 50, 'learning_rate': 0.1, 'max_depth': 6}, cv_accuracy=0.286048
[02:35:01] WARNING: /home/conda/feedstock_root/build_artifacts/xgboost-split_1700181168148/work/src/learner.cc:767: 
Parameters: { "device" } are not used.

[02:35:02] WARNING: /home/conda/feedstock_root/build_artifacts/xgboost-split_1700181168148/work/src/learner.cc:767: 
Parameters: { "device" } are not used.

[02:35:04] WARNING: /home/conda/feedstock_root/build_artifacts/xgboost-split_1700181168148/work/src/learner.cc:767: 
Parameters: { "device" } are not used.

params={'n_estimators': 100, 'learning_rate': 0.05, 'max_depth': 6}, cv_accuracy=0.286272
[02:35:05] WARNING: /home/conda/feedstock_root/build_artifacts/xgboost-split_1700181168148/work/src/learner.cc:767: 
Parameters: { "device" } are not used.

[02:35:06] WARNING: /home/conda/feedstock_root/build_artifacts/xgboost-split_1700181168148/work/src/learner.cc:767: 
Parameters: { "device" } are not used.

[02:35:08] WARNING: /home/conda/feedstock_root/build_artifacts/xgboost-split_1700181168148/work/src/learner.cc:767: 
Parameters: { "device" } are not used.

params={'n_estimators': 100, 'learning_rate': 0.1, 'max_depth': 6}, cv_accuracy=0.284926
Best params: {'n_estimators': 50, 'learning_rate': 0.05, 'max_depth': 6}
Best CV accuracy: 0.288382
[02:35:09] WARNING: /home/conda/feedstock_root/build_artifacts/xgboost-split_1700181168148/work/src/learner.cc:767: 
Parameters: { "device" } are not used.

accuracy = 0.292472
balanced_accuracy = 0.295451
macro_f1 = 0.259085
weighted_f1 = 0.256777
macro_precision = 0.263583
macro_recall = 0.295451
n_pca = 1
best_cv_accuracy = 0.2883822695942276
best_params = {'n_estimators': 50, 'learning_rate': 0.05, 'max_depth': 6}
------------------------------------------------------------------------------------------
TASK: DAY
------------------------------------------------------------------------------------------
y shape: (26208,)
classes: [0 1 2 3 4 5 6]
------------------------------------------------------------------------------------------
MODEL: LR
------------------------------------------------------------------------------------------
Seed: 42
PCA components: 1
Manual Torch grid search for LR
Number of settings: 3
params={'C': 0.1, 'lr': 0.001, 'weight_decay': 10.0}, cv_accuracy=0.165065
params={'C': 1.0, 'lr': 0.001, 'weight_decay': 1.0}, cv_accuracy=0.166188
params={'C': 10.0, 'lr': 0.001, 'weight_decay': 0.1}, cv_accuracy=0.164662
Best params: {'C': 1.0, 'lr': 0.001, 'weight_decay': 1.0}
Best CV accuracy: 0.166188
Epoch 1, loss = 2.225354
Epoch 50, loss = 1.943789
Epoch 100, loss = 1.943725
accuracy = 0.154883
balanced_accuracy = 0.159405
macro_f1 = 0.074770
weighted_f1 = 0.072875
macro_precision = 0.060361
macro_recall = 0.159405
n_pca = 1
best_cv_accuracy = 0.16618765686006912
best_params = {'C': 1.0, 'lr': 0.001, 'weight_decay': 1.0}
Seed: 43
PCA components: 1
Manual Torch grid search for LR
Number of settings: 3
params={'C': 0.1, 'lr': 0.001, 'weight_decay': 10.0}, cv_accuracy=0.166682
params={'C': 1.0, 'lr': 0.001, 'weight_decay': 1.0}, cv_accuracy=0.166143
params={'C': 10.0, 'lr': 0.001, 'weight_decay': 0.1}, cv_accuracy=0.166053
Best params: {'C': 0.1, 'lr': 0.001, 'weight_decay': 10.0}
Best CV accuracy: 0.166682
Epoch 1, loss = 2.245900
Epoch 50, loss = 1.945630
Epoch 100, loss = 1.945650
accuracy = 0.162513
balanced_accuracy = 0.164261
macro_f1 = 0.072631
weighted_f1 = 0.071603
macro_precision = 0.046925
macro_recall = 0.164261
n_pca = 1
best_cv_accuracy = 0.16668180442846028
best_params = {'C': 0.1, 'lr': 0.001, 'weight_decay': 10.0}
Seed: 44
PCA components: 1
Manual Torch grid search for LR
Number of settings: 3
params={'C': 0.1, 'lr': 0.001, 'weight_decay': 10.0}, cv_accuracy=0.168253
params={'C': 1.0, 'lr': 0.001, 'weight_decay': 1.0}, cv_accuracy=0.164751
params={'C': 10.0, 'lr': 0.001, 'weight_decay': 0.1}, cv_accuracy=0.166682
Best params: {'C': 0.1, 'lr': 0.001, 'weight_decay': 10.0}
Best CV accuracy: 0.168253
Epoch 1, loss = 2.285180
Epoch 50, loss = 1.945679
Epoch 100, loss = 1.945658
accuracy = 0.165565
balanced_accuracy = 0.166349
macro_f1 = 0.076605
weighted_f1 = 0.076139
macro_precision = 0.059388
macro_recall = 0.166349
n_pca = 1
best_cv_accuracy = 0.16825294571232266
best_params = {'C': 0.1, 'lr': 0.001, 'weight_decay': 10.0}
Seed: 45
PCA components: 1
Manual Torch grid search for LR
Number of settings: 3
params={'C': 0.1, 'lr': 0.001, 'weight_decay': 10.0}, cv_accuracy=0.163180
params={'C': 1.0, 'lr': 0.001, 'weight_decay': 1.0}, cv_accuracy=0.166412
params={'C': 10.0, 'lr': 0.001, 'weight_decay': 0.1}, cv_accuracy=0.165245
Best params: {'C': 1.0, 'lr': 0.001, 'weight_decay': 1.0}
Best CV accuracy: 0.166412
Epoch 1, loss = 2.283013
Epoch 50, loss = 1.944206
Epoch 100, loss = 1.943840
accuracy = 0.164802
balanced_accuracy = 0.164369
macro_f1 = 0.077338
weighted_f1 = 0.077326
macro_precision = 0.058014
macro_recall = 0.164369
n_pca = 1
best_cv_accuracy = 0.16641209956947456
best_params = {'C': 1.0, 'lr': 0.001, 'weight_decay': 1.0}
Seed: 56
PCA components: 1
Manual Torch grid search for LR
Number of settings: 3
params={'C': 0.1, 'lr': 0.001, 'weight_decay': 10.0}, cv_accuracy=0.169465
params={'C': 1.0, 'lr': 0.001, 'weight_decay': 1.0}, cv_accuracy=0.168477
params={'C': 10.0, 'lr': 0.001, 'weight_decay': 0.1}, cv_accuracy=0.167535
Best params: {'C': 0.1, 'lr': 0.001, 'weight_decay': 10.0}
Best CV accuracy: 0.169465
Epoch 1, loss = 2.092303
Epoch 50, loss = 1.945627
Epoch 100, loss = 1.945642
accuracy = 0.156409
balanced_accuracy = 0.155307
macro_f1 = 0.089742
weighted_f1 = 0.089841
macro_precision = 0.087092
macro_recall = 0.155307
n_pca = 1
best_cv_accuracy = 0.16946489160691514
best_params = {'C': 0.1, 'lr': 0.001, 'weight_decay': 10.0}
------------------------------------------------------------------------------------------
MODEL: MLP
------------------------------------------------------------------------------------------
Seed: 42
PCA components: 1
Manual Torch grid search for MLP
Number of settings: 3
params={'hidden_layer_sizes': (0, 0), 'activation': 'relu', 'alpha': 0.01, 'lr': 0.001, 'weight_decay': 0.01}, cv_accuracy=0.143563
params={'hidden_layer_sizes': (0, 0, 0), 'activation': 'relu', 'alpha': 0.01, 'lr': 0.001, 'weight_decay': 0.01}, cv_accuracy=0.143563
params={'hidden_layer_sizes': (150, 50), 'activation': 'relu', 'alpha': 0.01, 'lr': 0.001, 'weight_decay': 0.01}, cv_accuracy=0.171081
Best params: {'hidden_layer_sizes': (150, 50), 'activation': 'relu', 'alpha': 0.01, 'lr': 0.001, 'weight_decay': 0.01}
Best CV accuracy: 0.171081
Epoch 1, loss = 1.937625
Epoch 50, loss = 1.932522
Epoch 100, loss = 1.932067
accuracy = 0.158698
balanced_accuracy = 0.163025
macro_f1 = 0.073099
weighted_f1 = 0.071096
macro_precision = 0.053840
macro_recall = 0.163025
n_pca = 1
best_cv_accuracy = 0.17108098067789243
best_params = {'hidden_layer_sizes': (150, 50), 'activation': 'relu', 'alpha': 0.01, 'lr': 0.001, 'weight_decay': 0.01}
Seed: 43
PCA components: 1
Manual Torch grid search for MLP
Number of settings: 3
params={'hidden_layer_sizes': (0, 0), 'activation': 'relu', 'alpha': 0.01, 'lr': 0.001, 'weight_decay': 0.01}, cv_accuracy=0.143338
params={'hidden_layer_sizes': (0, 0, 0), 'activation': 'relu', 'alpha': 0.01, 'lr': 0.001, 'weight_decay': 0.01}, cv_accuracy=0.143338
params={'hidden_layer_sizes': (150, 50), 'activation': 'relu', 'alpha': 0.01, 'lr': 0.001, 'weight_decay': 0.01}, cv_accuracy=0.168881
Best params: {'hidden_layer_sizes': (150, 50), 'activation': 'relu', 'alpha': 0.01, 'lr': 0.001, 'weight_decay': 0.01}
Best CV accuracy: 0.168881
Epoch 1, loss = 1.938595
Epoch 50, loss = 1.932924
Epoch 100, loss = 1.932914
accuracy = 0.165310
balanced_accuracy = 0.167845
macro_f1 = 0.079328
weighted_f1 = 0.078252
macro_precision = 0.090354
macro_recall = 0.167845
n_pca = 1
best_cv_accuracy = 0.1688814409166326
best_params = {'hidden_layer_sizes': (150, 50), 'activation': 'relu', 'alpha': 0.01, 'lr': 0.001, 'weight_decay': 0.01}
Seed: 44
PCA components: 1
Manual Torch grid search for MLP
Number of settings: 3
params={'hidden_layer_sizes': (0, 0), 'activation': 'relu', 'alpha': 0.01, 'lr': 0.001, 'weight_decay': 0.01}, cv_accuracy=0.143293
params={'hidden_layer_sizes': (0, 0, 0), 'activation': 'relu', 'alpha': 0.01, 'lr': 0.001, 'weight_decay': 0.01}, cv_accuracy=0.143293
params={'hidden_layer_sizes': (150, 50), 'activation': 'relu', 'alpha': 0.01, 'lr': 0.001, 'weight_decay': 0.01}, cv_accuracy=0.172562
Best params: {'hidden_layer_sizes': (150, 50), 'activation': 'relu', 'alpha': 0.01, 'lr': 0.001, 'weight_decay': 0.01}
Best CV accuracy: 0.172562
Epoch 1, loss = 1.938056
Epoch 50, loss = 1.933570
Epoch 100, loss = 1.933163
accuracy = 0.170651
balanced_accuracy = 0.171612
macro_f1 = 0.082743
weighted_f1 = 0.082173
macro_precision = 0.125016
macro_recall = 0.171612
n_pca = 1
best_cv_accuracy = 0.1725624319322138
best_params = {'hidden_layer_sizes': (150, 50), 'activation': 'relu', 'alpha': 0.01, 'lr': 0.001, 'weight_decay': 0.01}
Seed: 45
PCA components: 1
Manual Torch grid search for MLP
Number of settings: 3
params={'hidden_layer_sizes': (0, 0), 'activation': 'relu', 'alpha': 0.01, 'lr': 0.001, 'weight_decay': 0.01}, cv_accuracy=0.144011
params={'hidden_layer_sizes': (0, 0, 0), 'activation': 'relu', 'alpha': 0.01, 'lr': 0.001, 'weight_decay': 0.01}, cv_accuracy=0.144011
params={'hidden_layer_sizes': (150, 50), 'activation': 'relu', 'alpha': 0.01, 'lr': 0.001, 'weight_decay': 0.01}, cv_accuracy=0.172024
Best params: {'hidden_layer_sizes': (150, 50), 'activation': 'relu', 'alpha': 0.01, 'lr': 0.001, 'weight_decay': 0.01}
Best CV accuracy: 0.172024
Epoch 1, loss = 1.937544
Epoch 50, loss = 1.933258
Epoch 100, loss = 1.933334
accuracy = 0.168616
balanced_accuracy = 0.168611
macro_f1 = 0.080609
weighted_f1 = 0.080458
macro_precision = 0.078145
macro_recall = 0.168611
n_pca = 1
best_cv_accuracy = 0.1720237295297893
best_params = {'hidden_layer_sizes': (150, 50), 'activation': 'relu', 'alpha': 0.01, 'lr': 0.001, 'weight_decay': 0.01}
Seed: 56
PCA components: 1
Manual Torch grid search for MLP
Number of settings: 3
params={'hidden_layer_sizes': (0, 0), 'activation': 'relu', 'alpha': 0.01, 'lr': 0.001, 'weight_decay': 0.01}, cv_accuracy=0.143293
params={'hidden_layer_sizes': (0, 0, 0), 'activation': 'relu', 'alpha': 0.01, 'lr': 0.001, 'weight_decay': 0.01}, cv_accuracy=0.143293
params={'hidden_layer_sizes': (150, 50), 'activation': 'relu', 'alpha': 0.01, 'lr': 0.001, 'weight_decay': 0.01}, cv_accuracy=0.171575
Best params: {'hidden_layer_sizes': (150, 50), 'activation': 'relu', 'alpha': 0.01, 'lr': 0.001, 'weight_decay': 0.01}
Best CV accuracy: 0.171575
Epoch 1, loss = 1.936805
Epoch 50, loss = 1.932708
Epoch 100, loss = 1.932565
accuracy = 0.164547
balanced_accuracy = 0.163021
macro_f1 = 0.079314
weighted_f1 = 0.079676
macro_precision = 0.080238
macro_recall = 0.163021
n_pca = 1
best_cv_accuracy = 0.17157498315591502
best_params = {'hidden_layer_sizes': (150, 50), 'activation': 'relu', 'alpha': 0.01, 'lr': 0.001, 'weight_decay': 0.01}
------------------------------------------------------------------------------------------
MODEL: XGB
------------------------------------------------------------------------------------------
Seed: 42
PCA components: 1
Manual XGB grid search
Number of settings: 4
[02:41:39] WARNING: /home/conda/feedstock_root/build_artifacts/xgboost-split_1700181168148/work/src/learner.cc:767: 
Parameters: { "device" } are not used.

[02:41:40] WARNING: /home/conda/feedstock_root/build_artifacts/xgboost-split_1700181168148/work/src/learner.cc:767: 
Parameters: { "device" } are not used.

[02:41:40] WARNING: /home/conda/feedstock_root/build_artifacts/xgboost-split_1700181168148/work/src/learner.cc:767: 
Parameters: { "device" } are not used.

params={'n_estimators': 50, 'learning_rate': 0.05, 'max_depth': 6}, cv_accuracy=0.214760
[02:41:40] WARNING: /home/conda/feedstock_root/build_artifacts/xgboost-split_1700181168148/work/src/learner.cc:767: 
Parameters: { "device" } are not used.

[02:41:40] WARNING: /home/conda/feedstock_root/build_artifacts/xgboost-split_1700181168148/work/src/learner.cc:767: 
Parameters: { "device" } are not used.

[02:41:40] WARNING: /home/conda/feedstock_root/build_artifacts/xgboost-split_1700181168148/work/src/learner.cc:767: 
Parameters: { "device" } are not used.

params={'n_estimators': 50, 'learning_rate': 0.1, 'max_depth': 6}, cv_accuracy=0.214267
[02:41:41] WARNING: /home/conda/feedstock_root/build_artifacts/xgboost-split_1700181168148/work/src/learner.cc:767: 
Parameters: { "device" } are not used.

[02:41:41] WARNING: /home/conda/feedstock_root/build_artifacts/xgboost-split_1700181168148/work/src/learner.cc:767: 
Parameters: { "device" } are not used.

[02:41:42] WARNING: /home/conda/feedstock_root/build_artifacts/xgboost-split_1700181168148/work/src/learner.cc:767: 
Parameters: { "device" } are not used.

params={'n_estimators': 100, 'learning_rate': 0.05, 'max_depth': 6}, cv_accuracy=0.213683
[02:41:42] WARNING: /home/conda/feedstock_root/build_artifacts/xgboost-split_1700181168148/work/src/learner.cc:767: 
Parameters: { "device" } are not used.

[02:41:42] WARNING: /home/conda/feedstock_root/build_artifacts/xgboost-split_1700181168148/work/src/learner.cc:767: 
Parameters: { "device" } are not used.

[02:41:43] WARNING: /home/conda/feedstock_root/build_artifacts/xgboost-split_1700181168148/work/src/learner.cc:767: 
Parameters: { "device" } are not used.

params={'n_estimators': 100, 'learning_rate': 0.1, 'max_depth': 6}, cv_accuracy=0.213414
Best params: {'n_estimators': 50, 'learning_rate': 0.05, 'max_depth': 6}
Best CV accuracy: 0.214760
[02:41:43] WARNING: /home/conda/feedstock_root/build_artifacts/xgboost-split_1700181168148/work/src/learner.cc:767: 
Parameters: { "device" } are not used.

accuracy = 0.222279
balanced_accuracy = 0.219945
macro_f1 = 0.191340
weighted_f1 = 0.191912
macro_precision = 0.213265
macro_recall = 0.219945
n_pca = 1
best_cv_accuracy = 0.2147604240628749
best_params = {'n_estimators': 50, 'learning_rate': 0.05, 'max_depth': 6}
Seed: 43
PCA components: 1
Manual XGB grid search
Number of settings: 4
[02:41:55] WARNING: /home/conda/feedstock_root/build_artifacts/xgboost-split_1700181168148/work/src/learner.cc:767: 
Parameters: { "device" } are not used.

[02:41:55] WARNING: /home/conda/feedstock_root/build_artifacts/xgboost-split_1700181168148/work/src/learner.cc:767: 
Parameters: { "device" } are not used.

[02:41:55] WARNING: /home/conda/feedstock_root/build_artifacts/xgboost-split_1700181168148/work/src/learner.cc:767: 
Parameters: { "device" } are not used.

params={'n_estimators': 50, 'learning_rate': 0.05, 'max_depth': 6}, cv_accuracy=0.219429
[02:41:56] WARNING: /home/conda/feedstock_root/build_artifacts/xgboost-split_1700181168148/work/src/learner.cc:767: 
Parameters: { "device" } are not used.

[02:41:56] WARNING: /home/conda/feedstock_root/build_artifacts/xgboost-split_1700181168148/work/src/learner.cc:767: 
Parameters: { "device" } are not used.

[02:41:56] WARNING: /home/conda/feedstock_root/build_artifacts/xgboost-split_1700181168148/work/src/learner.cc:767: 
Parameters: { "device" } are not used.

params={'n_estimators': 50, 'learning_rate': 0.1, 'max_depth': 6}, cv_accuracy=0.219249
[02:41:56] WARNING: /home/conda/feedstock_root/build_artifacts/xgboost-split_1700181168148/work/src/learner.cc:767: 
Parameters: { "device" } are not used.

[02:41:57] WARNING: /home/conda/feedstock_root/build_artifacts/xgboost-split_1700181168148/work/src/learner.cc:767: 
Parameters: { "device" } are not used.

[02:41:57] WARNING: /home/conda/feedstock_root/build_artifacts/xgboost-split_1700181168148/work/src/learner.cc:767: 
Parameters: { "device" } are not used.

params={'n_estimators': 100, 'learning_rate': 0.05, 'max_depth': 6}, cv_accuracy=0.219519
[02:41:58] WARNING: /home/conda/feedstock_root/build_artifacts/xgboost-split_1700181168148/work/src/learner.cc:767: 
Parameters: { "device" } are not used.

[02:41:58] WARNING: /home/conda/feedstock_root/build_artifacts/xgboost-split_1700181168148/work/src/learner.cc:767: 
Parameters: { "device" } are not used.

[02:41:58] WARNING: /home/conda/feedstock_root/build_artifacts/xgboost-split_1700181168148/work/src/learner.cc:767: 
Parameters: { "device" } are not used.

params={'n_estimators': 100, 'learning_rate': 0.1, 'max_depth': 6}, cv_accuracy=0.220057
Best params: {'n_estimators': 100, 'learning_rate': 0.1, 'max_depth': 6}
Best CV accuracy: 0.220057
[02:41:59] WARNING: /home/conda/feedstock_root/build_artifacts/xgboost-split_1700181168148/work/src/learner.cc:767: 
Parameters: { "device" } are not used.

accuracy = 0.214649
balanced_accuracy = 0.216340
macro_f1 = 0.194771
weighted_f1 = 0.193913
macro_precision = 0.203977
macro_recall = 0.216340
n_pca = 1
best_cv_accuracy = 0.22005732278647264
best_params = {'n_estimators': 100, 'learning_rate': 0.1, 'max_depth': 6}
Seed: 44
PCA components: 1
Manual XGB grid search
Number of settings: 4
[02:42:11] WARNING: /home/conda/feedstock_root/build_artifacts/xgboost-split_1700181168148/work/src/learner.cc:767: 
Parameters: { "device" } are not used.

[02:42:11] WARNING: /home/conda/feedstock_root/build_artifacts/xgboost-split_1700181168148/work/src/learner.cc:767: 
Parameters: { "device" } are not used.

[02:42:11] WARNING: /home/conda/feedstock_root/build_artifacts/xgboost-split_1700181168148/work/src/learner.cc:767: 
Parameters: { "device" } are not used.

params={'n_estimators': 50, 'learning_rate': 0.05, 'max_depth': 6}, cv_accuracy=0.215029
[02:42:11] WARNING: /home/conda/feedstock_root/build_artifacts/xgboost-split_1700181168148/work/src/learner.cc:767: 
Parameters: { "device" } are not used.

[02:42:12] WARNING: /home/conda/feedstock_root/build_artifacts/xgboost-split_1700181168148/work/src/learner.cc:767: 
Parameters: { "device" } are not used.

[02:42:12] WARNING: /home/conda/feedstock_root/build_artifacts/xgboost-split_1700181168148/work/src/learner.cc:767: 
Parameters: { "device" } are not used.

params={'n_estimators': 50, 'learning_rate': 0.1, 'max_depth': 6}, cv_accuracy=0.215119
[02:42:12] WARNING: /home/conda/feedstock_root/build_artifacts/xgboost-split_1700181168148/work/src/learner.cc:767: 
Parameters: { "device" } are not used.

[02:42:12] WARNING: /home/conda/feedstock_root/build_artifacts/xgboost-split_1700181168148/work/src/learner.cc:767: 
Parameters: { "device" } are not used.

[02:42:13] WARNING: /home/conda/feedstock_root/build_artifacts/xgboost-split_1700181168148/work/src/learner.cc:767: 
Parameters: { "device" } are not used.

params={'n_estimators': 100, 'learning_rate': 0.05, 'max_depth': 6}, cv_accuracy=0.215703
[02:42:13] WARNING: /home/conda/feedstock_root/build_artifacts/xgboost-split_1700181168148/work/src/learner.cc:767: 
Parameters: { "device" } are not used.

[02:42:14] WARNING: /home/conda/feedstock_root/build_artifacts/xgboost-split_1700181168148/work/src/learner.cc:767: 
Parameters: { "device" } are not used.

[02:42:14] WARNING: /home/conda/feedstock_root/build_artifacts/xgboost-split_1700181168148/work/src/learner.cc:767: 
Parameters: { "device" } are not used.

params={'n_estimators': 100, 'learning_rate': 0.1, 'max_depth': 6}, cv_accuracy=0.216556
Best params: {'n_estimators': 100, 'learning_rate': 0.1, 'max_depth': 6}
Best CV accuracy: 0.216556
[02:42:15] WARNING: /home/conda/feedstock_root/build_artifacts/xgboost-split_1700181168148/work/src/learner.cc:767: 
Parameters: { "device" } are not used.

accuracy = 0.212869
balanced_accuracy = 0.213908
macro_f1 = 0.194882
weighted_f1 = 0.194391
macro_precision = 0.205765
macro_recall = 0.213908
n_pca = 1
best_cv_accuracy = 0.21655577228429368
best_params = {'n_estimators': 100, 'learning_rate': 0.1, 'max_depth': 6}
Seed: 45
PCA components: 1
Manual XGB grid search
Number of settings: 4
[02:42:26] WARNING: /home/conda/feedstock_root/build_artifacts/xgboost-split_1700181168148/work/src/learner.cc:767: 
Parameters: { "device" } are not used.

[02:42:27] WARNING: /home/conda/feedstock_root/build_artifacts/xgboost-split_1700181168148/work/src/learner.cc:767: 
Parameters: { "device" } are not used.

[02:42:27] WARNING: /home/conda/feedstock_root/build_artifacts/xgboost-split_1700181168148/work/src/learner.cc:767: 
Parameters: { "device" } are not used.

params={'n_estimators': 50, 'learning_rate': 0.05, 'max_depth': 6}, cv_accuracy=0.216915
[02:42:27] WARNING: /home/conda/feedstock_root/build_artifacts/xgboost-split_1700181168148/work/src/learner.cc:767: 
Parameters: { "device" } are not used.

[02:42:27] WARNING: /home/conda/feedstock_root/build_artifacts/xgboost-split_1700181168148/work/src/learner.cc:767: 
Parameters: { "device" } are not used.

[02:42:27] WARNING: /home/conda/feedstock_root/build_artifacts/xgboost-split_1700181168148/work/src/learner.cc:767: 
Parameters: { "device" } are not used.

params={'n_estimators': 50, 'learning_rate': 0.1, 'max_depth': 6}, cv_accuracy=0.215972
[02:42:28] WARNING: /home/conda/feedstock_root/build_artifacts/xgboost-split_1700181168148/work/src/learner.cc:767: 
Parameters: { "device" } are not used.

[02:42:28] WARNING: /home/conda/feedstock_root/build_artifacts/xgboost-split_1700181168148/work/src/learner.cc:767: 
Parameters: { "device" } are not used.

[02:42:29] WARNING: /home/conda/feedstock_root/build_artifacts/xgboost-split_1700181168148/work/src/learner.cc:767: 
Parameters: { "device" } are not used.

params={'n_estimators': 100, 'learning_rate': 0.05, 'max_depth': 6}, cv_accuracy=0.218037
[02:42:29] WARNING: /home/conda/feedstock_root/build_artifacts/xgboost-split_1700181168148/work/src/learner.cc:767: 
Parameters: { "device" } are not used.

[02:42:29] WARNING: /home/conda/feedstock_root/build_artifacts/xgboost-split_1700181168148/work/src/learner.cc:767: 
Parameters: { "device" } are not used.

[02:42:30] WARNING: /home/conda/feedstock_root/build_artifacts/xgboost-split_1700181168148/work/src/learner.cc:767: 
Parameters: { "device" } are not used.

params={'n_estimators': 100, 'learning_rate': 0.1, 'max_depth': 6}, cv_accuracy=0.214581
Best params: {'n_estimators': 100, 'learning_rate': 0.05, 'max_depth': 6}
Best CV accuracy: 0.218037
[02:42:30] WARNING: /home/conda/feedstock_root/build_artifacts/xgboost-split_1700181168148/work/src/learner.cc:767: 
Parameters: { "device" } are not used.

accuracy = 0.218718
balanced_accuracy = 0.219925
macro_f1 = 0.193110
weighted_f1 = 0.192564
macro_precision = 0.209814
macro_recall = 0.219925
n_pca = 1
best_cv_accuracy = 0.21803722958404706
best_params = {'n_estimators': 100, 'learning_rate': 0.05, 'max_depth': 6}
Seed: 56
PCA components: 1
Manual XGB grid search
Number of settings: 4
[02:42:42] WARNING: /home/conda/feedstock_root/build_artifacts/xgboost-split_1700181168148/work/src/learner.cc:767: 
Parameters: { "device" } are not used.

[02:42:42] WARNING: /home/conda/feedstock_root/build_artifacts/xgboost-split_1700181168148/work/src/learner.cc:767: 
Parameters: { "device" } are not used.

[02:42:43] WARNING: /home/conda/feedstock_root/build_artifacts/xgboost-split_1700181168148/work/src/learner.cc:767: 
Parameters: { "device" } are not used.

params={'n_estimators': 50, 'learning_rate': 0.05, 'max_depth': 6}, cv_accuracy=0.216691
[02:42:43] WARNING: /home/conda/feedstock_root/build_artifacts/xgboost-split_1700181168148/work/src/learner.cc:767: 
Parameters: { "device" } are not used.

[02:42:43] WARNING: /home/conda/feedstock_root/build_artifacts/xgboost-split_1700181168148/work/src/learner.cc:767: 
Parameters: { "device" } are not used.

[02:42:43] WARNING: /home/conda/feedstock_root/build_artifacts/xgboost-split_1700181168148/work/src/learner.cc:767: 
Parameters: { "device" } are not used.

params={'n_estimators': 50, 'learning_rate': 0.1, 'max_depth': 6}, cv_accuracy=0.218800
[02:42:44] WARNING: /home/conda/feedstock_root/build_artifacts/xgboost-split_1700181168148/work/src/learner.cc:767: 
Parameters: { "device" } are not used.

[02:42:44] WARNING: /home/conda/feedstock_root/build_artifacts/xgboost-split_1700181168148/work/src/learner.cc:767: 
Parameters: { "device" } are not used.

[02:42:44] WARNING: /home/conda/feedstock_root/build_artifacts/xgboost-split_1700181168148/work/src/learner.cc:767: 
Parameters: { "device" } are not used.

params={'n_estimators': 100, 'learning_rate': 0.05, 'max_depth': 6}, cv_accuracy=0.217544
[02:42:45] WARNING: /home/conda/feedstock_root/build_artifacts/xgboost-split_1700181168148/work/src/learner.cc:767: 
Parameters: { "device" } are not used.

[02:42:45] WARNING: /home/conda/feedstock_root/build_artifacts/xgboost-split_1700181168148/work/src/learner.cc:767: 
Parameters: { "device" } are not used.

[02:42:46] WARNING: /home/conda/feedstock_root/build_artifacts/xgboost-split_1700181168148/work/src/learner.cc:767: 
Parameters: { "device" } are not used.

params={'n_estimators': 100, 'learning_rate': 0.1, 'max_depth': 6}, cv_accuracy=0.215838
Best params: {'n_estimators': 50, 'learning_rate': 0.1, 'max_depth': 6}
Best CV accuracy: 0.218800
[02:42:46] WARNING: /home/conda/feedstock_root/build_artifacts/xgboost-split_1700181168148/work/src/learner.cc:767: 
Parameters: { "device" } are not used.

accuracy = 0.216938
balanced_accuracy = 0.216884
macro_f1 = 0.189260
weighted_f1 = 0.188904
macro_precision = 0.206408
macro_recall = 0.216884
n_pca = 1
best_cv_accuracy = 0.21880033237785282
best_params = {'n_estimators': 50, 'learning_rate': 0.1, 'max_depth': 6}
------------------------------------------------------------------------------------------
TASK: WEEK
------------------------------------------------------------------------------------------
y shape: (26208,)
classes: [0 1 2 3]
------------------------------------------------------------------------------------------
MODEL: LR
------------------------------------------------------------------------------------------
Seed: 42
PCA components: 1
Manual Torch grid search for LR
Number of settings: 3
params={'C': 0.1, 'lr': 0.001, 'weight_decay': 10.0}, cv_accuracy=0.309077
params={'C': 1.0, 'lr': 0.001, 'weight_decay': 1.0}, cv_accuracy=0.309077
params={'C': 10.0, 'lr': 0.001, 'weight_decay': 0.1}, cv_accuracy=0.309077
Best params: {'C': 0.1, 'lr': 0.001, 'weight_decay': 10.0}
Best CV accuracy: 0.309077
Epoch 1, loss = 1.558514
Epoch 50, loss = 1.385855
Epoch 100, loss = 1.385835
accuracy = 0.299847
balanced_accuracy = 0.250000
macro_f1 = 0.115339
weighted_f1 = 0.138337
macro_precision = 0.074962
macro_recall = 0.250000
n_pca = 1
best_cv_accuracy = 0.3090770348244089
best_params = {'C': 0.1, 'lr': 0.001, 'weight_decay': 10.0}
Seed: 43
PCA components: 1
Manual Torch grid search for LR
Number of settings: 3
params={'C': 0.1, 'lr': 0.001, 'weight_decay': 10.0}, cv_accuracy=0.309526
params={'C': 1.0, 'lr': 0.001, 'weight_decay': 1.0}, cv_accuracy=0.309526
params={'C': 10.0, 'lr': 0.001, 'weight_decay': 0.1}, cv_accuracy=0.309526
Best params: {'C': 0.1, 'lr': 0.001, 'weight_decay': 10.0}
Best CV accuracy: 0.309526
Epoch 1, loss = 1.655840
Epoch 50, loss = 1.385778
Epoch 100, loss = 1.385822
accuracy = 0.297304
balanced_accuracy = 0.250000
macro_f1 = 0.114585
weighted_f1 = 0.136267
macro_precision = 0.074326
macro_recall = 0.250000
n_pca = 1
best_cv_accuracy = 0.30952595047037995
best_params = {'C': 0.1, 'lr': 0.001, 'weight_decay': 10.0}
Seed: 44
PCA components: 1
Manual Torch grid search for LR
Number of settings: 3
params={'C': 0.1, 'lr': 0.001, 'weight_decay': 10.0}, cv_accuracy=0.307865
params={'C': 1.0, 'lr': 0.001, 'weight_decay': 1.0}, cv_accuracy=0.307865
params={'C': 10.0, 'lr': 0.001, 'weight_decay': 0.1}, cv_accuracy=0.307865
Best params: {'C': 0.1, 'lr': 0.001, 'weight_decay': 10.0}
Best CV accuracy: 0.307865
Epoch 1, loss = 1.536251
Epoch 50, loss = 1.385843
Epoch 100, loss = 1.385871
accuracy = 0.306714
balanced_accuracy = 0.250000
macro_f1 = 0.117361
weighted_f1 = 0.143985
macro_precision = 0.076679
macro_recall = 0.250000
n_pca = 1
best_cv_accuracy = 0.30786496802117597
best_params = {'C': 0.1, 'lr': 0.001, 'weight_decay': 10.0}
Seed: 45
PCA components: 1
Manual Torch grid search for LR
Number of settings: 3
params={'C': 0.1, 'lr': 0.001, 'weight_decay': 10.0}, cv_accuracy=0.304319
params={'C': 1.0, 'lr': 0.001, 'weight_decay': 1.0}, cv_accuracy=0.304319
params={'C': 10.0, 'lr': 0.001, 'weight_decay': 0.1}, cv_accuracy=0.304319
Best params: {'C': 0.1, 'lr': 0.001, 'weight_decay': 10.0}
Best CV accuracy: 0.304319
Epoch 1, loss = 1.722504
Epoch 50, loss = 1.386058
Epoch 100, loss = 1.385902
accuracy = 0.326806
balanced_accuracy = 0.250000
macro_f1 = 0.123155
weighted_f1 = 0.160991
macro_precision = 0.081701
macro_recall = 0.250000
n_pca = 1
best_cv_accuracy = 0.3043185543679305
best_params = {'C': 0.1, 'lr': 0.001, 'weight_decay': 10.0}
Seed: 56
PCA components: 1
Manual Torch grid search for LR
Number of settings: 3
params={'C': 0.1, 'lr': 0.001, 'weight_decay': 10.0}, cv_accuracy=0.308134
params={'C': 1.0, 'lr': 0.001, 'weight_decay': 1.0}, cv_accuracy=0.308134
params={'C': 10.0, 'lr': 0.001, 'weight_decay': 0.1}, cv_accuracy=0.308134
Best params: {'C': 0.1, 'lr': 0.001, 'weight_decay': 10.0}
Best CV accuracy: 0.308134
Epoch 1, loss = 1.530251
Epoch 50, loss = 1.385816
Epoch 100, loss = 1.385855
accuracy = 0.305188
balanced_accuracy = 0.250000
macro_f1 = 0.116913
weighted_f1 = 0.142722
macro_precision = 0.076297
macro_recall = 0.250000
n_pca = 1
best_cv_accuracy = 0.3081343161996722
best_params = {'C': 0.1, 'lr': 0.001, 'weight_decay': 10.0}
------------------------------------------------------------------------------------------
MODEL: MLP
------------------------------------------------------------------------------------------
Seed: 42
PCA components: 1
Manual Torch grid search for MLP
Number of settings: 3
params={'hidden_layer_sizes': (0, 0), 'activation': 'relu', 'alpha': 0.01, 'lr': 0.001, 'weight_decay': 0.01}, cv_accuracy=0.309077
params={'hidden_layer_sizes': (0, 0, 0), 'activation': 'relu', 'alpha': 0.01, 'lr': 0.001, 'weight_decay': 0.01}, cv_accuracy=0.309077
params={'hidden_layer_sizes': (150, 50), 'activation': 'relu', 'alpha': 0.01, 'lr': 0.001, 'weight_decay': 0.01}, cv_accuracy=0.309077
Best params: {'hidden_layer_sizes': (0, 0), 'activation': 'relu', 'alpha': 0.01, 'lr': 0.001, 'weight_decay': 0.01}
Best CV accuracy: 0.309077
Epoch 1, loss = 1.384410
Epoch 50, loss = 1.377437
Epoch 100, loss = 1.377456
accuracy = 0.299847
balanced_accuracy = 0.250000
macro_f1 = 0.115339
weighted_f1 = 0.138337
macro_precision = 0.074962
macro_recall = 0.250000
n_pca = 1
best_cv_accuracy = 0.3090770348244089
best_params = {'hidden_layer_sizes': (0, 0), 'activation': 'relu', 'alpha': 0.01, 'lr': 0.001, 'weight_decay': 0.01}
Seed: 43
PCA components: 1
Manual Torch grid search for MLP
Number of settings: 3
params={'hidden_layer_sizes': (0, 0), 'activation': 'relu', 'alpha': 0.01, 'lr': 0.001, 'weight_decay': 0.01}, cv_accuracy=0.309526
params={'hidden_layer_sizes': (0, 0, 0), 'activation': 'relu', 'alpha': 0.01, 'lr': 0.001, 'weight_decay': 0.01}, cv_accuracy=0.309526
params={'hidden_layer_sizes': (150, 50), 'activation': 'relu', 'alpha': 0.01, 'lr': 0.001, 'weight_decay': 0.01}, cv_accuracy=0.309526
Best params: {'hidden_layer_sizes': (0, 0), 'activation': 'relu', 'alpha': 0.01, 'lr': 0.001, 'weight_decay': 0.01}
Best CV accuracy: 0.309526
Epoch 1, loss = 1.384391
Epoch 50, loss = 1.377318
Epoch 100, loss = 1.377314
accuracy = 0.297304
balanced_accuracy = 0.250000
macro_f1 = 0.114585
weighted_f1 = 0.136267
macro_precision = 0.074326
macro_recall = 0.250000
n_pca = 1
best_cv_accuracy = 0.30952595047037995
best_params = {'hidden_layer_sizes': (0, 0), 'activation': 'relu', 'alpha': 0.01, 'lr': 0.001, 'weight_decay': 0.01}
Seed: 44
PCA components: 1
Manual Torch grid search for MLP
Number of settings: 3
params={'hidden_layer_sizes': (0, 0), 'activation': 'relu', 'alpha': 0.01, 'lr': 0.001, 'weight_decay': 0.01}, cv_accuracy=0.307865
params={'hidden_layer_sizes': (0, 0, 0), 'activation': 'relu', 'alpha': 0.01, 'lr': 0.001, 'weight_decay': 0.01}, cv_accuracy=0.307865
params={'hidden_layer_sizes': (150, 50), 'activation': 'relu', 'alpha': 0.01, 'lr': 0.001, 'weight_decay': 0.01}, cv_accuracy=0.307865
Best params: {'hidden_layer_sizes': (0, 0), 'activation': 'relu', 'alpha': 0.01, 'lr': 0.001, 'weight_decay': 0.01}
Best CV accuracy: 0.307865
Epoch 1, loss = 1.384392
Epoch 50, loss = 1.377795
Epoch 100, loss = 1.377792
accuracy = 0.306714
balanced_accuracy = 0.250000
macro_f1 = 0.117361
weighted_f1 = 0.143985
macro_precision = 0.076679
macro_recall = 0.250000
n_pca = 1
best_cv_accuracy = 0.30786496802117597
best_params = {'hidden_layer_sizes': (0, 0), 'activation': 'relu', 'alpha': 0.01, 'lr': 0.001, 'weight_decay': 0.01}
Seed: 45
PCA components: 1
Manual Torch grid search for MLP
Number of settings: 3
params={'hidden_layer_sizes': (0, 0), 'activation': 'relu', 'alpha': 0.01, 'lr': 0.001, 'weight_decay': 0.01}, cv_accuracy=0.304319
params={'hidden_layer_sizes': (0, 0, 0), 'activation': 'relu', 'alpha': 0.01, 'lr': 0.001, 'weight_decay': 0.01}, cv_accuracy=0.304319
params={'hidden_layer_sizes': (150, 50), 'activation': 'relu', 'alpha': 0.01, 'lr': 0.001, 'weight_decay': 0.01}, cv_accuracy=0.304319
Best params: {'hidden_layer_sizes': (0, 0), 'activation': 'relu', 'alpha': 0.01, 'lr': 0.001, 'weight_decay': 0.01}
Best CV accuracy: 0.304319
Epoch 1, loss = 1.384649
Epoch 50, loss = 1.378791
Epoch 100, loss = 1.378787
accuracy = 0.326806
balanced_accuracy = 0.250000
macro_f1 = 0.123155
weighted_f1 = 0.160991
macro_precision = 0.081701
macro_recall = 0.250000
n_pca = 1
best_cv_accuracy = 0.3043185543679305
best_params = {'hidden_layer_sizes': (0, 0), 'activation': 'relu', 'alpha': 0.01, 'lr': 0.001, 'weight_decay': 0.01}
Seed: 56
PCA components: 1
Manual Torch grid search for MLP
Number of settings: 3
params={'hidden_layer_sizes': (0, 0), 'activation': 'relu', 'alpha': 0.01, 'lr': 0.001, 'weight_decay': 0.01}, cv_accuracy=0.308134
params={'hidden_layer_sizes': (0, 0, 0), 'activation': 'relu', 'alpha': 0.01, 'lr': 0.001, 'weight_decay': 0.01}, cv_accuracy=0.308134
params={'hidden_layer_sizes': (150, 50), 'activation': 'relu', 'alpha': 0.01, 'lr': 0.001, 'weight_decay': 0.01}, cv_accuracy=0.308134
Best params: {'hidden_layer_sizes': (0, 0), 'activation': 'relu', 'alpha': 0.01, 'lr': 0.001, 'weight_decay': 0.01}
Best CV accuracy: 0.308134
Epoch 1, loss = 1.384432
Epoch 50, loss = 1.377702
Epoch 100, loss = 1.377694
accuracy = 0.305188
balanced_accuracy = 0.250000
macro_f1 = 0.116913
weighted_f1 = 0.142722
macro_precision = 0.076297
macro_recall = 0.250000
n_pca = 1
best_cv_accuracy = 0.3081343161996722
best_params = {'hidden_layer_sizes': (0, 0), 'activation': 'relu', 'alpha': 0.01, 'lr': 0.001, 'weight_decay': 0.01}
------------------------------------------------------------------------------------------
MODEL: XGB
------------------------------------------------------------------------------------------
Seed: 42
PCA components: 1
Manual XGB grid search
Number of settings: 4
[02:49:23] WARNING: /home/conda/feedstock_root/build_artifacts/xgboost-split_1700181168148/work/src/learner.cc:767: 
Parameters: { "device" } are not used.

[02:49:23] WARNING: /home/conda/feedstock_root/build_artifacts/xgboost-split_1700181168148/work/src/learner.cc:767: 
Parameters: { "device" } are not used.

[02:49:23] WARNING: /home/conda/feedstock_root/build_artifacts/xgboost-split_1700181168148/work/src/learner.cc:767: 
Parameters: { "device" } are not used.

params={'n_estimators': 50, 'learning_rate': 0.05, 'max_depth': 6}, cv_accuracy=0.304274
[02:49:23] WARNING: /home/conda/feedstock_root/build_artifacts/xgboost-split_1700181168148/work/src/learner.cc:767: 
Parameters: { "device" } are not used.

[02:49:23] WARNING: /home/conda/feedstock_root/build_artifacts/xgboost-split_1700181168148/work/src/learner.cc:767: 
Parameters: { "device" } are not used.

[02:49:23] WARNING: /home/conda/feedstock_root/build_artifacts/xgboost-split_1700181168148/work/src/learner.cc:767: 
Parameters: { "device" } are not used.

params={'n_estimators': 50, 'learning_rate': 0.1, 'max_depth': 6}, cv_accuracy=0.302972
[02:49:23] WARNING: /home/conda/feedstock_root/build_artifacts/xgboost-split_1700181168148/work/src/learner.cc:767: 
Parameters: { "device" } are not used.

[02:49:24] WARNING: /home/conda/feedstock_root/build_artifacts/xgboost-split_1700181168148/work/src/learner.cc:767: 
Parameters: { "device" } are not used.

[02:49:24] WARNING: /home/conda/feedstock_root/build_artifacts/xgboost-split_1700181168148/work/src/learner.cc:767: 
Parameters: { "device" } are not used.

params={'n_estimators': 100, 'learning_rate': 0.05, 'max_depth': 6}, cv_accuracy=0.303421
[02:49:24] WARNING: /home/conda/feedstock_root/build_artifacts/xgboost-split_1700181168148/work/src/learner.cc:767: 
Parameters: { "device" } are not used.

[02:49:24] WARNING: /home/conda/feedstock_root/build_artifacts/xgboost-split_1700181168148/work/src/learner.cc:767: 
Parameters: { "device" } are not used.

[02:49:25] WARNING: /home/conda/feedstock_root/build_artifacts/xgboost-split_1700181168148/work/src/learner.cc:767: 
Parameters: { "device" } are not used.

params={'n_estimators': 100, 'learning_rate': 0.1, 'max_depth': 6}, cv_accuracy=0.295879
Best params: {'n_estimators': 50, 'learning_rate': 0.05, 'max_depth': 6}
Best CV accuracy: 0.304274
[02:49:25] WARNING: /home/conda/feedstock_root/build_artifacts/xgboost-split_1700181168148/work/src/learner.cc:767: 
Parameters: { "device" } are not used.

accuracy = 0.299084
balanced_accuracy = 0.254155
macro_f1 = 0.151010
weighted_f1 = 0.171242
macro_precision = 0.252337
macro_recall = 0.254155
n_pca = 1
best_cv_accuracy = 0.3042735158993351
best_params = {'n_estimators': 50, 'learning_rate': 0.05, 'max_depth': 6}
Seed: 43
PCA components: 1
Manual XGB grid search
Number of settings: 4
[02:49:36] WARNING: /home/conda/feedstock_root/build_artifacts/xgboost-split_1700181168148/work/src/learner.cc:767: 
Parameters: { "device" } are not used.

[02:49:36] WARNING: /home/conda/feedstock_root/build_artifacts/xgboost-split_1700181168148/work/src/learner.cc:767: 
Parameters: { "device" } are not used.

[02:49:36] WARNING: /home/conda/feedstock_root/build_artifacts/xgboost-split_1700181168148/work/src/learner.cc:767: 
Parameters: { "device" } are not used.

params={'n_estimators': 50, 'learning_rate': 0.05, 'max_depth': 6}, cv_accuracy=0.306922
[02:49:37] WARNING: /home/conda/feedstock_root/build_artifacts/xgboost-split_1700181168148/work/src/learner.cc:767: 
Parameters: { "device" } are not used.

[02:49:37] WARNING: /home/conda/feedstock_root/build_artifacts/xgboost-split_1700181168148/work/src/learner.cc:767: 
Parameters: { "device" } are not used.

[02:49:37] WARNING: /home/conda/feedstock_root/build_artifacts/xgboost-split_1700181168148/work/src/learner.cc:767: 
Parameters: { "device" } are not used.

params={'n_estimators': 50, 'learning_rate': 0.1, 'max_depth': 6}, cv_accuracy=0.305755
[02:49:37] WARNING: /home/conda/feedstock_root/build_artifacts/xgboost-split_1700181168148/work/src/learner.cc:767: 
Parameters: { "device" } are not used.

[02:49:37] WARNING: /home/conda/feedstock_root/build_artifacts/xgboost-split_1700181168148/work/src/learner.cc:767: 
Parameters: { "device" } are not used.

[02:49:37] WARNING: /home/conda/feedstock_root/build_artifacts/xgboost-split_1700181168148/work/src/learner.cc:767: 
Parameters: { "device" } are not used.

params={'n_estimators': 100, 'learning_rate': 0.05, 'max_depth': 6}, cv_accuracy=0.305126
[02:49:38] WARNING: /home/conda/feedstock_root/build_artifacts/xgboost-split_1700181168148/work/src/learner.cc:767: 
Parameters: { "device" } are not used.

[02:49:38] WARNING: /home/conda/feedstock_root/build_artifacts/xgboost-split_1700181168148/work/src/learner.cc:767: 
Parameters: { "device" } are not used.

[02:49:38] WARNING: /home/conda/feedstock_root/build_artifacts/xgboost-split_1700181168148/work/src/learner.cc:767: 
Parameters: { "device" } are not used.

params={'n_estimators': 100, 'learning_rate': 0.1, 'max_depth': 6}, cv_accuracy=0.300547
Best params: {'n_estimators': 50, 'learning_rate': 0.05, 'max_depth': 6}
Best CV accuracy: 0.306922
[02:49:38] WARNING: /home/conda/feedstock_root/build_artifacts/xgboost-split_1700181168148/work/src/learner.cc:767: 
Parameters: { "device" } are not used.

accuracy = 0.298067
balanced_accuracy = 0.256147
macro_f1 = 0.159547
weighted_f1 = 0.178267
macro_precision = 0.279967
macro_recall = 0.256147
n_pca = 1
best_cv_accuracy = 0.3069220982606385
best_params = {'n_estimators': 50, 'learning_rate': 0.05, 'max_depth': 6}
Seed: 44
PCA components: 1
Manual XGB grid search
Number of settings: 4
[02:49:50] WARNING: /home/conda/feedstock_root/build_artifacts/xgboost-split_1700181168148/work/src/learner.cc:767: 
Parameters: { "device" } are not used.

[02:49:50] WARNING: /home/conda/feedstock_root/build_artifacts/xgboost-split_1700181168148/work/src/learner.cc:767: 
Parameters: { "device" } are not used.

[02:49:50] WARNING: /home/conda/feedstock_root/build_artifacts/xgboost-split_1700181168148/work/src/learner.cc:767: 
Parameters: { "device" } are not used.

params={'n_estimators': 50, 'learning_rate': 0.05, 'max_depth': 6}, cv_accuracy=0.304902
[02:49:50] WARNING: /home/conda/feedstock_root/build_artifacts/xgboost-split_1700181168148/work/src/learner.cc:767: 
Parameters: { "device" } are not used.

[02:49:50] WARNING: /home/conda/feedstock_root/build_artifacts/xgboost-split_1700181168148/work/src/learner.cc:767: 
Parameters: { "device" } are not used.

[02:49:50] WARNING: /home/conda/feedstock_root/build_artifacts/xgboost-split_1700181168148/work/src/learner.cc:767: 
Parameters: { "device" } are not used.

params={'n_estimators': 50, 'learning_rate': 0.1, 'max_depth': 6}, cv_accuracy=0.301266
[02:49:51] WARNING: /home/conda/feedstock_root/build_artifacts/xgboost-split_1700181168148/work/src/learner.cc:767: 
Parameters: { "device" } are not used.

[02:49:51] WARNING: /home/conda/feedstock_root/build_artifacts/xgboost-split_1700181168148/work/src/learner.cc:767: 
Parameters: { "device" } are not used.

[02:49:51] WARNING: /home/conda/feedstock_root/build_artifacts/xgboost-split_1700181168148/work/src/learner.cc:767: 
Parameters: { "device" } are not used.

params={'n_estimators': 100, 'learning_rate': 0.05, 'max_depth': 6}, cv_accuracy=0.303241
[02:49:51] WARNING: /home/conda/feedstock_root/build_artifacts/xgboost-split_1700181168148/work/src/learner.cc:767: 
Parameters: { "device" } are not used.

[02:49:52] WARNING: /home/conda/feedstock_root/build_artifacts/xgboost-split_1700181168148/work/src/learner.cc:767: 
Parameters: { "device" } are not used.

[02:49:52] WARNING: /home/conda/feedstock_root/build_artifacts/xgboost-split_1700181168148/work/src/learner.cc:767: 
Parameters: { "device" } are not used.

params={'n_estimators': 100, 'learning_rate': 0.1, 'max_depth': 6}, cv_accuracy=0.295116
Best params: {'n_estimators': 50, 'learning_rate': 0.05, 'max_depth': 6}
Best CV accuracy: 0.304902
[02:49:52] WARNING: /home/conda/feedstock_root/build_artifacts/xgboost-split_1700181168148/work/src/learner.cc:767: 
Parameters: { "device" } are not used.

accuracy = 0.303408
balanced_accuracy = 0.254861
macro_f1 = 0.165686
weighted_f1 = 0.187870
macro_precision = 0.255169
macro_recall = 0.254861
n_pca = 1
best_cv_accuracy = 0.3049021864211738
best_params = {'n_estimators': 50, 'learning_rate': 0.05, 'max_depth': 6}
Seed: 45
PCA components: 1
Manual XGB grid search
Number of settings: 4
[02:50:03] WARNING: /home/conda/feedstock_root/build_artifacts/xgboost-split_1700181168148/work/src/learner.cc:767: 
Parameters: { "device" } are not used.

[02:50:03] WARNING: /home/conda/feedstock_root/build_artifacts/xgboost-split_1700181168148/work/src/learner.cc:767: 
Parameters: { "device" } are not used.

[02:50:04] WARNING: /home/conda/feedstock_root/build_artifacts/xgboost-split_1700181168148/work/src/learner.cc:767: 
Parameters: { "device" } are not used.

params={'n_estimators': 50, 'learning_rate': 0.05, 'max_depth': 6}, cv_accuracy=0.297854
[02:50:04] WARNING: /home/conda/feedstock_root/build_artifacts/xgboost-split_1700181168148/work/src/learner.cc:767: 
Parameters: { "device" } are not used.

[02:50:04] WARNING: /home/conda/feedstock_root/build_artifacts/xgboost-split_1700181168148/work/src/learner.cc:767: 
Parameters: { "device" } are not used.

[02:50:04] WARNING: /home/conda/feedstock_root/build_artifacts/xgboost-split_1700181168148/work/src/learner.cc:767: 
Parameters: { "device" } are not used.

params={'n_estimators': 50, 'learning_rate': 0.1, 'max_depth': 6}, cv_accuracy=0.296867
[02:50:04] WARNING: /home/conda/feedstock_root/build_artifacts/xgboost-split_1700181168148/work/src/learner.cc:767: 
Parameters: { "device" } are not used.

[02:50:04] WARNING: /home/conda/feedstock_root/build_artifacts/xgboost-split_1700181168148/work/src/learner.cc:767: 
Parameters: { "device" } are not used.

[02:50:05] WARNING: /home/conda/feedstock_root/build_artifacts/xgboost-split_1700181168148/work/src/learner.cc:767: 
Parameters: { "device" } are not used.

params={'n_estimators': 100, 'learning_rate': 0.05, 'max_depth': 6}, cv_accuracy=0.297226
[02:50:05] WARNING: /home/conda/feedstock_root/build_artifacts/xgboost-split_1700181168148/work/src/learner.cc:767: 
Parameters: { "device" } are not used.

[02:50:05] WARNING: /home/conda/feedstock_root/build_artifacts/xgboost-split_1700181168148/work/src/learner.cc:767: 
Parameters: { "device" } are not used.

[02:50:05] WARNING: /home/conda/feedstock_root/build_artifacts/xgboost-split_1700181168148/work/src/learner.cc:767: 
Parameters: { "device" } are not used.

params={'n_estimators': 100, 'learning_rate': 0.1, 'max_depth': 6}, cv_accuracy=0.289909
Best params: {'n_estimators': 50, 'learning_rate': 0.05, 'max_depth': 6}
Best CV accuracy: 0.297854
[02:50:06] WARNING: /home/conda/feedstock_root/build_artifacts/xgboost-split_1700181168148/work/src/learner.cc:767: 
Parameters: { "device" } are not used.

accuracy = 0.307477
balanced_accuracy = 0.248184
macro_f1 = 0.182751
weighted_f1 = 0.211767
macro_precision = 0.248111
macro_recall = 0.248184
n_pca = 1
best_cv_accuracy = 0.297854367356118
best_params = {'n_estimators': 50, 'learning_rate': 0.05, 'max_depth': 6}
Seed: 56
PCA components: 1
Manual XGB grid search
Number of settings: 4
[02:50:17] WARNING: /home/conda/feedstock_root/build_artifacts/xgboost-split_1700181168148/work/src/learner.cc:767: 
Parameters: { "device" } are not used.

[02:50:17] WARNING: /home/conda/feedstock_root/build_artifacts/xgboost-split_1700181168148/work/src/learner.cc:767: 
Parameters: { "device" } are not used.

[02:50:17] WARNING: /home/conda/feedstock_root/build_artifacts/xgboost-split_1700181168148/work/src/learner.cc:767: 
Parameters: { "device" } are not used.

params={'n_estimators': 50, 'learning_rate': 0.05, 'max_depth': 6}, cv_accuracy=0.302299
[02:50:17] WARNING: /home/conda/feedstock_root/build_artifacts/xgboost-split_1700181168148/work/src/learner.cc:767: 
Parameters: { "device" } are not used.

[02:50:18] WARNING: /home/conda/feedstock_root/build_artifacts/xgboost-split_1700181168148/work/src/learner.cc:767: 
Parameters: { "device" } are not used.

[02:50:18] WARNING: /home/conda/feedstock_root/build_artifacts/xgboost-split_1700181168148/work/src/learner.cc:767: 
Parameters: { "device" } are not used.

params={'n_estimators': 50, 'learning_rate': 0.1, 'max_depth': 6}, cv_accuracy=0.301042
[02:50:18] WARNING: /home/conda/feedstock_root/build_artifacts/xgboost-split_1700181168148/work/src/learner.cc:767: 
Parameters: { "device" } are not used.

[02:50:18] WARNING: /home/conda/feedstock_root/build_artifacts/xgboost-split_1700181168148/work/src/learner.cc:767: 
Parameters: { "device" } are not used.

[02:50:18] WARNING: /home/conda/feedstock_root/build_artifacts/xgboost-split_1700181168148/work/src/learner.cc:767: 
Parameters: { "device" } are not used.

params={'n_estimators': 100, 'learning_rate': 0.05, 'max_depth': 6}, cv_accuracy=0.300413
[02:50:19] WARNING: /home/conda/feedstock_root/build_artifacts/xgboost-split_1700181168148/work/src/learner.cc:767: 
Parameters: { "device" } are not used.

[02:50:19] WARNING: /home/conda/feedstock_root/build_artifacts/xgboost-split_1700181168148/work/src/learner.cc:767: 
Parameters: { "device" } are not used.

[02:50:19] WARNING: /home/conda/feedstock_root/build_artifacts/xgboost-split_1700181168148/work/src/learner.cc:767: 
Parameters: { "device" } are not used.

params={'n_estimators': 100, 'learning_rate': 0.1, 'max_depth': 6}, cv_accuracy=0.294936
Best params: {'n_estimators': 50, 'learning_rate': 0.05, 'max_depth': 6}
Best CV accuracy: 0.302299
[02:50:19] WARNING: /home/conda/feedstock_root/build_artifacts/xgboost-split_1700181168148/work/src/learner.cc:767: 
Parameters: { "device" } are not used.

accuracy = 0.303917
balanced_accuracy = 0.255621
macro_f1 = 0.163255
weighted_f1 = 0.185373
macro_precision = 0.265968
macro_recall = 0.255621
n_pca = 1
best_cv_accuracy = 0.3022986062558735
best_params = {'n_estimators': 50, 'learning_rate': 0.05, 'max_depth': 6}
==========================================================================================
Saved per-seed results to: results/PEMS03/torch_blis_PEMS03_HOUR_DAY_WEEK_LR_MLP_XGB_W2_L1_2_3_M1_20260708_025019_per_seed.csv
Saved summary results to: results/PEMS03/torch_blis_PEMS03_HOUR_DAY_WEEK_LR_MLP_XGB_W2_L1_2_3_M1_20260708_025019_summary.csv
==========================================================================================
  dataset  task  ... n_pca_mean  best_cv_accuracy_mean
0  PEMS03   DAY  ...        1.0               0.167400
1  PEMS03   DAY  ...        1.0               0.171225
2  PEMS03   DAY  ...        1.0               0.217642
3  PEMS03  HOUR  ...        1.0               0.089513
4  PEMS03  HOUR  ...        1.0               0.242584
5  PEMS03  HOUR  ...        1.0               0.289989
6  PEMS03  WEEK  ...        1.0               0.307784
7  PEMS03  WEEK  ...        1.0               0.307784
8  PEMS03  WEEK  ...        1.0               0.303250

[9 rows x 21 columns]
Finished GPU BLIS W2 Torch classifier run for PEMS03
Date: Wed Jul  8 02:50:20 MDT 2026
