Starting GPU BLIS W2 run for PEMS07
Date: Thu Jul  2 17:15:28 MDT 2026
Working directory: /bsuscratch/desmondboateng/blis
Python: /bsuhome/desmondboateng/miniforge3/envs/blis/bin/python
CUDA_VISIBLE_DEVICES: 0
==========================================================================================
BLIS W2 MOMENTS FROM new_class.py + TORCH CLASSIFICATION
==========================================================================================
Device: cuda
GPU: Tesla V100-PCIE-16GB
==========================================================================================
DATASET: PEMS07
==========================================================================================
A shape: (883, 883)
X shape: (28224, 883, 1)
Saving scattering moments to: data/traffic/PEMS07/processed/blis/W2/largest_scale_4
A shape: (883, 883)
X shape: (28224, 883, 1)
T: 28224
n_nodes: 883
n_features: 1
================================================================================
Computing layer_1
================================================================================
Computing channel 1/1
X_channel shape: (883, 28224)
B shape: (28224, 12, 1, 3)
Saved: data/traffic/PEMS07/processed/blis/W2/largest_scale_4/layer_1/moment_1.npy
moment_1 shape: (28224, 12, 1)
Saved: data/traffic/PEMS07/processed/blis/W2/largest_scale_4/layer_1/moment_2.npy
moment_2 shape: (28224, 12, 1)
Saved: data/traffic/PEMS07/processed/blis/W2/largest_scale_4/layer_1/moment_3.npy
moment_3 shape: (28224, 12, 1)
================================================================================
Computing layer_2
================================================================================
Computing channel 1/1
X_channel shape: (883, 28224)
B shape: (28224, 144, 1, 3)
Saved: data/traffic/PEMS07/processed/blis/W2/largest_scale_4/layer_2/moment_1.npy
moment_1 shape: (28224, 144, 1)
Saved: data/traffic/PEMS07/processed/blis/W2/largest_scale_4/layer_2/moment_2.npy
moment_2 shape: (28224, 144, 1)
Saved: data/traffic/PEMS07/processed/blis/W2/largest_scale_4/layer_2/moment_3.npy
moment_3 shape: (28224, 144, 1)
================================================================================
Computing layer_3
================================================================================
Computing channel 1/1
X_channel shape: (883, 28224)
B shape: (28224, 1728, 1, 3)
Saved: data/traffic/PEMS07/processed/blis/W2/largest_scale_4/layer_3/moment_1.npy
moment_1 shape: (28224, 1728, 1)
Saved: data/traffic/PEMS07/processed/blis/W2/largest_scale_4/layer_3/moment_2.npy
moment_2 shape: (28224, 1728, 1)
Saved: data/traffic/PEMS07/processed/blis/W2/largest_scale_4/layer_3/moment_3.npy
moment_3 shape: (28224, 1728, 1)
Finished saving scattering moments.
Loading: data/traffic/PEMS07/processed/blis/W2/largest_scale_4/layer_1/moment_1.npy
Loading: data/traffic/PEMS07/processed/blis/W2/largest_scale_4/layer_2/moment_1.npy
Loading: data/traffic/PEMS07/processed/blis/W2/largest_scale_4/layer_3/moment_1.npy
X_features shape: (28224, 1884)
------------------------------------------------------------------------------------------
TASK: HOUR
------------------------------------------------------------------------------------------
y shape: (28224,)
classes: [ 0  1  2  3  4  5  6  7  8  9 10 11 12 13 14 15 16 17 18 19 20 21 22 23]
------------------------------------------------------------------------------------------
MODEL: LR
------------------------------------------------------------------------------------------
Seed: 42
PCA components: 2
Epoch 1, loss = 20.254497
Epoch 50, loss = 2.337485
Epoch 100, loss = 2.317796
accuracy = 0.212565
balanced_accuracy = 0.211341
macro_f1 = 0.176741
weighted_f1 = 0.177822
macro_precision = 0.187094
macro_recall = 0.211341
n_pca = 2
Seed: 43
PCA components: 2
Epoch 1, loss = 19.047929
Epoch 50, loss = 2.340833
Epoch 100, loss = 2.319532
accuracy = 0.204062
balanced_accuracy = 0.203532
macro_f1 = 0.176897
weighted_f1 = 0.177667
macro_precision = 0.182341
macro_recall = 0.203532
n_pca = 2
Seed: 44
PCA components: 2
Epoch 1, loss = 23.513118
Epoch 50, loss = 2.354847
Epoch 100, loss = 2.328090
accuracy = 0.211856
balanced_accuracy = 0.211568
macro_f1 = 0.184908
weighted_f1 = 0.186128
macro_precision = 0.175562
macro_recall = 0.211568
n_pca = 2
Seed: 45
PCA components: 2
Epoch 1, loss = 19.020395
Epoch 50, loss = 2.336931
Epoch 100, loss = 2.318137
accuracy = 0.206424
balanced_accuracy = 0.206337
macro_f1 = 0.176376
weighted_f1 = 0.177462
macro_precision = 0.179668
macro_recall = 0.206337
n_pca = 2
Seed: 56
PCA components: 2
Epoch 1, loss = 18.357072
Epoch 50, loss = 2.337454
Epoch 100, loss = 2.320379
accuracy = 0.212329
balanced_accuracy = 0.213882
macro_f1 = 0.186922
weighted_f1 = 0.186002
macro_precision = 0.182239
macro_recall = 0.213882
n_pca = 2
------------------------------------------------------------------------------------------
MODEL: SVC
------------------------------------------------------------------------------------------
Seed: 42
PCA components: 2
Epoch 1, loss = 7.703940
Epoch 50, loss = 0.361808
Epoch 100, loss = 0.356554
accuracy = 0.198394
balanced_accuracy = 0.202069
macro_f1 = 0.163532
weighted_f1 = 0.162980
macro_precision = 0.199945
macro_recall = 0.202069
n_pca = 2
Seed: 43
PCA components: 2
Epoch 1, loss = 6.786220
Epoch 50, loss = 0.362761
Epoch 100, loss = 0.356777
accuracy = 0.199103
balanced_accuracy = 0.197135
macro_f1 = 0.167033
weighted_f1 = 0.168598
macro_precision = 0.170576
macro_recall = 0.197135
n_pca = 2
Seed: 44
PCA components: 2
Epoch 1, loss = 7.662744
Epoch 50, loss = 0.367638
Epoch 100, loss = 0.359346
accuracy = 0.193906
balanced_accuracy = 0.193859
macro_f1 = 0.160192
weighted_f1 = 0.162265
macro_precision = 0.158928
macro_recall = 0.193859
n_pca = 2
Seed: 45
PCA components: 2
Epoch 1, loss = 7.349822
Epoch 50, loss = 0.363132
Epoch 100, loss = 0.357166
accuracy = 0.190600
balanced_accuracy = 0.189541
macro_f1 = 0.166903
weighted_f1 = 0.168325
macro_precision = 0.170068
macro_recall = 0.189541
n_pca = 2
Seed: 56
PCA components: 2
Epoch 1, loss = 5.564795
Epoch 50, loss = 0.364091
Epoch 100, loss = 0.357296
accuracy = 0.197449
balanced_accuracy = 0.203017
macro_f1 = 0.175685
weighted_f1 = 0.173146
macro_precision = 0.178272
macro_recall = 0.203017
n_pca = 2
------------------------------------------------------------------------------------------
MODEL: MLP
------------------------------------------------------------------------------------------
Seed: 42
PCA components: 2
Epoch 1, loss = 2.652951
Epoch 50, loss = 1.972720
Epoch 100, loss = 1.951927
accuracy = 0.269721
balanced_accuracy = 0.269603
macro_f1 = 0.235685
weighted_f1 = 0.236260
macro_precision = 0.257434
macro_recall = 0.269603
n_pca = 2
Seed: 43
PCA components: 2
Epoch 1, loss = 2.688574
Epoch 50, loss = 1.968827
Epoch 100, loss = 1.946101
accuracy = 0.273500
balanced_accuracy = 0.272440
macro_f1 = 0.238854
weighted_f1 = 0.240365
macro_precision = 0.260262
macro_recall = 0.272440
n_pca = 2
Seed: 44
PCA components: 2
Epoch 1, loss = 2.633992
Epoch 50, loss = 1.971961
Epoch 100, loss = 1.955759
accuracy = 0.276571
balanced_accuracy = 0.275763
macro_f1 = 0.251442
weighted_f1 = 0.252700
macro_precision = 0.260982
macro_recall = 0.275763
n_pca = 2
Seed: 45
PCA components: 2
Epoch 1, loss = 2.630881
Epoch 50, loss = 1.976184
Epoch 100, loss = 1.954023
accuracy = 0.271847
balanced_accuracy = 0.272954
macro_f1 = 0.241331
weighted_f1 = 0.240960
macro_precision = 0.255844
macro_recall = 0.272954
n_pca = 2
Seed: 56
PCA components: 2
Epoch 1, loss = 2.648368
Epoch 50, loss = 1.982766
Epoch 100, loss = 1.952296
accuracy = 0.281530
balanced_accuracy = 0.281017
macro_f1 = 0.256716
weighted_f1 = 0.257397
macro_precision = 0.256298
macro_recall = 0.281017
n_pca = 2
------------------------------------------------------------------------------------------
MODEL: XGB
------------------------------------------------------------------------------------------
Seed: 42
PCA components: 2
[18:08:07] WARNING: /home/conda/feedstock_root/build_artifacts/xgboost-split_1700181168148/work/src/learner.cc:767: 
Parameters: { "device" } are not used.

accuracy = 0.272792
balanced_accuracy = 0.274198
macro_f1 = 0.259473
weighted_f1 = 0.258841
macro_precision = 0.267312
macro_recall = 0.274198
n_pca = 2
Seed: 43
PCA components: 2
[18:08:11] WARNING: /home/conda/feedstock_root/build_artifacts/xgboost-split_1700181168148/work/src/learner.cc:767: 
Parameters: { "device" } are not used.

accuracy = 0.290269
balanced_accuracy = 0.287491
macro_f1 = 0.276984
weighted_f1 = 0.278996
macro_precision = 0.285046
macro_recall = 0.287491
n_pca = 2
Seed: 44
PCA components: 2
[18:08:14] WARNING: /home/conda/feedstock_root/build_artifacts/xgboost-split_1700181168148/work/src/learner.cc:767: 
Parameters: { "device" } are not used.

accuracy = 0.286726
balanced_accuracy = 0.284678
macro_f1 = 0.273386
weighted_f1 = 0.275571
macro_precision = 0.276883
macro_recall = 0.284678
n_pca = 2
Seed: 45
PCA components: 2
[18:08:27] WARNING: /home/conda/feedstock_root/build_artifacts/xgboost-split_1700181168148/work/src/learner.cc:767: 
Parameters: { "device" } are not used.

accuracy = 0.268777
balanced_accuracy = 0.269139
macro_f1 = 0.255109
weighted_f1 = 0.254252
macro_precision = 0.263770
macro_recall = 0.269139
n_pca = 2
Seed: 56
PCA components: 2
[18:08:30] WARNING: /home/conda/feedstock_root/build_artifacts/xgboost-split_1700181168148/work/src/learner.cc:767: 
Parameters: { "device" } are not used.

accuracy = 0.280113
balanced_accuracy = 0.281166
macro_f1 = 0.266441
weighted_f1 = 0.266029
macro_precision = 0.272424
macro_recall = 0.281166
n_pca = 2
------------------------------------------------------------------------------------------
TASK: DAY
------------------------------------------------------------------------------------------
y shape: (28224,)
classes: [0 1 2 3 4 5 6]
------------------------------------------------------------------------------------------
MODEL: LR
------------------------------------------------------------------------------------------
Seed: 42
PCA components: 2
Epoch 1, loss = 16.301689
Epoch 50, loss = 1.927379
Epoch 100, loss = 1.927892
accuracy = 0.177846
balanced_accuracy = 0.183825
macro_f1 = 0.127862
weighted_f1 = 0.125176
macro_precision = 0.161765
macro_recall = 0.183825
n_pca = 2
Seed: 43
PCA components: 2
Epoch 1, loss = 17.984552
Epoch 50, loss = 1.928471
Epoch 100, loss = 1.928462
accuracy = 0.180208
balanced_accuracy = 0.179988
macro_f1 = 0.130417
weighted_f1 = 0.129879
macro_precision = 0.119050
macro_recall = 0.179988
n_pca = 2
Seed: 44
PCA components: 2
Epoch 1, loss = 16.022227
Epoch 50, loss = 1.928441
Epoch 100, loss = 1.928542
accuracy = 0.182097
balanced_accuracy = 0.184169
macro_f1 = 0.139784
weighted_f1 = 0.138636
macro_precision = 0.194544
macro_recall = 0.184169
n_pca = 2
Seed: 45
PCA components: 2
Epoch 1, loss = 17.821276
Epoch 50, loss = 1.928110
Epoch 100, loss = 1.928433
accuracy = 0.179027
balanced_accuracy = 0.179537
macro_f1 = 0.125928
weighted_f1 = 0.124899
macro_precision = 0.127180
macro_recall = 0.179537
n_pca = 2
Seed: 56
PCA components: 2
Epoch 1, loss = 15.878684
Epoch 50, loss = 1.929893
Epoch 100, loss = 1.927797
accuracy = 0.178791
balanced_accuracy = 0.178268
macro_f1 = 0.128202
weighted_f1 = 0.128474
macro_precision = 0.361483
macro_recall = 0.178268
n_pca = 2
------------------------------------------------------------------------------------------
MODEL: SVC
------------------------------------------------------------------------------------------
Seed: 42
PCA components: 2
Epoch 1, loss = 7.300328
Epoch 50, loss = 0.803473
Epoch 100, loss = 0.804159
accuracy = 0.178791
balanced_accuracy = 0.185518
macro_f1 = 0.128960
weighted_f1 = 0.125172
macro_precision = 0.146377
macro_recall = 0.185518
n_pca = 2
Seed: 43
PCA components: 2
Epoch 1, loss = 6.979723
Epoch 50, loss = 0.805545
Epoch 100, loss = 0.805406
accuracy = 0.192017
balanced_accuracy = 0.191609
macro_f1 = 0.142194
weighted_f1 = 0.143162
macro_precision = 0.130753
macro_recall = 0.191609
n_pca = 2
Seed: 44
PCA components: 2
Epoch 1, loss = 5.590046
Epoch 50, loss = 0.805084
Epoch 100, loss = 0.805346
accuracy = 0.181153
balanced_accuracy = 0.181651
macro_f1 = 0.135893
weighted_f1 = 0.135758
macro_precision = 0.140934
macro_recall = 0.181651
n_pca = 2
Seed: 45
PCA components: 2
Epoch 1, loss = 8.300452
Epoch 50, loss = 0.805091
Epoch 100, loss = 0.805142
accuracy = 0.187530
balanced_accuracy = 0.186545
macro_f1 = 0.136244
weighted_f1 = 0.136656
macro_precision = 0.154382
macro_recall = 0.186545
n_pca = 2
Seed: 56
PCA components: 2
Epoch 1, loss = 6.084726
Epoch 50, loss = 0.806125
Epoch 100, loss = 0.805382
accuracy = 0.184695
balanced_accuracy = 0.186139
macro_f1 = 0.137956
weighted_f1 = 0.136807
macro_precision = 0.278235
macro_recall = 0.186139
n_pca = 2
------------------------------------------------------------------------------------------
MODEL: MLP
------------------------------------------------------------------------------------------
Seed: 42
PCA components: 2
Epoch 1, loss = 2.057019
Epoch 50, loss = 1.847185
Epoch 100, loss = 1.827079
accuracy = 0.256023
balanced_accuracy = 0.259620
macro_f1 = 0.246673
weighted_f1 = 0.245374
macro_precision = 0.274945
macro_recall = 0.259620
n_pca = 2
Seed: 43
PCA components: 2
Epoch 1, loss = 2.107764
Epoch 50, loss = 1.843796
Epoch 100, loss = 1.831767
accuracy = 0.255314
balanced_accuracy = 0.253445
macro_f1 = 0.233828
weighted_f1 = 0.234334
macro_precision = 0.255596
macro_recall = 0.253445
n_pca = 2
Seed: 44
PCA components: 2
Epoch 1, loss = 2.113089
Epoch 50, loss = 1.845091
Epoch 100, loss = 1.829106
accuracy = 0.247756
balanced_accuracy = 0.247561
macro_f1 = 0.235019
weighted_f1 = 0.235180
macro_precision = 0.241948
macro_recall = 0.247561
n_pca = 2
Seed: 45
PCA components: 2
Epoch 1, loss = 2.069017
Epoch 50, loss = 1.842695
Epoch 100, loss = 1.828056
accuracy = 0.245394
balanced_accuracy = 0.246992
macro_f1 = 0.224975
weighted_f1 = 0.223783
macro_precision = 0.257988
macro_recall = 0.246992
n_pca = 2
Seed: 56
PCA components: 2
Epoch 1, loss = 2.150765
Epoch 50, loss = 1.840511
Epoch 100, loss = 1.824763
accuracy = 0.248229
balanced_accuracy = 0.247321
macro_f1 = 0.218631
weighted_f1 = 0.218921
macro_precision = 0.250147
macro_recall = 0.247321
n_pca = 2
------------------------------------------------------------------------------------------
MODEL: XGB
------------------------------------------------------------------------------------------
Seed: 42
PCA components: 2
[18:11:07] WARNING: /home/conda/feedstock_root/build_artifacts/xgboost-split_1700181168148/work/src/learner.cc:767: 
Parameters: { "device" } are not used.

accuracy = 0.267596
balanced_accuracy = 0.269942
macro_f1 = 0.260991
weighted_f1 = 0.259730
macro_precision = 0.271936
macro_recall = 0.269942
n_pca = 2
Seed: 43
PCA components: 2
[18:11:09] WARNING: /home/conda/feedstock_root/build_artifacts/xgboost-split_1700181168148/work/src/learner.cc:767: 
Parameters: { "device" } are not used.

accuracy = 0.268304
balanced_accuracy = 0.266122
macro_f1 = 0.260999
weighted_f1 = 0.262139
macro_precision = 0.268410
macro_recall = 0.266122
n_pca = 2
Seed: 44
PCA components: 2
[18:11:12] WARNING: /home/conda/feedstock_root/build_artifacts/xgboost-split_1700181168148/work/src/learner.cc:767: 
Parameters: { "device" } are not used.

accuracy = 0.263108
balanced_accuracy = 0.262935
macro_f1 = 0.255882
weighted_f1 = 0.255938
macro_precision = 0.262933
macro_recall = 0.262935
n_pca = 2
Seed: 45
PCA components: 2
[18:11:23] WARNING: /home/conda/feedstock_root/build_artifacts/xgboost-split_1700181168148/work/src/learner.cc:767: 
Parameters: { "device" } are not used.

accuracy = 0.265942
balanced_accuracy = 0.265580
macro_f1 = 0.261092
weighted_f1 = 0.261281
macro_precision = 0.269598
macro_recall = 0.265580
n_pca = 2
Seed: 56
PCA components: 2
[18:11:26] WARNING: /home/conda/feedstock_root/build_artifacts/xgboost-split_1700181168148/work/src/learner.cc:767: 
Parameters: { "device" } are not used.

accuracy = 0.254606
balanced_accuracy = 0.254511
macro_f1 = 0.247524
weighted_f1 = 0.247606
macro_precision = 0.256650
macro_recall = 0.254511
n_pca = 2
------------------------------------------------------------------------------------------
TASK: WEEK
------------------------------------------------------------------------------------------
y shape: (28224,)
classes: [0 1 2 3]
------------------------------------------------------------------------------------------
MODEL: LR
------------------------------------------------------------------------------------------
Seed: 42
PCA components: 2
Epoch 1, loss = 13.971843
Epoch 50, loss = 1.366140
Epoch 100, loss = 1.366495
accuracy = 0.309872
balanced_accuracy = 0.272213
macro_f1 = 0.197534
weighted_f1 = 0.225052
macro_precision = 0.155049
macro_recall = 0.272213
n_pca = 2
Seed: 43
PCA components: 2
Epoch 1, loss = 17.676887
Epoch 50, loss = 1.366028
Epoch 100, loss = 1.365903
accuracy = 0.312943
balanced_accuracy = 0.273496
macro_f1 = 0.199048
weighted_f1 = 0.228020
macro_precision = 0.157629
macro_recall = 0.273496
n_pca = 2
Seed: 44
PCA components: 2
Epoch 1, loss = 11.734473
Epoch 50, loss = 1.365753
Epoch 100, loss = 1.366022
accuracy = 0.311290
balanced_accuracy = 0.275285
macro_f1 = 0.197745
weighted_f1 = 0.224661
macro_precision = 0.158203
macro_recall = 0.275285
n_pca = 2
Seed: 45
PCA components: 2
Epoch 1, loss = 15.771201
Epoch 50, loss = 1.366982
Epoch 100, loss = 1.366258
accuracy = 0.305149
balanced_accuracy = 0.264716
macro_f1 = 0.193763
weighted_f1 = 0.223545
macro_precision = 0.153820
macro_recall = 0.264716
n_pca = 2
Seed: 56
PCA components: 2
Epoch 1, loss = 15.119508
Epoch 50, loss = 1.365004
Epoch 100, loss = 1.365193
accuracy = 0.302787
balanced_accuracy = 0.267893
macro_f1 = 0.193618
weighted_f1 = 0.219405
macro_precision = 0.153406
macro_recall = 0.267893
n_pca = 2
------------------------------------------------------------------------------------------
MODEL: SVC
------------------------------------------------------------------------------------------
Seed: 42
PCA components: 2
Epoch 1, loss = 5.800123
Epoch 50, loss = 0.677289
Epoch 100, loss = 0.677661
accuracy = 0.314596
balanced_accuracy = 0.270153
macro_f1 = 0.191973
weighted_f1 = 0.220562
macro_precision = 0.163113
macro_recall = 0.270153
n_pca = 2
Seed: 43
PCA components: 2
Epoch 1, loss = 7.241760
Epoch 50, loss = 0.676748
Epoch 100, loss = 0.676548
accuracy = 0.307038
balanced_accuracy = 0.269762
macro_f1 = 0.184339
weighted_f1 = 0.210702
macro_precision = 0.161765
macro_recall = 0.269762
n_pca = 2
Seed: 44
PCA components: 2
Epoch 1, loss = 4.876736
Epoch 50, loss = 0.675334
Epoch 100, loss = 0.675482
accuracy = 0.298536
balanced_accuracy = 0.266908
macro_f1 = 0.176425
weighted_f1 = 0.199421
macro_precision = 0.160757
macro_recall = 0.266908
n_pca = 2
Seed: 45
PCA components: 2
Epoch 1, loss = 7.639640
Epoch 50, loss = 0.677045
Epoch 100, loss = 0.676908
accuracy = 0.304676
balanced_accuracy = 0.265562
macro_f1 = 0.179819
weighted_f1 = 0.207038
macro_precision = 0.165484
macro_recall = 0.265562
n_pca = 2
Seed: 56
PCA components: 2
Epoch 1, loss = 6.351398
Epoch 50, loss = 0.674891
Epoch 100, loss = 0.674776
accuracy = 0.295938
balanced_accuracy = 0.264497
macro_f1 = 0.176528
weighted_f1 = 0.199125
macro_precision = 0.159269
macro_recall = 0.264497
n_pca = 2
------------------------------------------------------------------------------------------
MODEL: MLP
------------------------------------------------------------------------------------------
Seed: 42
PCA components: 2
Epoch 1, loss = 1.522414
Epoch 50, loss = 1.354549
Epoch 100, loss = 1.350572
accuracy = 0.312707
balanced_accuracy = 0.278573
macro_f1 = 0.223396
weighted_f1 = 0.246800
macro_precision = 0.304145
macro_recall = 0.278573
n_pca = 2
Seed: 43
PCA components: 2
Epoch 1, loss = 1.544458
Epoch 50, loss = 1.352601
Epoch 100, loss = 1.350956
accuracy = 0.316486
balanced_accuracy = 0.281412
macro_f1 = 0.229190
weighted_f1 = 0.253726
macro_precision = 0.309725
macro_recall = 0.281412
n_pca = 2
Seed: 44
PCA components: 2
Epoch 1, loss = 1.510617
Epoch 50, loss = 1.354782
Epoch 100, loss = 1.350572
accuracy = 0.319084
balanced_accuracy = 0.286358
macro_f1 = 0.237953
weighted_f1 = 0.260548
macro_precision = 0.304142
macro_recall = 0.286358
n_pca = 2
Seed: 45
PCA components: 2
Epoch 1, loss = 1.490751
Epoch 50, loss = 1.354168
Epoch 100, loss = 1.350288
accuracy = 0.324043
balanced_accuracy = 0.286050
macro_f1 = 0.234321
weighted_f1 = 0.258935
macro_precision = 0.324717
macro_recall = 0.286050
n_pca = 2
Seed: 56
PCA components: 2
Epoch 1, loss = 1.553339
Epoch 50, loss = 1.354212
Epoch 100, loss = 1.349660
accuracy = 0.315541
balanced_accuracy = 0.281175
macro_f1 = 0.214849
weighted_f1 = 0.239428
macro_precision = 0.289603
macro_recall = 0.281175
n_pca = 2
------------------------------------------------------------------------------------------
MODEL: XGB
------------------------------------------------------------------------------------------
Seed: 42
PCA components: 2
[18:14:01] WARNING: /home/conda/feedstock_root/build_artifacts/xgboost-split_1700181168148/work/src/learner.cc:767: 
Parameters: { "device" } are not used.

accuracy = 0.331365
balanced_accuracy = 0.306610
macro_f1 = 0.277120
weighted_f1 = 0.293299
macro_precision = 0.322924
macro_recall = 0.306610
n_pca = 2
Seed: 43
PCA components: 2
[18:14:03] WARNING: /home/conda/feedstock_root/build_artifacts/xgboost-split_1700181168148/work/src/learner.cc:767: 
Parameters: { "device" } are not used.

accuracy = 0.320973
balanced_accuracy = 0.293342
macro_f1 = 0.270359
weighted_f1 = 0.288430
macro_precision = 0.298653
macro_recall = 0.293342
n_pca = 2
Seed: 44
PCA components: 2
[18:14:05] WARNING: /home/conda/feedstock_root/build_artifacts/xgboost-split_1700181168148/work/src/learner.cc:767: 
Parameters: { "device" } are not used.

accuracy = 0.318375
balanced_accuracy = 0.290068
macro_f1 = 0.258922
weighted_f1 = 0.278378
macro_precision = 0.283148
macro_recall = 0.290068
n_pca = 2
Seed: 45
PCA components: 2
[18:14:17] WARNING: /home/conda/feedstock_root/build_artifacts/xgboost-split_1700181168148/work/src/learner.cc:767: 
Parameters: { "device" } are not used.

accuracy = 0.342230
balanced_accuracy = 0.310732
macro_f1 = 0.280636
weighted_f1 = 0.301250
macro_precision = 0.330430
macro_recall = 0.310732
n_pca = 2
Seed: 56
PCA components: 2
[18:14:19] WARNING: /home/conda/feedstock_root/build_artifacts/xgboost-split_1700181168148/work/src/learner.cc:767: 
Parameters: { "device" } are not used.

accuracy = 0.325224
balanced_accuracy = 0.299314
macro_f1 = 0.266749
weighted_f1 = 0.283453
macro_precision = 0.302572
macro_recall = 0.299314
n_pca = 2
==========================================================================================
Saved per-seed results to: results/PEMS07/torch_blis_PEMS07_HOUR_DAY_WEEK_LR_SVC_MLP_XGB_W2_L1_2_3_M1_20260702_181419_per_seed.csv
Saved summary results to: results/PEMS07/torch_blis_PEMS07_HOUR_DAY_WEEK_LR_SVC_MLP_XGB_W2_L1_2_3_M1_20260702_181419_summary.csv
==========================================================================================
   dataset  task wavelet_type  ...  macro_recall_mean macro_recall_std n_pca_mean
0   PEMS07   DAY           W2  ...           0.181157         0.002389        2.0
1   PEMS07   DAY           W2  ...           0.250988         0.004934        2.0
2   PEMS07   DAY           W2  ...           0.186292         0.003178        2.0
3   PEMS07   DAY           W2  ...           0.263818         0.005164        2.0
4   PEMS07  HOUR           W2  ...           0.209332         0.003804        2.0
5   PEMS07  HOUR           W2  ...           0.274355         0.003862        2.0
6   PEMS07  HOUR           W2  ...           0.197124         0.005047        2.0
7   PEMS07  HOUR           W2  ...           0.279334         0.006764        2.0
8   PEMS07  WEEK           W2  ...           0.270721         0.003868        2.0
9   PEMS07  WEEK           W2  ...           0.282714         0.003021        2.0
10  PEMS07  WEEK           W2  ...           0.267376         0.002245        2.0
11  PEMS07  WEEK           W2  ...           0.300013         0.007776        2.0

[12 rows x 20 columns]
Finished GPU BLIS W2 run for PEMS07
Date: Thu Jul  2 18:14:21 MDT 2026
