Starting GPU BLIS W2 Torch classifier run for PEMS07
Date: Wed Jul  8 02:27:13 MDT 2026
Working directory: /bsuscratch/desmondboateng/blis
Python: /bsuhome/desmondboateng/miniforge3/envs/blis/bin/python
CUDA_VISIBLE_DEVICES: 1
==========================================================================================
BLIS MOMENTS FROM new_class.py + TORCH CLASSIFICATION
SVC intentionally left out for now
==========================================================================================
Device: cuda
GPU: Tesla V100-PCIE-16GB
==========================================================================================
DATASET: PEMS07
==========================================================================================
A shape: (883, 883)
X shape: (28224, 883, 1)
Saving scattering moments to: data/traffic/PEMS07/processed/blis/W2/largest_scale_4
A shape: (883, 883)
X shape: (28224, 883, 1)
T: 28224
n_nodes: 883
n_features: 1
================================================================================
Computing layer_1
================================================================================
Skipping layer_1; moment files already exist.
================================================================================
Computing layer_2
================================================================================
Skipping layer_2; moment files already exist.
================================================================================
Computing layer_3
================================================================================
Skipping layer_3; moment files already exist.
Finished saving scattering moments.
Loading: data/traffic/PEMS07/processed/blis/W2/largest_scale_4/layer_1/moment_1.npy
Loading: data/traffic/PEMS07/processed/blis/W2/largest_scale_4/layer_2/moment_1.npy
Loading: data/traffic/PEMS07/processed/blis/W2/largest_scale_4/layer_3/moment_1.npy
X_features shape: (28224, 1884)
------------------------------------------------------------------------------------------
TASK: HOUR
------------------------------------------------------------------------------------------
y shape: (28224,)
classes: [ 0  1  2  3  4  5  6  7  8  9 10 11 12 13 14 15 16 17 18 19 20 21 22 23]
------------------------------------------------------------------------------------------
MODEL: LR
------------------------------------------------------------------------------------------
Seed: 42
PCA components: 1
Manual Torch grid search for LR
Number of settings: 3
params={'C': 0.1, 'lr': 0.001, 'weight_decay': 10.0}, cv_accuracy=0.085327
params={'C': 1.0, 'lr': 0.001, 'weight_decay': 1.0}, cv_accuracy=0.084702
params={'C': 10.0, 'lr': 0.001, 'weight_decay': 0.1}, cv_accuracy=0.087370
Best params: {'C': 10.0, 'lr': 0.001, 'weight_decay': 0.1}
Best CV accuracy: 0.087370
Epoch 1, loss = 3.485107
Epoch 50, loss = 2.966566
Epoch 100, loss = 2.960369
accuracy = 0.085026
balanced_accuracy = 0.086651
macro_f1 = 0.029148
weighted_f1 = 0.028296
macro_precision = 0.037036
macro_recall = 0.086651
n_pca = 1
best_cv_accuracy = 0.08736978634788613
best_params = {'C': 10.0, 'lr': 0.001, 'weight_decay': 0.1}
Seed: 43
PCA components: 1
Manual Torch grid search for LR
Number of settings: 3
params={'C': 0.1, 'lr': 0.001, 'weight_decay': 10.0}, cv_accuracy=0.083535
params={'C': 1.0, 'lr': 0.001, 'weight_decay': 1.0}, cv_accuracy=0.083576
params={'C': 10.0, 'lr': 0.001, 'weight_decay': 0.1}, cv_accuracy=0.084118
Best params: {'C': 10.0, 'lr': 0.001, 'weight_decay': 0.1}
Best CV accuracy: 0.084118
Epoch 1, loss = 3.476637
Epoch 50, loss = 2.961856
Epoch 100, loss = 2.959570
accuracy = 0.084554
balanced_accuracy = 0.083590
macro_f1 = 0.017998
weighted_f1 = 0.018224
macro_precision = 0.015758
macro_recall = 0.083590
n_pca = 1
best_cv_accuracy = 0.08411836383783156
best_params = {'C': 10.0, 'lr': 0.001, 'weight_decay': 0.1}
Seed: 44
PCA components: 1
Manual Torch grid search for LR
Number of settings: 3
params={'C': 0.1, 'lr': 0.001, 'weight_decay': 10.0}, cv_accuracy=0.084702
params={'C': 1.0, 'lr': 0.001, 'weight_decay': 1.0}, cv_accuracy=0.083910
params={'C': 10.0, 'lr': 0.001, 'weight_decay': 0.1}, cv_accuracy=0.086119
Best params: {'C': 10.0, 'lr': 0.001, 'weight_decay': 0.1}
Best CV accuracy: 0.086119
Epoch 1, loss = 3.431670
Epoch 50, loss = 2.963724
Epoch 100, loss = 2.960802
accuracy = 0.085735
balanced_accuracy = 0.086322
macro_f1 = 0.019353
weighted_f1 = 0.018881
macro_precision = 0.013756
macro_recall = 0.086322
n_pca = 1
best_cv_accuracy = 0.0861192288028471
best_params = {'C': 10.0, 'lr': 0.001, 'weight_decay': 0.1}
Seed: 45
PCA components: 1
Manual Torch grid search for LR
Number of settings: 3
params={'C': 0.1, 'lr': 0.001, 'weight_decay': 10.0}, cv_accuracy=0.087661
params={'C': 1.0, 'lr': 0.001, 'weight_decay': 1.0}, cv_accuracy=0.084535
params={'C': 10.0, 'lr': 0.001, 'weight_decay': 0.1}, cv_accuracy=0.087453
Best params: {'C': 0.1, 'lr': 0.001, 'weight_decay': 10.0}
Best CV accuracy: 0.087661
Epoch 1, loss = 3.350894
Epoch 50, loss = 3.174164
Epoch 100, loss = 3.174406
accuracy = 0.080066
balanced_accuracy = 0.086130
macro_f1 = 0.015462
weighted_f1 = 0.014345
macro_precision = 0.008724
macro_recall = 0.086130
n_pca = 1
best_cv_accuracy = 0.08766135912773193
best_params = {'C': 0.1, 'lr': 0.001, 'weight_decay': 10.0}
Seed: 56
PCA components: 1
Manual Torch grid search for LR
Number of settings: 3
params={'C': 0.1, 'lr': 0.001, 'weight_decay': 10.0}, cv_accuracy=0.084910
params={'C': 1.0, 'lr': 0.001, 'weight_decay': 1.0}, cv_accuracy=0.084952
params={'C': 10.0, 'lr': 0.001, 'weight_decay': 0.1}, cv_accuracy=0.089120
Best params: {'C': 10.0, 'lr': 0.001, 'weight_decay': 0.1}
Best CV accuracy: 0.089120
Epoch 1, loss = 3.456531
Epoch 50, loss = 2.964872
Epoch 100, loss = 2.959265
accuracy = 0.076287
balanced_accuracy = 0.086839
macro_f1 = 0.018064
weighted_f1 = 0.016193
macro_precision = 0.021228
macro_recall = 0.086839
n_pca = 1
best_cv_accuracy = 0.08912040635381673
best_params = {'C': 10.0, 'lr': 0.001, 'weight_decay': 0.1}
------------------------------------------------------------------------------------------
MODEL: MLP
------------------------------------------------------------------------------------------
Seed: 42
PCA components: 1
Manual Torch grid search for MLP
Number of settings: 3
params={'hidden_layer_sizes': (0, 0), 'activation': 'relu', 'alpha': 0.01, 'lr': 0.001, 'weight_decay': 0.01}, cv_accuracy=0.042851
params={'hidden_layer_sizes': (0, 0, 0), 'activation': 'relu', 'alpha': 0.01, 'lr': 0.001, 'weight_decay': 0.01}, cv_accuracy=0.042851
params={'hidden_layer_sizes': (150, 50), 'activation': 'relu', 'alpha': 0.01, 'lr': 0.001, 'weight_decay': 0.01}, cv_accuracy=0.232221
Best params: {'hidden_layer_sizes': (150, 50), 'activation': 'relu', 'alpha': 0.01, 'lr': 0.001, 'weight_decay': 0.01}
Best CV accuracy: 0.232221
Epoch 1, loss = 2.890888
Epoch 50, loss = 2.160906
Epoch 100, loss = 2.158636
accuracy = 0.253188
balanced_accuracy = 0.249252
macro_f1 = 0.177706
weighted_f1 = 0.180040
macro_precision = 0.151922
macro_recall = 0.249252
n_pca = 1
best_cv_accuracy = 0.23222145231258454
best_params = {'hidden_layer_sizes': (150, 50), 'activation': 'relu', 'alpha': 0.01, 'lr': 0.001, 'weight_decay': 0.01}
Seed: 43
PCA components: 1
Manual Torch grid search for MLP
Number of settings: 3
params={'hidden_layer_sizes': (0, 0), 'activation': 'relu', 'alpha': 0.01, 'lr': 0.001, 'weight_decay': 0.01}, cv_accuracy=0.042518
params={'hidden_layer_sizes': (0, 0, 0), 'activation': 'relu', 'alpha': 0.01, 'lr': 0.001, 'weight_decay': 0.01}, cv_accuracy=0.042518
params={'hidden_layer_sizes': (150, 50), 'activation': 'relu', 'alpha': 0.01, 'lr': 0.001, 'weight_decay': 0.01}, cv_accuracy=0.243768
Best params: {'hidden_layer_sizes': (150, 50), 'activation': 'relu', 'alpha': 0.01, 'lr': 0.001, 'weight_decay': 0.01}
Best CV accuracy: 0.243768
Epoch 1, loss = 2.905615
Epoch 50, loss = 2.162599
Epoch 100, loss = 2.158764
accuracy = 0.257440
balanced_accuracy = 0.257234
macro_f1 = 0.176928
weighted_f1 = 0.177028
macro_precision = 0.148858
macro_recall = 0.257234
n_pca = 1
best_cv_accuracy = 0.2437682045974844
best_params = {'hidden_layer_sizes': (150, 50), 'activation': 'relu', 'alpha': 0.01, 'lr': 0.001, 'weight_decay': 0.01}
Seed: 44
PCA components: 1
Manual Torch grid search for MLP
Number of settings: 3
params={'hidden_layer_sizes': (0, 0), 'activation': 'relu', 'alpha': 0.01, 'lr': 0.001, 'weight_decay': 0.01}, cv_accuracy=0.042643
params={'hidden_layer_sizes': (0, 0, 0), 'activation': 'relu', 'alpha': 0.01, 'lr': 0.001, 'weight_decay': 0.01}, cv_accuracy=0.042643
params={'hidden_layer_sizes': (150, 50), 'activation': 'relu', 'alpha': 0.01, 'lr': 0.001, 'weight_decay': 0.01}, cv_accuracy=0.239225
Best params: {'hidden_layer_sizes': (150, 50), 'activation': 'relu', 'alpha': 0.01, 'lr': 0.001, 'weight_decay': 0.01}
Best CV accuracy: 0.239225
Epoch 1, loss = 2.903417
Epoch 50, loss = 2.163266
Epoch 100, loss = 2.158595
accuracy = 0.259329
balanced_accuracy = 0.253605
macro_f1 = 0.193392
weighted_f1 = 0.198800
macro_precision = 0.176138
macro_recall = 0.253605
n_pca = 1
best_cv_accuracy = 0.2392248758700554
best_params = {'hidden_layer_sizes': (150, 50), 'activation': 'relu', 'alpha': 0.01, 'lr': 0.001, 'weight_decay': 0.01}
Seed: 45
PCA components: 1
Manual Torch grid search for MLP
Number of settings: 3
params={'hidden_layer_sizes': (0, 0), 'activation': 'relu', 'alpha': 0.01, 'lr': 0.001, 'weight_decay': 0.01}, cv_accuracy=0.042810
params={'hidden_layer_sizes': (0, 0, 0), 'activation': 'relu', 'alpha': 0.01, 'lr': 0.001, 'weight_decay': 0.01}, cv_accuracy=0.042810
params={'hidden_layer_sizes': (150, 50), 'activation': 'relu', 'alpha': 0.01, 'lr': 0.001, 'weight_decay': 0.01}, cv_accuracy=0.243185
Best params: {'hidden_layer_sizes': (150, 50), 'activation': 'relu', 'alpha': 0.01, 'lr': 0.001, 'weight_decay': 0.01}
Best CV accuracy: 0.243185
Epoch 1, loss = 2.887522
Epoch 50, loss = 2.161483
Epoch 100, loss = 2.156254
accuracy = 0.242088
balanced_accuracy = 0.241968
macro_f1 = 0.176230
weighted_f1 = 0.175873
macro_precision = 0.156813
macro_recall = 0.241968
n_pca = 1
best_cv_accuracy = 0.24318463158051454
best_params = {'hidden_layer_sizes': (150, 50), 'activation': 'relu', 'alpha': 0.01, 'lr': 0.001, 'weight_decay': 0.01}
Seed: 56
PCA components: 1
Manual Torch grid search for MLP
Number of settings: 3
params={'hidden_layer_sizes': (0, 0), 'activation': 'relu', 'alpha': 0.01, 'lr': 0.001, 'weight_decay': 0.01}, cv_accuracy=0.042476
params={'hidden_layer_sizes': (0, 0, 0), 'activation': 'relu', 'alpha': 0.01, 'lr': 0.001, 'weight_decay': 0.01}, cv_accuracy=0.042476
params={'hidden_layer_sizes': (150, 50), 'activation': 'relu', 'alpha': 0.01, 'lr': 0.001, 'weight_decay': 0.01}, cv_accuracy=0.228637
Best params: {'hidden_layer_sizes': (150, 50), 'activation': 'relu', 'alpha': 0.01, 'lr': 0.001, 'weight_decay': 0.01}
Best CV accuracy: 0.228637
Epoch 1, loss = 2.871948
Epoch 50, loss = 2.161044
Epoch 100, loss = 2.155320
accuracy = 0.229806
balanced_accuracy = 0.236817
macro_f1 = 0.180970
weighted_f1 = 0.177573
macro_precision = 0.171370
macro_recall = 0.236817
n_pca = 1
best_cv_accuracy = 0.2286369936666887
best_params = {'hidden_layer_sizes': (150, 50), 'activation': 'relu', 'alpha': 0.01, 'lr': 0.001, 'weight_decay': 0.01}
------------------------------------------------------------------------------------------
MODEL: XGB
------------------------------------------------------------------------------------------
Seed: 42
PCA components: 1
Manual XGB grid search
Number of settings: 4
[02:33:41] WARNING: /home/conda/feedstock_root/build_artifacts/xgboost-split_1700181168148/work/src/learner.cc:767: 
Parameters: { "device" } are not used.

[02:33:42] WARNING: /home/conda/feedstock_root/build_artifacts/xgboost-split_1700181168148/work/src/learner.cc:767: 
Parameters: { "device" } are not used.

[02:33:42] WARNING: /home/conda/feedstock_root/build_artifacts/xgboost-split_1700181168148/work/src/learner.cc:767: 
Parameters: { "device" } are not used.

params={'n_estimators': 50, 'learning_rate': 0.05, 'max_depth': 6}, cv_accuracy=0.276657
[02:33:43] WARNING: /home/conda/feedstock_root/build_artifacts/xgboost-split_1700181168148/work/src/learner.cc:767: 
Parameters: { "device" } are not used.

[02:33:44] WARNING: /home/conda/feedstock_root/build_artifacts/xgboost-split_1700181168148/work/src/learner.cc:767: 
Parameters: { "device" } are not used.

[02:33:44] WARNING: /home/conda/feedstock_root/build_artifacts/xgboost-split_1700181168148/work/src/learner.cc:767: 
Parameters: { "device" } are not used.

params={'n_estimators': 50, 'learning_rate': 0.1, 'max_depth': 6}, cv_accuracy=0.275239
[02:33:45] WARNING: /home/conda/feedstock_root/build_artifacts/xgboost-split_1700181168148/work/src/learner.cc:767: 
Parameters: { "device" } are not used.

[02:33:46] WARNING: /home/conda/feedstock_root/build_artifacts/xgboost-split_1700181168148/work/src/learner.cc:767: 
Parameters: { "device" } are not used.

[02:33:48] WARNING: /home/conda/feedstock_root/build_artifacts/xgboost-split_1700181168148/work/src/learner.cc:767: 
Parameters: { "device" } are not used.

params={'n_estimators': 100, 'learning_rate': 0.05, 'max_depth': 6}, cv_accuracy=0.275365
[02:33:49] WARNING: /home/conda/feedstock_root/build_artifacts/xgboost-split_1700181168148/work/src/learner.cc:767: 
Parameters: { "device" } are not used.

[02:33:51] WARNING: /home/conda/feedstock_root/build_artifacts/xgboost-split_1700181168148/work/src/learner.cc:767: 
Parameters: { "device" } are not used.

[02:33:52] WARNING: /home/conda/feedstock_root/build_artifacts/xgboost-split_1700181168148/work/src/learner.cc:767: 
Parameters: { "device" } are not used.

params={'n_estimators': 100, 'learning_rate': 0.1, 'max_depth': 6}, cv_accuracy=0.273947
Best params: {'n_estimators': 50, 'learning_rate': 0.05, 'max_depth': 6}
Best CV accuracy: 0.276657
[02:33:53] WARNING: /home/conda/feedstock_root/build_artifacts/xgboost-split_1700181168148/work/src/learner.cc:767: 
Parameters: { "device" } are not used.

accuracy = 0.277515
balanced_accuracy = 0.274722
macro_f1 = 0.238516
weighted_f1 = 0.240643
macro_precision = 0.234341
macro_recall = 0.274722
n_pca = 1
best_cv_accuracy = 0.2766566529065041
best_params = {'n_estimators': 50, 'learning_rate': 0.05, 'max_depth': 6}
Seed: 43
PCA components: 1
Manual XGB grid search
Number of settings: 4
[02:34:06] WARNING: /home/conda/feedstock_root/build_artifacts/xgboost-split_1700181168148/work/src/learner.cc:767: 
Parameters: { "device" } are not used.

[02:34:06] WARNING: /home/conda/feedstock_root/build_artifacts/xgboost-split_1700181168148/work/src/learner.cc:767: 
Parameters: { "device" } are not used.

[02:34:07] WARNING: /home/conda/feedstock_root/build_artifacts/xgboost-split_1700181168148/work/src/learner.cc:767: 
Parameters: { "device" } are not used.

params={'n_estimators': 50, 'learning_rate': 0.05, 'max_depth': 6}, cv_accuracy=0.275240
[02:34:08] WARNING: /home/conda/feedstock_root/build_artifacts/xgboost-split_1700181168148/work/src/learner.cc:767: 
Parameters: { "device" } are not used.

[02:34:09] WARNING: /home/conda/feedstock_root/build_artifacts/xgboost-split_1700181168148/work/src/learner.cc:767: 
Parameters: { "device" } are not used.

[02:34:09] WARNING: /home/conda/feedstock_root/build_artifacts/xgboost-split_1700181168148/work/src/learner.cc:767: 
Parameters: { "device" } are not used.

params={'n_estimators': 50, 'learning_rate': 0.1, 'max_depth': 6}, cv_accuracy=0.275865
[02:34:10] WARNING: /home/conda/feedstock_root/build_artifacts/xgboost-split_1700181168148/work/src/learner.cc:767: 
Parameters: { "device" } are not used.

[02:34:11] WARNING: /home/conda/feedstock_root/build_artifacts/xgboost-split_1700181168148/work/src/learner.cc:767: 
Parameters: { "device" } are not used.

[02:34:13] WARNING: /home/conda/feedstock_root/build_artifacts/xgboost-split_1700181168148/work/src/learner.cc:767: 
Parameters: { "device" } are not used.

params={'n_estimators': 100, 'learning_rate': 0.05, 'max_depth': 6}, cv_accuracy=0.275490
[02:34:14] WARNING: /home/conda/feedstock_root/build_artifacts/xgboost-split_1700181168148/work/src/learner.cc:767: 
Parameters: { "device" } are not used.

[02:34:16] WARNING: /home/conda/feedstock_root/build_artifacts/xgboost-split_1700181168148/work/src/learner.cc:767: 
Parameters: { "device" } are not used.

[02:34:17] WARNING: /home/conda/feedstock_root/build_artifacts/xgboost-split_1700181168148/work/src/learner.cc:767: 
Parameters: { "device" } are not used.

params={'n_estimators': 100, 'learning_rate': 0.1, 'max_depth': 6}, cv_accuracy=0.274614
Best params: {'n_estimators': 50, 'learning_rate': 0.1, 'max_depth': 6}
Best CV accuracy: 0.275865
[02:34:18] WARNING: /home/conda/feedstock_root/build_artifacts/xgboost-split_1700181168148/work/src/learner.cc:767: 
Parameters: { "device" } are not used.

accuracy = 0.282475
balanced_accuracy = 0.281512
macro_f1 = 0.245717
weighted_f1 = 0.246665
macro_precision = 0.236975
macro_recall = 0.281512
n_pca = 1
best_cv_accuracy = 0.2758648300015958
best_params = {'n_estimators': 50, 'learning_rate': 0.1, 'max_depth': 6}
Seed: 44
PCA components: 1
Manual XGB grid search
Number of settings: 4
[02:34:30] WARNING: /home/conda/feedstock_root/build_artifacts/xgboost-split_1700181168148/work/src/learner.cc:767: 
Parameters: { "device" } are not used.

[02:34:31] WARNING: /home/conda/feedstock_root/build_artifacts/xgboost-split_1700181168148/work/src/learner.cc:767: 
Parameters: { "device" } are not used.

[02:34:32] WARNING: /home/conda/feedstock_root/build_artifacts/xgboost-split_1700181168148/work/src/learner.cc:767: 
Parameters: { "device" } are not used.

params={'n_estimators': 50, 'learning_rate': 0.05, 'max_depth': 6}, cv_accuracy=0.275156
[02:34:33] WARNING: /home/conda/feedstock_root/build_artifacts/xgboost-split_1700181168148/work/src/learner.cc:767: 
Parameters: { "device" } are not used.

[02:34:33] WARNING: /home/conda/feedstock_root/build_artifacts/xgboost-split_1700181168148/work/src/learner.cc:767: 
Parameters: { "device" } are not used.

[02:34:34] WARNING: /home/conda/feedstock_root/build_artifacts/xgboost-split_1700181168148/work/src/learner.cc:767: 
Parameters: { "device" } are not used.

params={'n_estimators': 50, 'learning_rate': 0.1, 'max_depth': 6}, cv_accuracy=0.274031
[02:34:35] WARNING: /home/conda/feedstock_root/build_artifacts/xgboost-split_1700181168148/work/src/learner.cc:767: 
Parameters: { "device" } are not used.

[02:34:36] WARNING: /home/conda/feedstock_root/build_artifacts/xgboost-split_1700181168148/work/src/learner.cc:767: 
Parameters: { "device" } are not used.

[02:34:38] WARNING: /home/conda/feedstock_root/build_artifacts/xgboost-split_1700181168148/work/src/learner.cc:767: 
Parameters: { "device" } are not used.

params={'n_estimators': 100, 'learning_rate': 0.05, 'max_depth': 6}, cv_accuracy=0.274448
[02:34:39] WARNING: /home/conda/feedstock_root/build_artifacts/xgboost-split_1700181168148/work/src/learner.cc:767: 
Parameters: { "device" } are not used.

[02:34:40] WARNING: /home/conda/feedstock_root/build_artifacts/xgboost-split_1700181168148/work/src/learner.cc:767: 
Parameters: { "device" } are not used.

[02:34:42] WARNING: /home/conda/feedstock_root/build_artifacts/xgboost-split_1700181168148/work/src/learner.cc:767: 
Parameters: { "device" } are not used.

params={'n_estimators': 100, 'learning_rate': 0.1, 'max_depth': 6}, cv_accuracy=0.272905
Best params: {'n_estimators': 50, 'learning_rate': 0.05, 'max_depth': 6}
Best CV accuracy: 0.275156
[02:34:43] WARNING: /home/conda/feedstock_root/build_artifacts/xgboost-split_1700181168148/work/src/learner.cc:767: 
Parameters: { "device" } are not used.

accuracy = 0.277043
balanced_accuracy = 0.272613
macro_f1 = 0.235324
weighted_f1 = 0.239261
macro_precision = 0.229372
macro_recall = 0.272613
n_pca = 1
best_cv_accuracy = 0.2751564238206803
best_params = {'n_estimators': 50, 'learning_rate': 0.05, 'max_depth': 6}
Seed: 45
PCA components: 1
Manual XGB grid search
Number of settings: 4
[02:34:55] WARNING: /home/conda/feedstock_root/build_artifacts/xgboost-split_1700181168148/work/src/learner.cc:767: 
Parameters: { "device" } are not used.

[02:34:56] WARNING: /home/conda/feedstock_root/build_artifacts/xgboost-split_1700181168148/work/src/learner.cc:767: 
Parameters: { "device" } are not used.

[02:34:57] WARNING: /home/conda/feedstock_root/build_artifacts/xgboost-split_1700181168148/work/src/learner.cc:767: 
Parameters: { "device" } are not used.

params={'n_estimators': 50, 'learning_rate': 0.05, 'max_depth': 6}, cv_accuracy=0.278991
[02:34:57] WARNING: /home/conda/feedstock_root/build_artifacts/xgboost-split_1700181168148/work/src/learner.cc:767: 
Parameters: { "device" } are not used.

[02:34:58] WARNING: /home/conda/feedstock_root/build_artifacts/xgboost-split_1700181168148/work/src/learner.cc:767: 
Parameters: { "device" } are not used.

[02:34:59] WARNING: /home/conda/feedstock_root/build_artifacts/xgboost-split_1700181168148/work/src/learner.cc:767: 
Parameters: { "device" } are not used.

params={'n_estimators': 50, 'learning_rate': 0.1, 'max_depth': 6}, cv_accuracy=0.278157
[02:34:59] WARNING: /home/conda/feedstock_root/build_artifacts/xgboost-split_1700181168148/work/src/learner.cc:767: 
Parameters: { "device" } are not used.

[02:35:01] WARNING: /home/conda/feedstock_root/build_artifacts/xgboost-split_1700181168148/work/src/learner.cc:767: 
Parameters: { "device" } are not used.

[02:35:02] WARNING: /home/conda/feedstock_root/build_artifacts/xgboost-split_1700181168148/work/src/learner.cc:767: 
Parameters: { "device" } are not used.

params={'n_estimators': 100, 'learning_rate': 0.05, 'max_depth': 6}, cv_accuracy=0.277449
[02:35:04] WARNING: /home/conda/feedstock_root/build_artifacts/xgboost-split_1700181168148/work/src/learner.cc:767: 
Parameters: { "device" } are not used.

[02:35:05] WARNING: /home/conda/feedstock_root/build_artifacts/xgboost-split_1700181168148/work/src/learner.cc:767: 
Parameters: { "device" } are not used.

[02:35:06] WARNING: /home/conda/feedstock_root/build_artifacts/xgboost-split_1700181168148/work/src/learner.cc:767: 
Parameters: { "device" } are not used.

params={'n_estimators': 100, 'learning_rate': 0.1, 'max_depth': 6}, cv_accuracy=0.274614
Best params: {'n_estimators': 50, 'learning_rate': 0.05, 'max_depth': 6}
Best CV accuracy: 0.278991
[02:35:08] WARNING: /home/conda/feedstock_root/build_artifacts/xgboost-split_1700181168148/work/src/learner.cc:767: 
Parameters: { "device" } are not used.

accuracy = 0.265470
balanced_accuracy = 0.265431
macro_f1 = 0.229898
weighted_f1 = 0.229113
macro_precision = 0.213990
macro_recall = 0.265431
n_pca = 1
best_cv_accuracy = 0.27899108572251197
best_params = {'n_estimators': 50, 'learning_rate': 0.05, 'max_depth': 6}
Seed: 56
PCA components: 1
Manual XGB grid search
Number of settings: 4
[02:35:20] WARNING: /home/conda/feedstock_root/build_artifacts/xgboost-split_1700181168148/work/src/learner.cc:767: 
Parameters: { "device" } are not used.

[02:35:21] WARNING: /home/conda/feedstock_root/build_artifacts/xgboost-split_1700181168148/work/src/learner.cc:767: 
Parameters: { "device" } are not used.

[02:35:21] WARNING: /home/conda/feedstock_root/build_artifacts/xgboost-split_1700181168148/work/src/learner.cc:767: 
Parameters: { "device" } are not used.

params={'n_estimators': 50, 'learning_rate': 0.05, 'max_depth': 6}, cv_accuracy=0.278324
[02:35:22] WARNING: /home/conda/feedstock_root/build_artifacts/xgboost-split_1700181168148/work/src/learner.cc:767: 
Parameters: { "device" } are not used.

[02:35:23] WARNING: /home/conda/feedstock_root/build_artifacts/xgboost-split_1700181168148/work/src/learner.cc:767: 
Parameters: { "device" } are not used.

[02:35:23] WARNING: /home/conda/feedstock_root/build_artifacts/xgboost-split_1700181168148/work/src/learner.cc:767: 
Parameters: { "device" } are not used.

params={'n_estimators': 50, 'learning_rate': 0.1, 'max_depth': 6}, cv_accuracy=0.275698
[02:35:24] WARNING: /home/conda/feedstock_root/build_artifacts/xgboost-split_1700181168148/work/src/learner.cc:767: 
Parameters: { "device" } are not used.

[02:35:26] WARNING: /home/conda/feedstock_root/build_artifacts/xgboost-split_1700181168148/work/src/learner.cc:767: 
Parameters: { "device" } are not used.

[02:35:27] WARNING: /home/conda/feedstock_root/build_artifacts/xgboost-split_1700181168148/work/src/learner.cc:767: 
Parameters: { "device" } are not used.

params={'n_estimators': 100, 'learning_rate': 0.05, 'max_depth': 6}, cv_accuracy=0.275865
[02:35:28] WARNING: /home/conda/feedstock_root/build_artifacts/xgboost-split_1700181168148/work/src/learner.cc:767: 
Parameters: { "device" } are not used.

[02:35:30] WARNING: /home/conda/feedstock_root/build_artifacts/xgboost-split_1700181168148/work/src/learner.cc:767: 
Parameters: { "device" } are not used.

[02:35:31] WARNING: /home/conda/feedstock_root/build_artifacts/xgboost-split_1700181168148/work/src/learner.cc:767: 
Parameters: { "device" } are not used.

params={'n_estimators': 100, 'learning_rate': 0.1, 'max_depth': 6}, cv_accuracy=0.275532
Best params: {'n_estimators': 50, 'learning_rate': 0.05, 'max_depth': 6}
Best CV accuracy: 0.278324
[02:35:32] WARNING: /home/conda/feedstock_root/build_artifacts/xgboost-split_1700181168148/work/src/learner.cc:767: 
Parameters: { "device" } are not used.

accuracy = 0.274917
balanced_accuracy = 0.281209
macro_f1 = 0.242510
weighted_f1 = 0.237898
macro_precision = 0.236477
macro_recall = 0.281209
n_pca = 1
best_cv_accuracy = 0.27832438269069926
best_params = {'n_estimators': 50, 'learning_rate': 0.05, 'max_depth': 6}
------------------------------------------------------------------------------------------
TASK: DAY
------------------------------------------------------------------------------------------
y shape: (28224,)
classes: [0 1 2 3 4 5 6]
------------------------------------------------------------------------------------------
MODEL: LR
------------------------------------------------------------------------------------------
Seed: 42
PCA components: 1
Manual Torch grid search for LR
Number of settings: 3
params={'C': 0.1, 'lr': 0.001, 'weight_decay': 10.0}, cv_accuracy=0.171405
params={'C': 1.0, 'lr': 0.001, 'weight_decay': 1.0}, cv_accuracy=0.171863
params={'C': 10.0, 'lr': 0.001, 'weight_decay': 0.1}, cv_accuracy=0.172072
Best params: {'C': 10.0, 'lr': 0.001, 'weight_decay': 0.1}
Best CV accuracy: 0.172072
Epoch 1, loss = 2.162685
Epoch 50, loss = 1.939043
Epoch 100, loss = 1.939051
accuracy = 0.154228
balanced_accuracy = 0.162867
macro_f1 = 0.069303
weighted_f1 = 0.065486
macro_precision = 0.044592
macro_recall = 0.162867
n_pca = 1
best_cv_accuracy = 0.1720718378863476
best_params = {'C': 10.0, 'lr': 0.001, 'weight_decay': 0.1}
Seed: 43
PCA components: 1
Manual Torch grid search for LR
Number of settings: 3
params={'C': 0.1, 'lr': 0.001, 'weight_decay': 10.0}, cv_accuracy=0.167903
params={'C': 1.0, 'lr': 0.001, 'weight_decay': 1.0}, cv_accuracy=0.169487
params={'C': 10.0, 'lr': 0.001, 'weight_decay': 0.1}, cv_accuracy=0.169529
Best params: {'C': 10.0, 'lr': 0.001, 'weight_decay': 0.1}
Best CV accuracy: 0.169529
Epoch 1, loss = 2.225882
Epoch 50, loss = 1.939760
Epoch 100, loss = 1.939771
accuracy = 0.167218
balanced_accuracy = 0.167651
macro_f1 = 0.083791
weighted_f1 = 0.084531
macro_precision = 0.082139
macro_recall = 0.167651
n_pca = 1
best_cv_accuracy = 0.16952909784057132
best_params = {'C': 10.0, 'lr': 0.001, 'weight_decay': 0.1}
Seed: 44
PCA components: 1
Manual Torch grid search for LR
Number of settings: 3
params={'C': 0.1, 'lr': 0.001, 'weight_decay': 10.0}, cv_accuracy=0.166486
params={'C': 1.0, 'lr': 0.001, 'weight_decay': 1.0}, cv_accuracy=0.168070
params={'C': 10.0, 'lr': 0.001, 'weight_decay': 0.1}, cv_accuracy=0.168278
Best params: {'C': 10.0, 'lr': 0.001, 'weight_decay': 0.1}
Best CV accuracy: 0.168278
Epoch 1, loss = 2.246605
Epoch 50, loss = 1.939697
Epoch 100, loss = 1.939655
accuracy = 0.174067
balanced_accuracy = 0.173253
macro_f1 = 0.089346
weighted_f1 = 0.089458
macro_precision = 0.104592
macro_recall = 0.173253
n_pca = 1
best_cv_accuracy = 0.16827837348293584
best_params = {'C': 10.0, 'lr': 0.001, 'weight_decay': 0.1}
Seed: 45
PCA components: 1
Manual Torch grid search for LR
Number of settings: 3
params={'C': 0.1, 'lr': 0.001, 'weight_decay': 10.0}, cv_accuracy=0.164402
params={'C': 1.0, 'lr': 0.001, 'weight_decay': 1.0}, cv_accuracy=0.168737
params={'C': 10.0, 'lr': 0.001, 'weight_decay': 0.1}, cv_accuracy=0.168695
Best params: {'C': 1.0, 'lr': 0.001, 'weight_decay': 1.0}
Best CV accuracy: 0.168737
Epoch 1, loss = 2.197481
Epoch 50, loss = 1.944033
Epoch 100, loss = 1.944081
accuracy = 0.166509
balanced_accuracy = 0.163376
macro_f1 = 0.080844
weighted_f1 = 0.081672
macro_precision = 0.078686
macro_recall = 0.163376
n_pca = 1
best_cv_accuracy = 0.16873705078123655
best_params = {'C': 1.0, 'lr': 0.001, 'weight_decay': 1.0}
Seed: 56
PCA components: 1
Manual Torch grid search for LR
Number of settings: 3
params={'C': 0.1, 'lr': 0.001, 'weight_decay': 10.0}, cv_accuracy=0.168737
params={'C': 1.0, 'lr': 0.001, 'weight_decay': 1.0}, cv_accuracy=0.168820
params={'C': 10.0, 'lr': 0.001, 'weight_decay': 0.1}, cv_accuracy=0.168612
Best params: {'C': 1.0, 'lr': 0.001, 'weight_decay': 1.0}
Best CV accuracy: 0.168820
Epoch 1, loss = 2.078788
Epoch 50, loss = 1.944231
Epoch 100, loss = 1.944209
accuracy = 0.177846
balanced_accuracy = 0.181269
macro_f1 = 0.088504
weighted_f1 = 0.087367
macro_precision = 0.089734
macro_recall = 0.181269
n_pca = 1
best_cv_accuracy = 0.1688202120734412
best_params = {'C': 1.0, 'lr': 0.001, 'weight_decay': 1.0}
------------------------------------------------------------------------------------------
MODEL: MLP
------------------------------------------------------------------------------------------
Seed: 42
PCA components: 1
Manual Torch grid search for MLP
Number of settings: 3
params={'hidden_layer_sizes': (0, 0), 'activation': 'relu', 'alpha': 0.01, 'lr': 0.001, 'weight_decay': 0.01}, cv_accuracy=0.144310
params={'hidden_layer_sizes': (0, 0, 0), 'activation': 'relu', 'alpha': 0.01, 'lr': 0.001, 'weight_decay': 0.01}, cv_accuracy=0.144310
params={'hidden_layer_sizes': (150, 50), 'activation': 'relu', 'alpha': 0.01, 'lr': 0.001, 'weight_decay': 0.01}, cv_accuracy=0.173489
Best params: {'hidden_layer_sizes': (150, 50), 'activation': 'relu', 'alpha': 0.01, 'lr': 0.001, 'weight_decay': 0.01}
Best CV accuracy: 0.173489
Epoch 1, loss = 1.936875
Epoch 50, loss = 1.934269
Epoch 100, loss = 1.933903
accuracy = 0.156353
balanced_accuracy = 0.165472
macro_f1 = 0.070539
weighted_f1 = 0.066616
macro_precision = 0.044856
macro_recall = 0.165472
n_pca = 1
best_cv_accuracy = 0.17348907249256326
best_params = {'hidden_layer_sizes': (150, 50), 'activation': 'relu', 'alpha': 0.01, 'lr': 0.001, 'weight_decay': 0.01}
Seed: 43
PCA components: 1
Manual Torch grid search for MLP
Number of settings: 3
params={'hidden_layer_sizes': (0, 0), 'activation': 'relu', 'alpha': 0.01, 'lr': 0.001, 'weight_decay': 0.01}, cv_accuracy=0.144018
params={'hidden_layer_sizes': (0, 0, 0), 'activation': 'relu', 'alpha': 0.01, 'lr': 0.001, 'weight_decay': 0.01}, cv_accuracy=0.144018
params={'hidden_layer_sizes': (150, 50), 'activation': 'relu', 'alpha': 0.01, 'lr': 0.001, 'weight_decay': 0.01}, cv_accuracy=0.165527
Best params: {'hidden_layer_sizes': (150, 50), 'activation': 'relu', 'alpha': 0.01, 'lr': 0.001, 'weight_decay': 0.01}
Best CV accuracy: 0.165527
Epoch 1, loss = 1.938160
Epoch 50, loss = 1.935390
Epoch 100, loss = 1.935231
accuracy = 0.168635
balanced_accuracy = 0.167925
macro_f1 = 0.085381
weighted_f1 = 0.086055
macro_precision = 0.098007
macro_recall = 0.167925
n_pca = 1
best_cv_accuracy = 0.16552737312343388
best_params = {'hidden_layer_sizes': (150, 50), 'activation': 'relu', 'alpha': 0.01, 'lr': 0.001, 'weight_decay': 0.01}
Seed: 44
PCA components: 1
Manual Torch grid search for MLP
Number of settings: 3
params={'hidden_layer_sizes': (0, 0), 'activation': 'relu', 'alpha': 0.01, 'lr': 0.001, 'weight_decay': 0.01}, cv_accuracy=0.143226
params={'hidden_layer_sizes': (0, 0, 0), 'activation': 'relu', 'alpha': 0.01, 'lr': 0.001, 'weight_decay': 0.01}, cv_accuracy=0.143226
params={'hidden_layer_sizes': (150, 50), 'activation': 'relu', 'alpha': 0.01, 'lr': 0.001, 'weight_decay': 0.01}, cv_accuracy=0.170779
Best params: {'hidden_layer_sizes': (150, 50), 'activation': 'relu', 'alpha': 0.01, 'lr': 0.001, 'weight_decay': 0.01}
Best CV accuracy: 0.170779
Epoch 1, loss = 1.935322
Epoch 50, loss = 1.935564
Epoch 100, loss = 1.935143
accuracy = 0.175012
balanced_accuracy = 0.174719
macro_f1 = 0.089359
weighted_f1 = 0.089390
macro_precision = 0.083887
macro_recall = 0.174719
n_pca = 1
best_cv_accuracy = 0.17077947293433302
best_params = {'hidden_layer_sizes': (150, 50), 'activation': 'relu', 'alpha': 0.01, 'lr': 0.001, 'weight_decay': 0.01}
Seed: 45
PCA components: 1
Manual Torch grid search for MLP
Number of settings: 3
params={'hidden_layer_sizes': (0, 0), 'activation': 'relu', 'alpha': 0.01, 'lr': 0.001, 'weight_decay': 0.01}, cv_accuracy=0.144143
params={'hidden_layer_sizes': (0, 0, 0), 'activation': 'relu', 'alpha': 0.01, 'lr': 0.001, 'weight_decay': 0.01}, cv_accuracy=0.144143
params={'hidden_layer_sizes': (150, 50), 'activation': 'relu', 'alpha': 0.01, 'lr': 0.001, 'weight_decay': 0.01}, cv_accuracy=0.168529
Best params: {'hidden_layer_sizes': (150, 50), 'activation': 'relu', 'alpha': 0.01, 'lr': 0.001, 'weight_decay': 0.01}
Best CV accuracy: 0.168529
Epoch 1, loss = 1.934740
Epoch 50, loss = 1.934910
Epoch 100, loss = 1.934647
accuracy = 0.168871
balanced_accuracy = 0.166722
macro_f1 = 0.087444
weighted_f1 = 0.088048
macro_precision = 0.090558
macro_recall = 0.166722
n_pca = 1
best_cv_accuracy = 0.1685285767388717
best_params = {'hidden_layer_sizes': (150, 50), 'activation': 'relu', 'alpha': 0.01, 'lr': 0.001, 'weight_decay': 0.01}
Seed: 56
PCA components: 1
Manual Torch grid search for MLP
Number of settings: 3
params={'hidden_layer_sizes': (0, 0), 'activation': 'relu', 'alpha': 0.01, 'lr': 0.001, 'weight_decay': 0.01}, cv_accuracy=0.143601
params={'hidden_layer_sizes': (0, 0, 0), 'activation': 'relu', 'alpha': 0.01, 'lr': 0.001, 'weight_decay': 0.01}, cv_accuracy=0.143601
params={'hidden_layer_sizes': (150, 50), 'activation': 'relu', 'alpha': 0.01, 'lr': 0.001, 'weight_decay': 0.01}, cv_accuracy=0.167861
Best params: {'hidden_layer_sizes': (150, 50), 'activation': 'relu', 'alpha': 0.01, 'lr': 0.001, 'weight_decay': 0.01}
Best CV accuracy: 0.167861
Epoch 1, loss = 1.938840
Epoch 50, loss = 1.935675
Epoch 100, loss = 1.935554
accuracy = 0.178791
balanced_accuracy = 0.181877
macro_f1 = 0.085606
weighted_f1 = 0.084512
macro_precision = 0.112223
macro_recall = 0.181877
n_pca = 1
best_cv_accuracy = 0.16786148795292985
best_params = {'hidden_layer_sizes': (150, 50), 'activation': 'relu', 'alpha': 0.01, 'lr': 0.001, 'weight_decay': 0.01}
------------------------------------------------------------------------------------------
MODEL: XGB
------------------------------------------------------------------------------------------
Seed: 42
PCA components: 1
Manual XGB grid search
Number of settings: 4
[02:42:02] WARNING: /home/conda/feedstock_root/build_artifacts/xgboost-split_1700181168148/work/src/learner.cc:767: 
Parameters: { "device" } are not used.

[02:42:02] WARNING: /home/conda/feedstock_root/build_artifacts/xgboost-split_1700181168148/work/src/learner.cc:767: 
Parameters: { "device" } are not used.

[02:42:03] WARNING: /home/conda/feedstock_root/build_artifacts/xgboost-split_1700181168148/work/src/learner.cc:767: 
Parameters: { "device" } are not used.

params={'n_estimators': 50, 'learning_rate': 0.05, 'max_depth': 6}, cv_accuracy=0.239808
[02:42:03] WARNING: /home/conda/feedstock_root/build_artifacts/xgboost-split_1700181168148/work/src/learner.cc:767: 
Parameters: { "device" } are not used.

[02:42:03] WARNING: /home/conda/feedstock_root/build_artifacts/xgboost-split_1700181168148/work/src/learner.cc:767: 
Parameters: { "device" } are not used.

[02:42:03] WARNING: /home/conda/feedstock_root/build_artifacts/xgboost-split_1700181168148/work/src/learner.cc:767: 
Parameters: { "device" } are not used.

params={'n_estimators': 50, 'learning_rate': 0.1, 'max_depth': 6}, cv_accuracy=0.240183
[02:42:04] WARNING: /home/conda/feedstock_root/build_artifacts/xgboost-split_1700181168148/work/src/learner.cc:767: 
Parameters: { "device" } are not used.

[02:42:04] WARNING: /home/conda/feedstock_root/build_artifacts/xgboost-split_1700181168148/work/src/learner.cc:767: 
Parameters: { "device" } are not used.

[02:42:04] WARNING: /home/conda/feedstock_root/build_artifacts/xgboost-split_1700181168148/work/src/learner.cc:767: 
Parameters: { "device" } are not used.

params={'n_estimators': 100, 'learning_rate': 0.05, 'max_depth': 6}, cv_accuracy=0.240850
[02:42:05] WARNING: /home/conda/feedstock_root/build_artifacts/xgboost-split_1700181168148/work/src/learner.cc:767: 
Parameters: { "device" } are not used.

[02:42:05] WARNING: /home/conda/feedstock_root/build_artifacts/xgboost-split_1700181168148/work/src/learner.cc:767: 
Parameters: { "device" } are not used.

[02:42:06] WARNING: /home/conda/feedstock_root/build_artifacts/xgboost-split_1700181168148/work/src/learner.cc:767: 
Parameters: { "device" } are not used.

params={'n_estimators': 100, 'learning_rate': 0.1, 'max_depth': 6}, cv_accuracy=0.239975
Best params: {'n_estimators': 100, 'learning_rate': 0.05, 'max_depth': 6}
Best CV accuracy: 0.240850
[02:42:06] WARNING: /home/conda/feedstock_root/build_artifacts/xgboost-split_1700181168148/work/src/learner.cc:767: 
Parameters: { "device" } are not used.

accuracy = 0.234058
balanced_accuracy = 0.237315
macro_f1 = 0.224913
weighted_f1 = 0.223718
macro_precision = 0.236667
macro_recall = 0.237315
n_pca = 1
best_cv_accuracy = 0.24085044377050768
best_params = {'n_estimators': 100, 'learning_rate': 0.05, 'max_depth': 6}
Seed: 43
PCA components: 1
Manual XGB grid search
Number of settings: 4
[02:42:18] WARNING: /home/conda/feedstock_root/build_artifacts/xgboost-split_1700181168148/work/src/learner.cc:767: 
Parameters: { "device" } are not used.

[02:42:18] WARNING: /home/conda/feedstock_root/build_artifacts/xgboost-split_1700181168148/work/src/learner.cc:767: 
Parameters: { "device" } are not used.

[02:42:19] WARNING: /home/conda/feedstock_root/build_artifacts/xgboost-split_1700181168148/work/src/learner.cc:767: 
Parameters: { "device" } are not used.

params={'n_estimators': 50, 'learning_rate': 0.05, 'max_depth': 6}, cv_accuracy=0.242601
[02:42:19] WARNING: /home/conda/feedstock_root/build_artifacts/xgboost-split_1700181168148/work/src/learner.cc:767: 
Parameters: { "device" } are not used.

[02:42:19] WARNING: /home/conda/feedstock_root/build_artifacts/xgboost-split_1700181168148/work/src/learner.cc:767: 
Parameters: { "device" } are not used.

[02:42:19] WARNING: /home/conda/feedstock_root/build_artifacts/xgboost-split_1700181168148/work/src/learner.cc:767: 
Parameters: { "device" } are not used.

params={'n_estimators': 50, 'learning_rate': 0.1, 'max_depth': 6}, cv_accuracy=0.241684
[02:42:20] WARNING: /home/conda/feedstock_root/build_artifacts/xgboost-split_1700181168148/work/src/learner.cc:767: 
Parameters: { "device" } are not used.

[02:42:20] WARNING: /home/conda/feedstock_root/build_artifacts/xgboost-split_1700181168148/work/src/learner.cc:767: 
Parameters: { "device" } are not used.

[02:42:20] WARNING: /home/conda/feedstock_root/build_artifacts/xgboost-split_1700181168148/work/src/learner.cc:767: 
Parameters: { "device" } are not used.

params={'n_estimators': 100, 'learning_rate': 0.05, 'max_depth': 6}, cv_accuracy=0.240976
[02:42:21] WARNING: /home/conda/feedstock_root/build_artifacts/xgboost-split_1700181168148/work/src/learner.cc:767: 
Parameters: { "device" } are not used.

[02:42:21] WARNING: /home/conda/feedstock_root/build_artifacts/xgboost-split_1700181168148/work/src/learner.cc:767: 
Parameters: { "device" } are not used.

[02:42:22] WARNING: /home/conda/feedstock_root/build_artifacts/xgboost-split_1700181168148/work/src/learner.cc:767: 
Parameters: { "device" } are not used.

params={'n_estimators': 100, 'learning_rate': 0.1, 'max_depth': 6}, cv_accuracy=0.240475
Best params: {'n_estimators': 50, 'learning_rate': 0.05, 'max_depth': 6}
Best CV accuracy: 0.242601
[02:42:22] WARNING: /home/conda/feedstock_root/build_artifacts/xgboost-split_1700181168148/work/src/learner.cc:767: 
Parameters: { "device" } are not used.

accuracy = 0.243741
balanced_accuracy = 0.242729
macro_f1 = 0.228397
weighted_f1 = 0.228648
macro_precision = 0.241732
macro_recall = 0.242729
n_pca = 1
best_cv_accuracy = 0.2426013296340138
best_params = {'n_estimators': 50, 'learning_rate': 0.05, 'max_depth': 6}
Seed: 44
PCA components: 1
Manual XGB grid search
Number of settings: 4
[02:42:34] WARNING: /home/conda/feedstock_root/build_artifacts/xgboost-split_1700181168148/work/src/learner.cc:767: 
Parameters: { "device" } are not used.

[02:42:34] WARNING: /home/conda/feedstock_root/build_artifacts/xgboost-split_1700181168148/work/src/learner.cc:767: 
Parameters: { "device" } are not used.

[02:42:34] WARNING: /home/conda/feedstock_root/build_artifacts/xgboost-split_1700181168148/work/src/learner.cc:767: 
Parameters: { "device" } are not used.

params={'n_estimators': 50, 'learning_rate': 0.05, 'max_depth': 6}, cv_accuracy=0.245144
[02:42:35] WARNING: /home/conda/feedstock_root/build_artifacts/xgboost-split_1700181168148/work/src/learner.cc:767: 
Parameters: { "device" } are not used.

[02:42:35] WARNING: /home/conda/feedstock_root/build_artifacts/xgboost-split_1700181168148/work/src/learner.cc:767: 
Parameters: { "device" } are not used.

[02:42:35] WARNING: /home/conda/feedstock_root/build_artifacts/xgboost-split_1700181168148/work/src/learner.cc:767: 
Parameters: { "device" } are not used.

params={'n_estimators': 50, 'learning_rate': 0.1, 'max_depth': 6}, cv_accuracy=0.244227
[02:42:35] WARNING: /home/conda/feedstock_root/build_artifacts/xgboost-split_1700181168148/work/src/learner.cc:767: 
Parameters: { "device" } are not used.

[02:42:36] WARNING: /home/conda/feedstock_root/build_artifacts/xgboost-split_1700181168148/work/src/learner.cc:767: 
Parameters: { "device" } are not used.

[02:42:36] WARNING: /home/conda/feedstock_root/build_artifacts/xgboost-split_1700181168148/work/src/learner.cc:767: 
Parameters: { "device" } are not used.

params={'n_estimators': 100, 'learning_rate': 0.05, 'max_depth': 6}, cv_accuracy=0.244352
[02:42:37] WARNING: /home/conda/feedstock_root/build_artifacts/xgboost-split_1700181168148/work/src/learner.cc:767: 
Parameters: { "device" } are not used.

[02:42:37] WARNING: /home/conda/feedstock_root/build_artifacts/xgboost-split_1700181168148/work/src/learner.cc:767: 
Parameters: { "device" } are not used.

[02:42:37] WARNING: /home/conda/feedstock_root/build_artifacts/xgboost-split_1700181168148/work/src/learner.cc:767: 
Parameters: { "device" } are not used.

params={'n_estimators': 100, 'learning_rate': 0.1, 'max_depth': 6}, cv_accuracy=0.242685
Best params: {'n_estimators': 50, 'learning_rate': 0.05, 'max_depth': 6}
Best CV accuracy: 0.245144
[02:42:38] WARNING: /home/conda/feedstock_root/build_artifacts/xgboost-split_1700181168148/work/src/learner.cc:767: 
Parameters: { "device" } are not used.

accuracy = 0.234058
balanced_accuracy = 0.233926
macro_f1 = 0.223381
weighted_f1 = 0.223485
macro_precision = 0.228197
macro_recall = 0.233926
n_pca = 1
best_cv_accuracy = 0.24514400191217278
best_params = {'n_estimators': 50, 'learning_rate': 0.05, 'max_depth': 6}
Seed: 45
PCA components: 1
Manual XGB grid search
Number of settings: 4
[02:42:50] WARNING: /home/conda/feedstock_root/build_artifacts/xgboost-split_1700181168148/work/src/learner.cc:767: 
Parameters: { "device" } are not used.

[02:42:50] WARNING: /home/conda/feedstock_root/build_artifacts/xgboost-split_1700181168148/work/src/learner.cc:767: 
Parameters: { "device" } are not used.

[02:42:50] WARNING: /home/conda/feedstock_root/build_artifacts/xgboost-split_1700181168148/work/src/learner.cc:767: 
Parameters: { "device" } are not used.

params={'n_estimators': 50, 'learning_rate': 0.05, 'max_depth': 6}, cv_accuracy=0.242226
[02:42:50] WARNING: /home/conda/feedstock_root/build_artifacts/xgboost-split_1700181168148/work/src/learner.cc:767: 
Parameters: { "device" } are not used.

[02:42:51] WARNING: /home/conda/feedstock_root/build_artifacts/xgboost-split_1700181168148/work/src/learner.cc:767: 
Parameters: { "device" } are not used.

[02:42:51] WARNING: /home/conda/feedstock_root/build_artifacts/xgboost-split_1700181168148/work/src/learner.cc:767: 
Parameters: { "device" } are not used.

params={'n_estimators': 50, 'learning_rate': 0.1, 'max_depth': 6}, cv_accuracy=0.242518
[02:42:51] WARNING: /home/conda/feedstock_root/build_artifacts/xgboost-split_1700181168148/work/src/learner.cc:767: 
Parameters: { "device" } are not used.

[02:42:51] WARNING: /home/conda/feedstock_root/build_artifacts/xgboost-split_1700181168148/work/src/learner.cc:767: 
Parameters: { "device" } are not used.

[02:42:52] WARNING: /home/conda/feedstock_root/build_artifacts/xgboost-split_1700181168148/work/src/learner.cc:767: 
Parameters: { "device" } are not used.

params={'n_estimators': 100, 'learning_rate': 0.05, 'max_depth': 6}, cv_accuracy=0.242184
[02:42:52] WARNING: /home/conda/feedstock_root/build_artifacts/xgboost-split_1700181168148/work/src/learner.cc:767: 
Parameters: { "device" } are not used.

[02:42:53] WARNING: /home/conda/feedstock_root/build_artifacts/xgboost-split_1700181168148/work/src/learner.cc:767: 
Parameters: { "device" } are not used.

[02:42:53] WARNING: /home/conda/feedstock_root/build_artifacts/xgboost-split_1700181168148/work/src/learner.cc:767: 
Parameters: { "device" } are not used.

params={'n_estimators': 100, 'learning_rate': 0.1, 'max_depth': 6}, cv_accuracy=0.241517
Best params: {'n_estimators': 50, 'learning_rate': 0.1, 'max_depth': 6}
Best CV accuracy: 0.242518
[02:42:54] WARNING: /home/conda/feedstock_root/build_artifacts/xgboost-split_1700181168148/work/src/learner.cc:767: 
Parameters: { "device" } are not used.

accuracy = 0.239726
balanced_accuracy = 0.239061
macro_f1 = 0.229268
weighted_f1 = 0.229816
macro_precision = 0.242386
macro_recall = 0.239061
n_pca = 1
best_cv_accuracy = 0.24251794418738273
best_params = {'n_estimators': 50, 'learning_rate': 0.1, 'max_depth': 6}
Seed: 56
PCA components: 1
Manual XGB grid search
Number of settings: 4
[02:43:05] WARNING: /home/conda/feedstock_root/build_artifacts/xgboost-split_1700181168148/work/src/learner.cc:767: 
Parameters: { "device" } are not used.

[02:43:06] WARNING: /home/conda/feedstock_root/build_artifacts/xgboost-split_1700181168148/work/src/learner.cc:767: 
Parameters: { "device" } are not used.

[02:43:06] WARNING: /home/conda/feedstock_root/build_artifacts/xgboost-split_1700181168148/work/src/learner.cc:767: 
Parameters: { "device" } are not used.

params={'n_estimators': 50, 'learning_rate': 0.05, 'max_depth': 6}, cv_accuracy=0.242893
[02:43:06] WARNING: /home/conda/feedstock_root/build_artifacts/xgboost-split_1700181168148/work/src/learner.cc:767: 
Parameters: { "device" } are not used.

[02:43:06] WARNING: /home/conda/feedstock_root/build_artifacts/xgboost-split_1700181168148/work/src/learner.cc:767: 
Parameters: { "device" } are not used.

[02:43:07] WARNING: /home/conda/feedstock_root/build_artifacts/xgboost-split_1700181168148/work/src/learner.cc:767: 
Parameters: { "device" } are not used.

params={'n_estimators': 50, 'learning_rate': 0.1, 'max_depth': 6}, cv_accuracy=0.242643
[02:43:07] WARNING: /home/conda/feedstock_root/build_artifacts/xgboost-split_1700181168148/work/src/learner.cc:767: 
Parameters: { "device" } are not used.

[02:43:07] WARNING: /home/conda/feedstock_root/build_artifacts/xgboost-split_1700181168148/work/src/learner.cc:767: 
Parameters: { "device" } are not used.

[02:43:08] WARNING: /home/conda/feedstock_root/build_artifacts/xgboost-split_1700181168148/work/src/learner.cc:767: 
Parameters: { "device" } are not used.

params={'n_estimators': 100, 'learning_rate': 0.05, 'max_depth': 6}, cv_accuracy=0.244310
[02:43:08] WARNING: /home/conda/feedstock_root/build_artifacts/xgboost-split_1700181168148/work/src/learner.cc:767: 
Parameters: { "device" } are not used.

[02:43:09] WARNING: /home/conda/feedstock_root/build_artifacts/xgboost-split_1700181168148/work/src/learner.cc:767: 
Parameters: { "device" } are not used.

[02:43:09] WARNING: /home/conda/feedstock_root/build_artifacts/xgboost-split_1700181168148/work/src/learner.cc:767: 
Parameters: { "device" } are not used.

params={'n_estimators': 100, 'learning_rate': 0.1, 'max_depth': 6}, cv_accuracy=0.241350
Best params: {'n_estimators': 100, 'learning_rate': 0.05, 'max_depth': 6}
Best CV accuracy: 0.244310
[02:43:09] WARNING: /home/conda/feedstock_root/build_artifacts/xgboost-split_1700181168148/work/src/learner.cc:767: 
Parameters: { "device" } are not used.

accuracy = 0.238309
balanced_accuracy = 0.238575
macro_f1 = 0.231069
weighted_f1 = 0.231015
macro_precision = 0.244147
macro_recall = 0.238575
n_pca = 1
best_cv_accuracy = 0.24431000669773426
best_params = {'n_estimators': 100, 'learning_rate': 0.05, 'max_depth': 6}
------------------------------------------------------------------------------------------
TASK: WEEK
------------------------------------------------------------------------------------------
y shape: (28224,)
classes: [0 1 2 3]
------------------------------------------------------------------------------------------
MODEL: LR
------------------------------------------------------------------------------------------
Seed: 42
PCA components: 1
Manual Torch grid search for LR
Number of settings: 3
params={'C': 0.1, 'lr': 0.001, 'weight_decay': 10.0}, cv_accuracy=0.288245
params={'C': 1.0, 'lr': 0.001, 'weight_decay': 1.0}, cv_accuracy=0.287912
params={'C': 10.0, 'lr': 0.001, 'weight_decay': 0.1}, cv_accuracy=0.287286
Best params: {'C': 0.1, 'lr': 0.001, 'weight_decay': 10.0}
Best CV accuracy: 0.288245
Epoch 1, loss = 1.552702
Epoch 50, loss = 1.385800
Epoch 100, loss = 1.385813
accuracy = 0.299480
balanced_accuracy = 0.250000
macro_f1 = 0.115231
weighted_f1 = 0.138037
macro_precision = 0.074870
macro_recall = 0.250000
n_pca = 1
best_cv_accuracy = 0.28824510312761314
best_params = {'C': 0.1, 'lr': 0.001, 'weight_decay': 10.0}
Seed: 43
PCA components: 1
Manual Torch grid search for LR
Number of settings: 3
params={'C': 0.1, 'lr': 0.001, 'weight_decay': 10.0}, cv_accuracy=0.285327
params={'C': 1.0, 'lr': 0.001, 'weight_decay': 1.0}, cv_accuracy=0.284619
params={'C': 10.0, 'lr': 0.001, 'weight_decay': 0.1}, cv_accuracy=0.285077
Best params: {'C': 0.1, 'lr': 0.001, 'weight_decay': 10.0}
Best CV accuracy: 0.285327
Epoch 1, loss = 1.670119
Epoch 50, loss = 1.385783
Epoch 100, loss = 1.385815
accuracy = 0.285309
balanced_accuracy = 0.248275
macro_f1 = 0.178379
weighted_f1 = 0.204601
macro_precision = 0.142198
macro_recall = 0.248275
n_pca = 1
best_cv_accuracy = 0.2853271859138272
best_params = {'C': 0.1, 'lr': 0.001, 'weight_decay': 10.0}
Seed: 44
PCA components: 1
Manual Torch grid search for LR
Number of settings: 3
params={'C': 0.1, 'lr': 0.001, 'weight_decay': 10.0}, cv_accuracy=0.287036
params={'C': 1.0, 'lr': 0.001, 'weight_decay': 1.0}, cv_accuracy=0.282826
params={'C': 10.0, 'lr': 0.001, 'weight_decay': 0.1}, cv_accuracy=0.282951
Best params: {'C': 0.1, 'lr': 0.001, 'weight_decay': 10.0}
Best CV accuracy: 0.287036
Epoch 1, loss = 1.484438
Epoch 50, loss = 1.385796
Epoch 100, loss = 1.385811
accuracy = 0.289561
balanced_accuracy = 0.250914
macro_f1 = 0.170285
weighted_f1 = 0.194964
macro_precision = 0.142894
macro_recall = 0.250914
n_pca = 1
best_cv_accuracy = 0.28703637905401785
best_params = {'C': 0.1, 'lr': 0.001, 'weight_decay': 10.0}
Seed: 45
PCA components: 1
Manual Torch grid search for LR
Number of settings: 3
params={'C': 0.1, 'lr': 0.001, 'weight_decay': 10.0}, cv_accuracy=0.285202
params={'C': 1.0, 'lr': 0.001, 'weight_decay': 1.0}, cv_accuracy=0.285244
params={'C': 10.0, 'lr': 0.001, 'weight_decay': 0.1}, cv_accuracy=0.283993
Best params: {'C': 1.0, 'lr': 0.001, 'weight_decay': 1.0}
Best CV accuracy: 0.285244
Epoch 1, loss = 1.684925
Epoch 50, loss = 1.382698
Epoch 100, loss = 1.382755
accuracy = 0.285546
balanced_accuracy = 0.250000
macro_f1 = 0.111060
weighted_f1 = 0.126851
macro_precision = 0.071386
macro_recall = 0.250000
n_pca = 1
best_cv_accuracy = 0.2852439307895372
best_params = {'C': 1.0, 'lr': 0.001, 'weight_decay': 1.0}
Seed: 56
PCA components: 1
Manual Torch grid search for LR
Number of settings: 3
params={'C': 0.1, 'lr': 0.001, 'weight_decay': 10.0}, cv_accuracy=0.285577
params={'C': 1.0, 'lr': 0.001, 'weight_decay': 1.0}, cv_accuracy=0.286161
params={'C': 10.0, 'lr': 0.001, 'weight_decay': 0.1}, cv_accuracy=0.285786
Best params: {'C': 1.0, 'lr': 0.001, 'weight_decay': 1.0}
Best CV accuracy: 0.286161
Epoch 1, loss = 1.502684
Epoch 50, loss = 1.382704
Epoch 100, loss = 1.382516
accuracy = 0.276807
balanced_accuracy = 0.250000
macro_f1 = 0.108398
weighted_f1 = 0.120021
macro_precision = 0.069202
macro_recall = 0.250000
n_pca = 1
best_cv_accuracy = 0.2861609465480521
best_params = {'C': 1.0, 'lr': 0.001, 'weight_decay': 1.0}
------------------------------------------------------------------------------------------
MODEL: MLP
------------------------------------------------------------------------------------------
Seed: 42
PCA components: 1
Manual Torch grid search for MLP
Number of settings: 3
params={'hidden_layer_sizes': (0, 0), 'activation': 'relu', 'alpha': 0.01, 'lr': 0.001, 'weight_decay': 0.01}, cv_accuracy=0.288245
params={'hidden_layer_sizes': (0, 0, 0), 'activation': 'relu', 'alpha': 0.01, 'lr': 0.001, 'weight_decay': 0.01}, cv_accuracy=0.288245
params={'hidden_layer_sizes': (150, 50), 'activation': 'relu', 'alpha': 0.01, 'lr': 0.001, 'weight_decay': 0.01}, cv_accuracy=0.288245
Best params: {'hidden_layer_sizes': (0, 0), 'activation': 'relu', 'alpha': 0.01, 'lr': 0.001, 'weight_decay': 0.01}
Best CV accuracy: 0.288245
Epoch 1, loss = 1.383552
Epoch 50, loss = 1.376037
Epoch 100, loss = 1.376055
accuracy = 0.271375
balanced_accuracy = 0.250000
macro_f1 = 0.106725
weighted_f1 = 0.115850
macro_precision = 0.067844
macro_recall = 0.250000
n_pca = 1
best_cv_accuracy = 0.28824510312761314
best_params = {'hidden_layer_sizes': (0, 0), 'activation': 'relu', 'alpha': 0.01, 'lr': 0.001, 'weight_decay': 0.01}
Seed: 43
PCA components: 1
Manual Torch grid search for MLP
Number of settings: 3
params={'hidden_layer_sizes': (0, 0), 'activation': 'relu', 'alpha': 0.01, 'lr': 0.001, 'weight_decay': 0.01}, cv_accuracy=0.286244
params={'hidden_layer_sizes': (0, 0, 0), 'activation': 'relu', 'alpha': 0.01, 'lr': 0.001, 'weight_decay': 0.01}, cv_accuracy=0.286244
params={'hidden_layer_sizes': (150, 50), 'activation': 'relu', 'alpha': 0.01, 'lr': 0.001, 'weight_decay': 0.01}, cv_accuracy=0.286244
Best params: {'hidden_layer_sizes': (0, 0), 'activation': 'relu', 'alpha': 0.01, 'lr': 0.001, 'weight_decay': 0.01}
Best CV accuracy: 0.286244
Epoch 1, loss = 1.383921
Epoch 50, loss = 1.376157
Epoch 100, loss = 1.376153
accuracy = 0.282711
balanced_accuracy = 0.250000
macro_f1 = 0.110201
weighted_f1 = 0.124620
macro_precision = 0.070678
macro_recall = 0.250000
n_pca = 1
best_cv_accuracy = 0.28624426943995945
best_params = {'hidden_layer_sizes': (0, 0), 'activation': 'relu', 'alpha': 0.01, 'lr': 0.001, 'weight_decay': 0.01}
Seed: 44
PCA components: 1
Manual Torch grid search for MLP
Number of settings: 3
params={'hidden_layer_sizes': (0, 0), 'activation': 'relu', 'alpha': 0.01, 'lr': 0.001, 'weight_decay': 0.01}, cv_accuracy=0.287411
params={'hidden_layer_sizes': (0, 0, 0), 'activation': 'relu', 'alpha': 0.01, 'lr': 0.001, 'weight_decay': 0.01}, cv_accuracy=0.287411
params={'hidden_layer_sizes': (150, 50), 'activation': 'relu', 'alpha': 0.01, 'lr': 0.001, 'weight_decay': 0.01}, cv_accuracy=0.287411
Best params: {'hidden_layer_sizes': (0, 0), 'activation': 'relu', 'alpha': 0.01, 'lr': 0.001, 'weight_decay': 0.01}
Best CV accuracy: 0.287411
Epoch 1, loss = 1.383693
Epoch 50, loss = 1.375931
Epoch 100, loss = 1.375948
accuracy = 0.276098
balanced_accuracy = 0.250000
macro_f1 = 0.108181
weighted_f1 = 0.119474
macro_precision = 0.069025
macro_recall = 0.250000
n_pca = 1
best_cv_accuracy = 0.2874114206867929
best_params = {'hidden_layer_sizes': (0, 0), 'activation': 'relu', 'alpha': 0.01, 'lr': 0.001, 'weight_decay': 0.01}
Seed: 45
PCA components: 1
Manual Torch grid search for MLP
Number of settings: 3
params={'hidden_layer_sizes': (0, 0), 'activation': 'relu', 'alpha': 0.01, 'lr': 0.001, 'weight_decay': 0.01}, cv_accuracy=0.285744
params={'hidden_layer_sizes': (0, 0, 0), 'activation': 'relu', 'alpha': 0.01, 'lr': 0.001, 'weight_decay': 0.01}, cv_accuracy=0.285744
params={'hidden_layer_sizes': (150, 50), 'activation': 'relu', 'alpha': 0.01, 'lr': 0.001, 'weight_decay': 0.01}, cv_accuracy=0.285744
Best params: {'hidden_layer_sizes': (0, 0), 'activation': 'relu', 'alpha': 0.01, 'lr': 0.001, 'weight_decay': 0.01}
Best CV accuracy: 0.285744
Epoch 1, loss = 1.383795
Epoch 50, loss = 1.376375
Epoch 100, loss = 1.376373
accuracy = 0.285546
balanced_accuracy = 0.250000
macro_f1 = 0.111060
weighted_f1 = 0.126851
macro_precision = 0.071386
macro_recall = 0.250000
n_pca = 1
best_cv_accuracy = 0.285744061018046
best_params = {'hidden_layer_sizes': (0, 0), 'activation': 'relu', 'alpha': 0.01, 'lr': 0.001, 'weight_decay': 0.01}
Seed: 56
PCA components: 1
Manual Torch grid search for MLP
Number of settings: 3
params={'hidden_layer_sizes': (0, 0), 'activation': 'relu', 'alpha': 0.01, 'lr': 0.001, 'weight_decay': 0.01}, cv_accuracy=0.287286
params={'hidden_layer_sizes': (0, 0, 0), 'activation': 'relu', 'alpha': 0.01, 'lr': 0.001, 'weight_decay': 0.01}, cv_accuracy=0.287286
params={'hidden_layer_sizes': (150, 50), 'activation': 'relu', 'alpha': 0.01, 'lr': 0.001, 'weight_decay': 0.01}, cv_accuracy=0.287286
Best params: {'hidden_layer_sizes': (0, 0), 'activation': 'relu', 'alpha': 0.01, 'lr': 0.001, 'weight_decay': 0.01}
Best CV accuracy: 0.287286
Epoch 1, loss = 1.383786
Epoch 50, loss = 1.375855
Epoch 100, loss = 1.375829
accuracy = 0.276807
balanced_accuracy = 0.250000
macro_f1 = 0.108398
weighted_f1 = 0.120021
macro_precision = 0.069202
macro_recall = 0.250000
n_pca = 1
best_cv_accuracy = 0.28728636858131457
best_params = {'hidden_layer_sizes': (0, 0), 'activation': 'relu', 'alpha': 0.01, 'lr': 0.001, 'weight_decay': 0.01}
------------------------------------------------------------------------------------------
MODEL: XGB
------------------------------------------------------------------------------------------
Seed: 42
PCA components: 1
Manual XGB grid search
Number of settings: 4
[02:49:31] WARNING: /home/conda/feedstock_root/build_artifacts/xgboost-split_1700181168148/work/src/learner.cc:767: 
Parameters: { "device" } are not used.

[02:49:31] WARNING: /home/conda/feedstock_root/build_artifacts/xgboost-split_1700181168148/work/src/learner.cc:767: 
Parameters: { "device" } are not used.

[02:49:32] WARNING: /home/conda/feedstock_root/build_artifacts/xgboost-split_1700181168148/work/src/learner.cc:767: 
Parameters: { "device" } are not used.

params={'n_estimators': 50, 'learning_rate': 0.05, 'max_depth': 6}, cv_accuracy=0.282451
[02:49:32] WARNING: /home/conda/feedstock_root/build_artifacts/xgboost-split_1700181168148/work/src/learner.cc:767: 
Parameters: { "device" } are not used.

[02:49:32] WARNING: /home/conda/feedstock_root/build_artifacts/xgboost-split_1700181168148/work/src/learner.cc:767: 
Parameters: { "device" } are not used.

[02:49:32] WARNING: /home/conda/feedstock_root/build_artifacts/xgboost-split_1700181168148/work/src/learner.cc:767: 
Parameters: { "device" } are not used.

params={'n_estimators': 50, 'learning_rate': 0.1, 'max_depth': 6}, cv_accuracy=0.280325
[02:49:32] WARNING: /home/conda/feedstock_root/build_artifacts/xgboost-split_1700181168148/work/src/learner.cc:767: 
Parameters: { "device" } are not used.

[02:49:32] WARNING: /home/conda/feedstock_root/build_artifacts/xgboost-split_1700181168148/work/src/learner.cc:767: 
Parameters: { "device" } are not used.

[02:49:33] WARNING: /home/conda/feedstock_root/build_artifacts/xgboost-split_1700181168148/work/src/learner.cc:767: 
Parameters: { "device" } are not used.

params={'n_estimators': 100, 'learning_rate': 0.05, 'max_depth': 6}, cv_accuracy=0.280992
[02:49:33] WARNING: /home/conda/feedstock_root/build_artifacts/xgboost-split_1700181168148/work/src/learner.cc:767: 
Parameters: { "device" } are not used.

[02:49:33] WARNING: /home/conda/feedstock_root/build_artifacts/xgboost-split_1700181168148/work/src/learner.cc:767: 
Parameters: { "device" } are not used.

[02:49:33] WARNING: /home/conda/feedstock_root/build_artifacts/xgboost-split_1700181168148/work/src/learner.cc:767: 
Parameters: { "device" } are not used.

params={'n_estimators': 100, 'learning_rate': 0.1, 'max_depth': 6}, cv_accuracy=0.278825
Best params: {'n_estimators': 50, 'learning_rate': 0.05, 'max_depth': 6}
Best CV accuracy: 0.282451
[02:49:33] WARNING: /home/conda/feedstock_root/build_artifacts/xgboost-split_1700181168148/work/src/learner.cc:767: 
Parameters: { "device" } are not used.

accuracy = 0.277043
balanced_accuracy = 0.250029
macro_f1 = 0.192162
weighted_f1 = 0.212268
macro_precision = 0.216461
macro_recall = 0.250029
n_pca = 1
best_cv_accuracy = 0.2824511543004214
best_params = {'n_estimators': 50, 'learning_rate': 0.05, 'max_depth': 6}
Seed: 43
PCA components: 1
Manual XGB grid search
Number of settings: 4
[02:49:45] WARNING: /home/conda/feedstock_root/build_artifacts/xgboost-split_1700181168148/work/src/learner.cc:767: 
Parameters: { "device" } are not used.

[02:49:45] WARNING: /home/conda/feedstock_root/build_artifacts/xgboost-split_1700181168148/work/src/learner.cc:767: 
Parameters: { "device" } are not used.

[02:49:45] WARNING: /home/conda/feedstock_root/build_artifacts/xgboost-split_1700181168148/work/src/learner.cc:767: 
Parameters: { "device" } are not used.

params={'n_estimators': 50, 'learning_rate': 0.05, 'max_depth': 6}, cv_accuracy=0.282701
[02:49:45] WARNING: /home/conda/feedstock_root/build_artifacts/xgboost-split_1700181168148/work/src/learner.cc:767: 
Parameters: { "device" } are not used.

[02:49:46] WARNING: /home/conda/feedstock_root/build_artifacts/xgboost-split_1700181168148/work/src/learner.cc:767: 
Parameters: { "device" } are not used.

[02:49:46] WARNING: /home/conda/feedstock_root/build_artifacts/xgboost-split_1700181168148/work/src/learner.cc:767: 
Parameters: { "device" } are not used.

params={'n_estimators': 50, 'learning_rate': 0.1, 'max_depth': 6}, cv_accuracy=0.281576
[02:49:46] WARNING: /home/conda/feedstock_root/build_artifacts/xgboost-split_1700181168148/work/src/learner.cc:767: 
Parameters: { "device" } are not used.

[02:49:46] WARNING: /home/conda/feedstock_root/build_artifacts/xgboost-split_1700181168148/work/src/learner.cc:767: 
Parameters: { "device" } are not used.

[02:49:46] WARNING: /home/conda/feedstock_root/build_artifacts/xgboost-split_1700181168148/work/src/learner.cc:767: 
Parameters: { "device" } are not used.

params={'n_estimators': 100, 'learning_rate': 0.05, 'max_depth': 6}, cv_accuracy=0.281534
[02:49:47] WARNING: /home/conda/feedstock_root/build_artifacts/xgboost-split_1700181168148/work/src/learner.cc:767: 
Parameters: { "device" } are not used.

[02:49:47] WARNING: /home/conda/feedstock_root/build_artifacts/xgboost-split_1700181168148/work/src/learner.cc:767: 
Parameters: { "device" } are not used.

[02:49:47] WARNING: /home/conda/feedstock_root/build_artifacts/xgboost-split_1700181168148/work/src/learner.cc:767: 
Parameters: { "device" } are not used.

params={'n_estimators': 100, 'learning_rate': 0.1, 'max_depth': 6}, cv_accuracy=0.278199
Best params: {'n_estimators': 50, 'learning_rate': 0.05, 'max_depth': 6}
Best CV accuracy: 0.282701
[02:49:47] WARNING: /home/conda/feedstock_root/build_artifacts/xgboost-split_1700181168148/work/src/learner.cc:767: 
Parameters: { "device" } are not used.

accuracy = 0.287199
balanced_accuracy = 0.251305
macro_f1 = 0.188150
weighted_f1 = 0.214070
macro_precision = 0.205018
macro_recall = 0.251305
n_pca = 1
best_cv_accuracy = 0.28270134713057
best_params = {'n_estimators': 50, 'learning_rate': 0.05, 'max_depth': 6}
Seed: 44
PCA components: 1
Manual XGB grid search
Number of settings: 4
[02:49:59] WARNING: /home/conda/feedstock_root/build_artifacts/xgboost-split_1700181168148/work/src/learner.cc:767: 
Parameters: { "device" } are not used.

[02:49:59] WARNING: /home/conda/feedstock_root/build_artifacts/xgboost-split_1700181168148/work/src/learner.cc:767: 
Parameters: { "device" } are not used.

[02:49:59] WARNING: /home/conda/feedstock_root/build_artifacts/xgboost-split_1700181168148/work/src/learner.cc:767: 
Parameters: { "device" } are not used.

params={'n_estimators': 50, 'learning_rate': 0.05, 'max_depth': 6}, cv_accuracy=0.279325
[02:49:59] WARNING: /home/conda/feedstock_root/build_artifacts/xgboost-split_1700181168148/work/src/learner.cc:767: 
Parameters: { "device" } are not used.

[02:49:59] WARNING: /home/conda/feedstock_root/build_artifacts/xgboost-split_1700181168148/work/src/learner.cc:767: 
Parameters: { "device" } are not used.

[02:49:59] WARNING: /home/conda/feedstock_root/build_artifacts/xgboost-split_1700181168148/work/src/learner.cc:767: 
Parameters: { "device" } are not used.

params={'n_estimators': 50, 'learning_rate': 0.1, 'max_depth': 6}, cv_accuracy=0.277282
[02:50:00] WARNING: /home/conda/feedstock_root/build_artifacts/xgboost-split_1700181168148/work/src/learner.cc:767: 
Parameters: { "device" } are not used.

[02:50:00] WARNING: /home/conda/feedstock_root/build_artifacts/xgboost-split_1700181168148/work/src/learner.cc:767: 
Parameters: { "device" } are not used.

[02:50:00] WARNING: /home/conda/feedstock_root/build_artifacts/xgboost-split_1700181168148/work/src/learner.cc:767: 
Parameters: { "device" } are not used.

params={'n_estimators': 100, 'learning_rate': 0.05, 'max_depth': 6}, cv_accuracy=0.277157
[02:50:00] WARNING: /home/conda/feedstock_root/build_artifacts/xgboost-split_1700181168148/work/src/learner.cc:767: 
Parameters: { "device" } are not used.

[02:50:00] WARNING: /home/conda/feedstock_root/build_artifacts/xgboost-split_1700181168148/work/src/learner.cc:767: 
Parameters: { "device" } are not used.

[02:50:01] WARNING: /home/conda/feedstock_root/build_artifacts/xgboost-split_1700181168148/work/src/learner.cc:767: 
Parameters: { "device" } are not used.

params={'n_estimators': 100, 'learning_rate': 0.1, 'max_depth': 6}, cv_accuracy=0.276824
Best params: {'n_estimators': 50, 'learning_rate': 0.05, 'max_depth': 6}
Best CV accuracy: 0.279325
[02:50:01] WARNING: /home/conda/feedstock_root/build_artifacts/xgboost-split_1700181168148/work/src/learner.cc:767: 
Parameters: { "device" } are not used.

accuracy = 0.280586
balanced_accuracy = 0.248550
macro_f1 = 0.188964
weighted_f1 = 0.211938
macro_precision = 0.269099
macro_recall = 0.248550
n_pca = 1
best_cv_accuracy = 0.2793248203861007
best_params = {'n_estimators': 50, 'learning_rate': 0.05, 'max_depth': 6}
Seed: 45
PCA components: 1
Manual XGB grid search
Number of settings: 4
[02:50:12] WARNING: /home/conda/feedstock_root/build_artifacts/xgboost-split_1700181168148/work/src/learner.cc:767: 
Parameters: { "device" } are not used.

[02:50:13] WARNING: /home/conda/feedstock_root/build_artifacts/xgboost-split_1700181168148/work/src/learner.cc:767: 
Parameters: { "device" } are not used.

[02:50:13] WARNING: /home/conda/feedstock_root/build_artifacts/xgboost-split_1700181168148/work/src/learner.cc:767: 
Parameters: { "device" } are not used.

params={'n_estimators': 50, 'learning_rate': 0.05, 'max_depth': 6}, cv_accuracy=0.279200
[02:50:13] WARNING: /home/conda/feedstock_root/build_artifacts/xgboost-split_1700181168148/work/src/learner.cc:767: 
Parameters: { "device" } are not used.

[02:50:13] WARNING: /home/conda/feedstock_root/build_artifacts/xgboost-split_1700181168148/work/src/learner.cc:767: 
Parameters: { "device" } are not used.

[02:50:13] WARNING: /home/conda/feedstock_root/build_artifacts/xgboost-split_1700181168148/work/src/learner.cc:767: 
Parameters: { "device" } are not used.

params={'n_estimators': 50, 'learning_rate': 0.1, 'max_depth': 6}, cv_accuracy=0.279575
[02:50:13] WARNING: /home/conda/feedstock_root/build_artifacts/xgboost-split_1700181168148/work/src/learner.cc:767: 
Parameters: { "device" } are not used.

[02:50:13] WARNING: /home/conda/feedstock_root/build_artifacts/xgboost-split_1700181168148/work/src/learner.cc:767: 
Parameters: { "device" } are not used.

[02:50:14] WARNING: /home/conda/feedstock_root/build_artifacts/xgboost-split_1700181168148/work/src/learner.cc:767: 
Parameters: { "device" } are not used.

params={'n_estimators': 100, 'learning_rate': 0.05, 'max_depth': 6}, cv_accuracy=0.281618
[02:50:14] WARNING: /home/conda/feedstock_root/build_artifacts/xgboost-split_1700181168148/work/src/learner.cc:767: 
Parameters: { "device" } are not used.

[02:50:14] WARNING: /home/conda/feedstock_root/build_artifacts/xgboost-split_1700181168148/work/src/learner.cc:767: 
Parameters: { "device" } are not used.

[02:50:14] WARNING: /home/conda/feedstock_root/build_artifacts/xgboost-split_1700181168148/work/src/learner.cc:767: 
Parameters: { "device" } are not used.

params={'n_estimators': 100, 'learning_rate': 0.1, 'max_depth': 6}, cv_accuracy=0.280951
Best params: {'n_estimators': 100, 'learning_rate': 0.05, 'max_depth': 6}
Best CV accuracy: 0.281618
[02:50:15] WARNING: /home/conda/feedstock_root/build_artifacts/xgboost-split_1700181168148/work/src/learner.cc:767: 
Parameters: { "device" } are not used.

accuracy = 0.283184
balanced_accuracy = 0.246935
macro_f1 = 0.189360
weighted_f1 = 0.215346
macro_precision = 0.253818
macro_recall = 0.246935
n_pca = 1
best_cv_accuracy = 0.2816177116527085
best_params = {'n_estimators': 100, 'learning_rate': 0.05, 'max_depth': 6}
Seed: 56
PCA components: 1
Manual XGB grid search
Number of settings: 4
[02:50:26] WARNING: /home/conda/feedstock_root/build_artifacts/xgboost-split_1700181168148/work/src/learner.cc:767: 
Parameters: { "device" } are not used.

[02:50:26] WARNING: /home/conda/feedstock_root/build_artifacts/xgboost-split_1700181168148/work/src/learner.cc:767: 
Parameters: { "device" } are not used.

[02:50:27] WARNING: /home/conda/feedstock_root/build_artifacts/xgboost-split_1700181168148/work/src/learner.cc:767: 
Parameters: { "device" } are not used.

params={'n_estimators': 50, 'learning_rate': 0.05, 'max_depth': 6}, cv_accuracy=0.283451
[02:50:27] WARNING: /home/conda/feedstock_root/build_artifacts/xgboost-split_1700181168148/work/src/learner.cc:767: 
Parameters: { "device" } are not used.

[02:50:27] WARNING: /home/conda/feedstock_root/build_artifacts/xgboost-split_1700181168148/work/src/learner.cc:767: 
Parameters: { "device" } are not used.

[02:50:27] WARNING: /home/conda/feedstock_root/build_artifacts/xgboost-split_1700181168148/work/src/learner.cc:767: 
Parameters: { "device" } are not used.

params={'n_estimators': 50, 'learning_rate': 0.1, 'max_depth': 6}, cv_accuracy=0.281742
[02:50:27] WARNING: /home/conda/feedstock_root/build_artifacts/xgboost-split_1700181168148/work/src/learner.cc:767: 
Parameters: { "device" } are not used.

[02:50:27] WARNING: /home/conda/feedstock_root/build_artifacts/xgboost-split_1700181168148/work/src/learner.cc:767: 
Parameters: { "device" } are not used.

[02:50:28] WARNING: /home/conda/feedstock_root/build_artifacts/xgboost-split_1700181168148/work/src/learner.cc:767: 
Parameters: { "device" } are not used.

params={'n_estimators': 100, 'learning_rate': 0.05, 'max_depth': 6}, cv_accuracy=0.282784
[02:50:28] WARNING: /home/conda/feedstock_root/build_artifacts/xgboost-split_1700181168148/work/src/learner.cc:767: 
Parameters: { "device" } are not used.

[02:50:28] WARNING: /home/conda/feedstock_root/build_artifacts/xgboost-split_1700181168148/work/src/learner.cc:767: 
Parameters: { "device" } are not used.

[02:50:28] WARNING: /home/conda/feedstock_root/build_artifacts/xgboost-split_1700181168148/work/src/learner.cc:767: 
Parameters: { "device" } are not used.

params={'n_estimators': 100, 'learning_rate': 0.1, 'max_depth': 6}, cv_accuracy=0.279658
Best params: {'n_estimators': 50, 'learning_rate': 0.05, 'max_depth': 6}
Best CV accuracy: 0.283451
[02:50:29] WARNING: /home/conda/feedstock_root/build_artifacts/xgboost-split_1700181168148/work/src/learner.cc:767: 
Parameters: { "device" } are not used.

accuracy = 0.274209
balanced_accuracy = 0.243584
macro_f1 = 0.181733
weighted_f1 = 0.203762
macro_precision = 0.186660
macro_recall = 0.243584
n_pca = 1
best_cv_accuracy = 0.2834513261382473
best_params = {'n_estimators': 50, 'learning_rate': 0.05, 'max_depth': 6}
==========================================================================================
Saved per-seed results to: results/PEMS07/torch_blis_PEMS07_HOUR_DAY_WEEK_LR_MLP_XGB_W2_L1_2_3_M1_20260708_025029_per_seed.csv
Saved summary results to: results/PEMS07/torch_blis_PEMS07_HOUR_DAY_WEEK_LR_MLP_XGB_W2_L1_2_3_M1_20260708_025029_summary.csv
==========================================================================================
  dataset  task  ... n_pca_mean  best_cv_accuracy_mean
0  PEMS07   DAY  ...        1.0               0.169487
1  PEMS07   DAY  ...        1.0               0.169237
2  PEMS07   DAY  ...        1.0               0.243085
3  PEMS07  HOUR  ...        1.0               0.086878
4  PEMS07  HOUR  ...        1.0               0.237407
5  PEMS07  HOUR  ...        1.0               0.276999
6  PEMS07  WEEK  ...        1.0               0.286403
7  PEMS07  WEEK  ...        1.0               0.286986
8  PEMS07  WEEK  ...        1.0               0.281909

[9 rows x 21 columns]
Finished GPU BLIS W2 Torch classifier run for PEMS07
Date: Wed Jul  8 02:50:29 MDT 2026
