Starting GPU BLIS W2 run for PEMS04
Date: Thu Jul  2 17:15:21 MDT 2026
Working directory: /bsuscratch/desmondboateng/blis
Python: /bsuhome/desmondboateng/miniforge3/envs/blis/bin/python
CUDA_VISIBLE_DEVICES: 1
==========================================================================================
BLIS W2 MOMENTS FROM new_class.py + TORCH CLASSIFICATION
==========================================================================================
Device: cuda
GPU: Tesla V100-PCIE-16GB
==========================================================================================
DATASET: PEMS04
==========================================================================================
A shape: (307, 307)
X shape: (16992, 307, 3)
Saving scattering moments to: data/traffic/PEMS04/processed/blis/W2/largest_scale_4
A shape: (307, 307)
X shape: (16992, 307, 3)
T: 16992
n_nodes: 307
n_features: 3
================================================================================
Computing layer_1
================================================================================
Computing channel 1/3
X_channel shape: (307, 16992)
B shape: (16992, 12, 1, 3)
Computing channel 2/3
X_channel shape: (307, 16992)
B shape: (16992, 12, 1, 3)
Computing channel 3/3
X_channel shape: (307, 16992)
B shape: (16992, 12, 1, 3)
Saved: data/traffic/PEMS04/processed/blis/W2/largest_scale_4/layer_1/moment_1.npy
moment_1 shape: (16992, 12, 3)
Saved: data/traffic/PEMS04/processed/blis/W2/largest_scale_4/layer_1/moment_2.npy
moment_2 shape: (16992, 12, 3)
Saved: data/traffic/PEMS04/processed/blis/W2/largest_scale_4/layer_1/moment_3.npy
moment_3 shape: (16992, 12, 3)
================================================================================
Computing layer_2
================================================================================
Computing channel 1/3
X_channel shape: (307, 16992)
B shape: (16992, 144, 1, 3)
Computing channel 2/3
X_channel shape: (307, 16992)
B shape: (16992, 144, 1, 3)
Computing channel 3/3
X_channel shape: (307, 16992)
B shape: (16992, 144, 1, 3)
Saved: data/traffic/PEMS04/processed/blis/W2/largest_scale_4/layer_2/moment_1.npy
moment_1 shape: (16992, 144, 3)
Saved: data/traffic/PEMS04/processed/blis/W2/largest_scale_4/layer_2/moment_2.npy
moment_2 shape: (16992, 144, 3)
Saved: data/traffic/PEMS04/processed/blis/W2/largest_scale_4/layer_2/moment_3.npy
moment_3 shape: (16992, 144, 3)
================================================================================
Computing layer_3
================================================================================
Computing channel 1/3
X_channel shape: (307, 16992)
B shape: (16992, 1728, 1, 3)
Computing channel 2/3
X_channel shape: (307, 16992)
B shape: (16992, 1728, 1, 3)
Computing channel 3/3
X_channel shape: (307, 16992)
B shape: (16992, 1728, 1, 3)
Saved: data/traffic/PEMS04/processed/blis/W2/largest_scale_4/layer_3/moment_1.npy
moment_1 shape: (16992, 1728, 3)
Saved: data/traffic/PEMS04/processed/blis/W2/largest_scale_4/layer_3/moment_2.npy
moment_2 shape: (16992, 1728, 3)
Saved: data/traffic/PEMS04/processed/blis/W2/largest_scale_4/layer_3/moment_3.npy
moment_3 shape: (16992, 1728, 3)
Finished saving scattering moments.
Loading: data/traffic/PEMS04/processed/blis/W2/largest_scale_4/layer_1/moment_1.npy
Loading: data/traffic/PEMS04/processed/blis/W2/largest_scale_4/layer_2/moment_1.npy
Loading: data/traffic/PEMS04/processed/blis/W2/largest_scale_4/layer_3/moment_1.npy
X_features shape: (16992, 5652)
------------------------------------------------------------------------------------------
TASK: HOUR
------------------------------------------------------------------------------------------
y shape: (16992,)
classes: [ 0  1  2  3  4  5  6  7  8  9 10 11 12 13 14 15 16 17 18 19 20 21 22 23]
------------------------------------------------------------------------------------------
MODEL: LR
------------------------------------------------------------------------------------------
Seed: 42
PCA components: 53
Epoch 1, loss = 7.121008
Epoch 50, loss = 0.803879
Epoch 100, loss = 0.736324
accuracy = 0.693213
balanced_accuracy = 0.694132
macro_f1 = 0.694263
weighted_f1 = 0.693981
macro_precision = 0.697612
macro_recall = 0.694132
n_pca = 53
Seed: 43
PCA components: 53
Epoch 1, loss = 7.047157
Epoch 50, loss = 0.796423
Epoch 100, loss = 0.730807
accuracy = 0.683405
balanced_accuracy = 0.683545
macro_f1 = 0.683634
weighted_f1 = 0.683909
macro_precision = 0.687478
macro_recall = 0.683545
n_pca = 53
Seed: 44
PCA components: 53
Epoch 1, loss = 7.413107
Epoch 50, loss = 0.797344
Epoch 100, loss = 0.733092
accuracy = 0.681444
balanced_accuracy = 0.682426
macro_f1 = 0.681667
weighted_f1 = 0.681319
macro_precision = 0.684994
macro_recall = 0.682426
n_pca = 53
Seed: 45
PCA components: 53
Epoch 1, loss = 7.170661
Epoch 50, loss = 0.798557
Epoch 100, loss = 0.732841
accuracy = 0.688113
balanced_accuracy = 0.684525
macro_f1 = 0.685246
weighted_f1 = 0.688133
macro_precision = 0.688929
macro_recall = 0.684525
n_pca = 53
Seed: 56
PCA components: 53
Epoch 1, loss = 8.205106
Epoch 50, loss = 0.798595
Epoch 100, loss = 0.731674
accuracy = 0.675167
balanced_accuracy = 0.675636
macro_f1 = 0.676146
weighted_f1 = 0.676724
macro_precision = 0.686512
macro_recall = 0.675636
n_pca = 53
------------------------------------------------------------------------------------------
MODEL: SVC
------------------------------------------------------------------------------------------
Seed: 42
PCA components: 53
Epoch 1, loss = 2.349855
Epoch 50, loss = 0.050467
Epoch 100, loss = 0.044747
accuracy = 0.682228
balanced_accuracy = 0.682127
macro_f1 = 0.683144
weighted_f1 = 0.683437
macro_precision = 0.687817
macro_recall = 0.682127
n_pca = 53
Seed: 43
PCA components: 53
Epoch 1, loss = 2.245058
Epoch 50, loss = 0.050197
Epoch 100, loss = 0.044651
accuracy = 0.677913
balanced_accuracy = 0.677568
macro_f1 = 0.678782
weighted_f1 = 0.678898
macro_precision = 0.683814
macro_recall = 0.677568
n_pca = 53
Seed: 44
PCA components: 53
Epoch 1, loss = 2.358016
Epoch 50, loss = 0.050539
Epoch 100, loss = 0.044805
accuracy = 0.682228
balanced_accuracy = 0.682793
macro_f1 = 0.682415
weighted_f1 = 0.682339
macro_precision = 0.686401
macro_recall = 0.682793
n_pca = 53
Seed: 45
PCA components: 53
Epoch 1, loss = 2.319741
Epoch 50, loss = 0.050736
Epoch 100, loss = 0.044931
accuracy = 0.676344
balanced_accuracy = 0.673692
macro_f1 = 0.674664
weighted_f1 = 0.677089
macro_precision = 0.680654
macro_recall = 0.673692
n_pca = 53
Seed: 56
PCA components: 53
Epoch 1, loss = 2.584307
Epoch 50, loss = 0.050069
Epoch 100, loss = 0.044490
accuracy = 0.658297
balanced_accuracy = 0.658927
macro_f1 = 0.659183
weighted_f1 = 0.659568
macro_precision = 0.671250
macro_recall = 0.658927
n_pca = 53
------------------------------------------------------------------------------------------
MODEL: MLP
------------------------------------------------------------------------------------------
Seed: 42
PCA components: 53
Epoch 1, loss = 2.027518
Epoch 50, loss = 0.216911
Epoch 100, loss = 0.097836
accuracy = 0.854060
balanced_accuracy = 0.855149
macro_f1 = 0.855320
weighted_f1 = 0.855051
macro_precision = 0.859047
macro_recall = 0.855149
n_pca = 53
Seed: 43
PCA components: 53
Epoch 1, loss = 2.081711
Epoch 50, loss = 0.209727
Epoch 100, loss = 0.090498
accuracy = 0.852883
balanced_accuracy = 0.851989
macro_f1 = 0.851525
weighted_f1 = 0.852113
macro_precision = 0.856370
macro_recall = 0.851989
n_pca = 53
Seed: 44
PCA components: 53
Epoch 1, loss = 2.055606
Epoch 50, loss = 0.208425
Epoch 100, loss = 0.089606
accuracy = 0.862299
balanced_accuracy = 0.863112
macro_f1 = 0.862476
weighted_f1 = 0.862277
macro_precision = 0.864977
macro_recall = 0.863112
n_pca = 53
Seed: 45
PCA components: 53
Epoch 1, loss = 2.010302
Epoch 50, loss = 0.213193
Epoch 100, loss = 0.090909
accuracy = 0.853276
balanced_accuracy = 0.852865
macro_f1 = 0.852098
weighted_f1 = 0.853075
macro_precision = 0.853842
macro_recall = 0.852865
n_pca = 53
Seed: 56
PCA components: 53
Epoch 1, loss = 2.093484
Epoch 50, loss = 0.217715
Epoch 100, loss = 0.098844
accuracy = 0.857984
balanced_accuracy = 0.858392
macro_f1 = 0.857670
weighted_f1 = 0.857431
macro_precision = 0.859807
macro_recall = 0.858392
n_pca = 53
------------------------------------------------------------------------------------------
MODEL: XGB
------------------------------------------------------------------------------------------
Seed: 42
PCA components: 53
[18:28:23] WARNING: /home/conda/feedstock_root/build_artifacts/xgboost-split_1700181168148/work/src/learner.cc:767: 
Parameters: { "device" } are not used.

accuracy = 0.810906
balanced_accuracy = 0.812380
macro_f1 = 0.812297
weighted_f1 = 0.811573
macro_precision = 0.814849
macro_recall = 0.812380
n_pca = 53
Seed: 43
PCA components: 53
[18:31:07] WARNING: /home/conda/feedstock_root/build_artifacts/xgboost-split_1700181168148/work/src/learner.cc:767: 
Parameters: { "device" } are not used.

accuracy = 0.807375
balanced_accuracy = 0.808759
macro_f1 = 0.807966
weighted_f1 = 0.807739
macro_precision = 0.810419
macro_recall = 0.808759
n_pca = 53
Seed: 44
PCA components: 53
[18:33:47] WARNING: /home/conda/feedstock_root/build_artifacts/xgboost-split_1700181168148/work/src/learner.cc:767: 
Parameters: { "device" } are not used.

accuracy = 0.807768
balanced_accuracy = 0.807095
macro_f1 = 0.807754
weighted_f1 = 0.808408
macro_precision = 0.810362
macro_recall = 0.807095
n_pca = 53
Seed: 45
PCA components: 53
[18:36:30] WARNING: /home/conda/feedstock_root/build_artifacts/xgboost-split_1700181168148/work/src/learner.cc:767: 
Parameters: { "device" } are not used.

accuracy = 0.802275
balanced_accuracy = 0.800616
macro_f1 = 0.801593
weighted_f1 = 0.803461
macro_precision = 0.804231
macro_recall = 0.800616
n_pca = 53
Seed: 56
PCA components: 53
[18:39:15] WARNING: /home/conda/feedstock_root/build_artifacts/xgboost-split_1700181168148/work/src/learner.cc:767: 
Parameters: { "device" } are not used.

accuracy = 0.806983
balanced_accuracy = 0.807480
macro_f1 = 0.808464
weighted_f1 = 0.808257
macro_precision = 0.811641
macro_recall = 0.807480
n_pca = 53
------------------------------------------------------------------------------------------
TASK: DAY
------------------------------------------------------------------------------------------
y shape: (16992,)
classes: [0 1 2 3 4 5 6]
------------------------------------------------------------------------------------------
MODEL: LR
------------------------------------------------------------------------------------------
Seed: 42
PCA components: 53
Epoch 1, loss = 6.850618
Epoch 50, loss = 1.137542
Epoch 100, loss = 1.119814
accuracy = 0.551589
balanced_accuracy = 0.557844
macro_f1 = 0.550849
weighted_f1 = 0.546015
macro_precision = 0.548893
macro_recall = 0.557844
n_pca = 53
Seed: 43
PCA components: 53
Epoch 1, loss = 6.698140
Epoch 50, loss = 1.139272
Epoch 100, loss = 1.122014
accuracy = 0.556297
balanced_accuracy = 0.559215
macro_f1 = 0.553839
weighted_f1 = 0.550820
macro_precision = 0.554852
macro_recall = 0.559215
n_pca = 53
Seed: 44
PCA components: 53
Epoch 1, loss = 6.415998
Epoch 50, loss = 1.143801
Epoch 100, loss = 1.124735
accuracy = 0.544135
balanced_accuracy = 0.551080
macro_f1 = 0.544068
weighted_f1 = 0.538630
macro_precision = 0.542331
macro_recall = 0.551080
n_pca = 53
Seed: 45
PCA components: 53
Epoch 1, loss = 4.735093
Epoch 50, loss = 1.140988
Epoch 100, loss = 1.122953
accuracy = 0.550020
balanced_accuracy = 0.556465
macro_f1 = 0.548119
weighted_f1 = 0.544944
macro_precision = 0.547999
macro_recall = 0.556465
n_pca = 53
Seed: 56
PCA components: 53
Epoch 1, loss = 7.013994
Epoch 50, loss = 1.138129
Epoch 100, loss = 1.119481
accuracy = 0.536681
balanced_accuracy = 0.539884
macro_f1 = 0.534120
weighted_f1 = 0.531609
macro_precision = 0.531496
macro_recall = 0.539884
n_pca = 53
------------------------------------------------------------------------------------------
MODEL: SVC
------------------------------------------------------------------------------------------
Seed: 42
PCA components: 53
Epoch 1, loss = 3.290430
Epoch 50, loss = 0.311996
Epoch 100, loss = 0.305886
accuracy = 0.535112
balanced_accuracy = 0.540683
macro_f1 = 0.536524
weighted_f1 = 0.531840
macro_precision = 0.536546
macro_recall = 0.540683
n_pca = 53
Seed: 43
PCA components: 53
Epoch 1, loss = 2.785486
Epoch 50, loss = 0.310645
Epoch 100, loss = 0.305350
accuracy = 0.542173
balanced_accuracy = 0.544433
macro_f1 = 0.541629
weighted_f1 = 0.538902
macro_precision = 0.543490
macro_recall = 0.544433
n_pca = 53
Seed: 44
PCA components: 53
Epoch 1, loss = 2.668687
Epoch 50, loss = 0.312160
Epoch 100, loss = 0.306292
accuracy = 0.532366
balanced_accuracy = 0.539091
macro_f1 = 0.534942
weighted_f1 = 0.529131
macro_precision = 0.533761
macro_recall = 0.539091
n_pca = 53
Seed: 45
PCA components: 53
Epoch 1, loss = 1.994666
Epoch 50, loss = 0.310927
Epoch 100, loss = 0.305856
accuracy = 0.534719
balanced_accuracy = 0.540816
macro_f1 = 0.535761
weighted_f1 = 0.531720
macro_precision = 0.535419
macro_recall = 0.540816
n_pca = 53
Seed: 56
PCA components: 53
Epoch 1, loss = 3.135545
Epoch 50, loss = 0.312034
Epoch 100, loss = 0.305232
accuracy = 0.519419
balanced_accuracy = 0.522690
macro_f1 = 0.519678
weighted_f1 = 0.516750
macro_precision = 0.518705
macro_recall = 0.522690
n_pca = 53
------------------------------------------------------------------------------------------
MODEL: MLP
------------------------------------------------------------------------------------------
Seed: 42
PCA components: 53
Epoch 1, loss = 1.605038
Epoch 50, loss = 0.097314
Epoch 100, loss = 0.021483
accuracy = 0.938015
balanced_accuracy = 0.938890
macro_f1 = 0.938883
weighted_f1 = 0.938079
macro_precision = 0.939380
macro_recall = 0.938890
n_pca = 53
Seed: 43
PCA components: 53
Epoch 1, loss = 1.612401
Epoch 50, loss = 0.086360
Epoch 100, loss = 0.016330
accuracy = 0.931346
balanced_accuracy = 0.931742
macro_f1 = 0.931555
weighted_f1 = 0.931325
macro_precision = 0.931470
macro_recall = 0.931742
n_pca = 53
Seed: 44
PCA components: 53
Epoch 1, loss = 1.669071
Epoch 50, loss = 0.107209
Epoch 100, loss = 0.023911
accuracy = 0.920753
balanced_accuracy = 0.921784
macro_f1 = 0.922407
weighted_f1 = 0.921120
macro_precision = 0.924191
macro_recall = 0.921784
n_pca = 53
Seed: 45
PCA components: 53
Epoch 1, loss = 1.623571
Epoch 50, loss = 0.097451
Epoch 100, loss = 0.019776
accuracy = 0.928207
balanced_accuracy = 0.928652
macro_f1 = 0.928583
weighted_f1 = 0.928052
macro_precision = 0.928858
macro_recall = 0.928652
n_pca = 53
Seed: 56
PCA components: 53
Epoch 1, loss = 1.596966
Epoch 50, loss = 0.087107
Epoch 100, loss = 0.039225
accuracy = 0.926638
balanced_accuracy = 0.926462
macro_f1 = 0.927604
weighted_f1 = 0.926690
macro_precision = 0.929571
macro_recall = 0.926462
n_pca = 53
------------------------------------------------------------------------------------------
MODEL: XGB
------------------------------------------------------------------------------------------
Seed: 42
PCA components: 53
[19:22:06] WARNING: /home/conda/feedstock_root/build_artifacts/xgboost-split_1700181168148/work/src/learner.cc:767: 
Parameters: { "device" } are not used.

accuracy = 0.827776
balanced_accuracy = 0.828880
macro_f1 = 0.828008
weighted_f1 = 0.827594
macro_precision = 0.828843
macro_recall = 0.828880
n_pca = 53
Seed: 43
PCA components: 53
[19:24:47] WARNING: /home/conda/feedstock_root/build_artifacts/xgboost-split_1700181168148/work/src/learner.cc:767: 
Parameters: { "device" } are not used.

accuracy = 0.843468
balanced_accuracy = 0.844746
macro_f1 = 0.843627
weighted_f1 = 0.843123
macro_precision = 0.843497
macro_recall = 0.844746
n_pca = 53
Seed: 44
PCA components: 53
[19:27:25] WARNING: /home/conda/feedstock_root/build_artifacts/xgboost-split_1700181168148/work/src/learner.cc:767: 
Parameters: { "device" } are not used.

accuracy = 0.830129
balanced_accuracy = 0.832361
macro_f1 = 0.831169
weighted_f1 = 0.829884
macro_precision = 0.832449
macro_recall = 0.832361
n_pca = 53
Seed: 45
PCA components: 53
[19:30:05] WARNING: /home/conda/feedstock_root/build_artifacts/xgboost-split_1700181168148/work/src/learner.cc:767: 
Parameters: { "device" } are not used.

accuracy = 0.847783
balanced_accuracy = 0.849809
macro_f1 = 0.848207
weighted_f1 = 0.847613
macro_precision = 0.848860
macro_recall = 0.849809
n_pca = 53
Seed: 56
PCA components: 53
[19:32:47] WARNING: /home/conda/feedstock_root/build_artifacts/xgboost-split_1700181168148/work/src/learner.cc:767: 
Parameters: { "device" } are not used.

accuracy = 0.834053
balanced_accuracy = 0.835787
macro_f1 = 0.834273
weighted_f1 = 0.833981
macro_precision = 0.834452
macro_recall = 0.835787
n_pca = 53
------------------------------------------------------------------------------------------
TASK: WEEK
------------------------------------------------------------------------------------------
y shape: (16992,)
classes: [0 1 2 3]
------------------------------------------------------------------------------------------
MODEL: LR
------------------------------------------------------------------------------------------
Seed: 42
PCA components: 53
Epoch 1, loss = 5.665823
Epoch 50, loss = 1.182459
Epoch 100, loss = 1.181253
accuracy = 0.479796
balanced_accuracy = 0.473076
macro_f1 = 0.472585
weighted_f1 = 0.476891
macro_precision = 0.474794
macro_recall = 0.473076
n_pca = 53
Seed: 43
PCA components: 53
Epoch 1, loss = 4.613190
Epoch 50, loss = 1.178193
Epoch 100, loss = 1.178684
accuracy = 0.466065
balanced_accuracy = 0.459811
macro_f1 = 0.460233
weighted_f1 = 0.463716
macro_precision = 0.463699
macro_recall = 0.459811
n_pca = 53
Seed: 44
PCA components: 53
Epoch 1, loss = 4.390895
Epoch 50, loss = 1.184146
Epoch 100, loss = 1.182031
accuracy = 0.474304
balanced_accuracy = 0.469513
macro_f1 = 0.468293
weighted_f1 = 0.470530
macro_precision = 0.473031
macro_recall = 0.469513
n_pca = 53
Seed: 45
PCA components: 53
Epoch 1, loss = 4.795042
Epoch 50, loss = 1.179167
Epoch 100, loss = 1.180583
accuracy = 0.468027
balanced_accuracy = 0.464485
macro_f1 = 0.463195
weighted_f1 = 0.465258
macro_precision = 0.465498
macro_recall = 0.464485
n_pca = 53
Seed: 56
PCA components: 53
Epoch 1, loss = 4.998810
Epoch 50, loss = 1.179906
Epoch 100, loss = 1.180639
accuracy = 0.486465
balanced_accuracy = 0.478532
macro_f1 = 0.477588
weighted_f1 = 0.483150
macro_precision = 0.479882
macro_recall = 0.478532
n_pca = 53
------------------------------------------------------------------------------------------
MODEL: SVC
------------------------------------------------------------------------------------------
Seed: 42
PCA components: 53
Epoch 1, loss = 2.933986
Epoch 50, loss = 0.505317
Epoch 100, loss = 0.504315
accuracy = 0.471557
balanced_accuracy = 0.464828
macro_f1 = 0.464354
weighted_f1 = 0.468548
macro_precision = 0.467115
macro_recall = 0.464828
n_pca = 53
Seed: 43
PCA components: 53
Epoch 1, loss = 2.095024
Epoch 50, loss = 0.500754
Epoch 100, loss = 0.500989
accuracy = 0.464888
balanced_accuracy = 0.458019
macro_f1 = 0.458216
weighted_f1 = 0.462455
macro_precision = 0.461465
macro_recall = 0.458019
n_pca = 53
Seed: 44
PCA components: 53
Epoch 1, loss = 2.068898
Epoch 50, loss = 0.505047
Epoch 100, loss = 0.503592
accuracy = 0.469988
balanced_accuracy = 0.465553
macro_f1 = 0.464197
weighted_f1 = 0.466375
macro_precision = 0.468510
macro_recall = 0.465553
n_pca = 53
Seed: 45
PCA components: 53
Epoch 1, loss = 2.181976
Epoch 50, loss = 0.502080
Epoch 100, loss = 0.503278
accuracy = 0.468811
balanced_accuracy = 0.465482
macro_f1 = 0.464504
weighted_f1 = 0.466559
macro_precision = 0.467460
macro_recall = 0.465482
n_pca = 53
Seed: 56
PCA components: 53
Epoch 1, loss = 2.584076
Epoch 50, loss = 0.503192
Epoch 100, loss = 0.503410
accuracy = 0.483327
balanced_accuracy = 0.475295
macro_f1 = 0.474968
weighted_f1 = 0.480733
macro_precision = 0.477214
macro_recall = 0.475295
n_pca = 53
------------------------------------------------------------------------------------------
MODEL: MLP
------------------------------------------------------------------------------------------
Seed: 42
PCA components: 53
Epoch 1, loss = 1.333419
Epoch 50, loss = 0.047535
Epoch 100, loss = 0.016417
accuracy = 0.947038
balanced_accuracy = 0.948219
macro_f1 = 0.947400
weighted_f1 = 0.946986
macro_precision = 0.946741
macro_recall = 0.948219
n_pca = 53
Seed: 43
PCA components: 53
Epoch 1, loss = 1.306467
Epoch 50, loss = 0.039362
Epoch 100, loss = 0.008276
accuracy = 0.939192
balanced_accuracy = 0.940449
macro_f1 = 0.939434
weighted_f1 = 0.939170
macro_precision = 0.938769
macro_recall = 0.940449
n_pca = 53
Seed: 44
PCA components: 53
Epoch 1, loss = 1.320073
Epoch 50, loss = 0.055131
Epoch 100, loss = 0.010711
accuracy = 0.941153
balanced_accuracy = 0.939756
macro_f1 = 0.940879
weighted_f1 = 0.941113
macro_precision = 0.942827
macro_recall = 0.939756
n_pca = 53
Seed: 45
PCA components: 53
Epoch 1, loss = 1.328608
Epoch 50, loss = 0.047928
Epoch 100, loss = 0.007274
accuracy = 0.951353
balanced_accuracy = 0.951357
macro_f1 = 0.951319
weighted_f1 = 0.951343
macro_precision = 0.951496
macro_recall = 0.951357
n_pca = 53
Seed: 56
PCA components: 53
Epoch 1, loss = 1.312706
Epoch 50, loss = 0.050998
Epoch 100, loss = 0.010660
accuracy = 0.933307
balanced_accuracy = 0.933203
macro_f1 = 0.933107
weighted_f1 = 0.933273
macro_precision = 0.933389
macro_recall = 0.933203
n_pca = 53
------------------------------------------------------------------------------------------
MODEL: XGB
------------------------------------------------------------------------------------------
Seed: 42
PCA components: 53
[20:15:33] WARNING: /home/conda/feedstock_root/build_artifacts/xgboost-split_1700181168148/work/src/learner.cc:767: 
Parameters: { "device" } are not used.

accuracy = 0.818752
balanced_accuracy = 0.814876
macro_f1 = 0.817509
weighted_f1 = 0.818434
macro_precision = 0.823449
macro_recall = 0.814876
n_pca = 53
Seed: 43
PCA components: 53
[20:18:13] WARNING: /home/conda/feedstock_root/build_artifacts/xgboost-split_1700181168148/work/src/learner.cc:767: 
Parameters: { "device" } are not used.

accuracy = 0.815222
balanced_accuracy = 0.813637
macro_f1 = 0.815292
weighted_f1 = 0.815264
macro_precision = 0.817668
macro_recall = 0.813637
n_pca = 53
Seed: 44
PCA components: 53
[20:20:50] WARNING: /home/conda/feedstock_root/build_artifacts/xgboost-split_1700181168148/work/src/learner.cc:767: 
Parameters: { "device" } are not used.

accuracy = 0.817576
balanced_accuracy = 0.816090
macro_f1 = 0.817501
weighted_f1 = 0.817640
macro_precision = 0.820329
macro_recall = 0.816090
n_pca = 53
Seed: 45
PCA components: 53
[20:23:30] WARNING: /home/conda/feedstock_root/build_artifacts/xgboost-split_1700181168148/work/src/learner.cc:767: 
Parameters: { "device" } are not used.

accuracy = 0.814045
balanced_accuracy = 0.812908
macro_f1 = 0.813897
weighted_f1 = 0.814114
macro_precision = 0.816663
macro_recall = 0.812908
n_pca = 53
Seed: 56
PCA components: 53
[20:26:11] WARNING: /home/conda/feedstock_root/build_artifacts/xgboost-split_1700181168148/work/src/learner.cc:767: 
Parameters: { "device" } are not used.

accuracy = 0.822676
balanced_accuracy = 0.820581
macro_f1 = 0.822110
weighted_f1 = 0.822734
macro_precision = 0.824661
macro_recall = 0.820581
n_pca = 53
==========================================================================================
Saved per-seed results to: results/PEMS04/torch_blis_PEMS04_HOUR_DAY_WEEK_LR_SVC_MLP_XGB_W2_L1_2_3_M1_20260702_202612_per_seed.csv
Saved summary results to: results/PEMS04/torch_blis_PEMS04_HOUR_DAY_WEEK_LR_SVC_MLP_XGB_W2_L1_2_3_M1_20260702_202612_summary.csv
==========================================================================================
   dataset  task wavelet_type  ...  macro_recall_mean macro_recall_std n_pca_mean
0   PEMS04   DAY           W2  ...           0.552898         0.007068       53.0
1   PEMS04   DAY           W2  ...           0.929506         0.005704       53.0
2   PEMS04   DAY           W2  ...           0.537543         0.007630       53.0
3   PEMS04   DAY           W2  ...           0.838317         0.007802       53.0
4   PEMS04  HOUR           W2  ...           0.684053         0.005926       53.0
5   PEMS04  HOUR           W2  ...           0.856301         0.004062       53.0
6   PEMS04  HOUR           W2  ...           0.675021         0.008697       53.0
7   PEMS04  HOUR           W2  ...           0.807266         0.003813       53.0
8   PEMS04  WEEK           W2  ...           0.469083         0.006520       53.0
9   PEMS04  WEEK           W2  ...           0.942597         0.006470       53.0
10  PEMS04  WEEK           W2  ...           0.465835         0.005510       53.0
11  PEMS04  WEEK           W2  ...           0.815619         0.002708       53.0

[12 rows x 20 columns]
Finished GPU BLIS W2 run for PEMS04
Date: Thu Jul  2 20:26:13 MDT 2026
